[1.386s] Invoking command in '/home/anaase_linux/RM_prac/src/turtlebot3_dqn': PYTHONPATH=/home/anaase_linux/RM_prac/build/turtlebot3_dqn/prefix_override:/usr/lib/python3/dist-packages/colcon_core/task/python/colcon_distutils_commands:/home/anaase_linux/RM_prac/install/turtlebot3_dqn/lib/python3.10/site-packages:${PYTHONPATH} /usr/bin/python3 -W ignore:setup.py install is deprecated -W ignore:easy_install command is deprecated setup.py egg_info --egg-base ../../build/turtlebot3_dqn build --build-base /home/anaase_linux/RM_prac/build/turtlebot3_dqn/build install --record /home/anaase_linux/RM_prac/build/turtlebot3_dqn/install.log --single-version-externally-managed install_data
[1.635s] running egg_info
[1.636s] writing ../../build/turtlebot3_dqn/turtlebot3_dqn.egg-info/PKG-INFO
[1.639s] writing dependency_links to ../../build/turtlebot3_dqn/turtlebot3_dqn.egg-info/dependency_links.txt
[1.640s] writing entry points to ../../build/turtlebot3_dqn/turtlebot3_dqn.egg-info/entry_points.txt
[1.641s] writing requirements to ../../build/turtlebot3_dqn/turtlebot3_dqn.egg-info/requires.txt
[1.641s] writing top-level names to ../../build/turtlebot3_dqn/turtlebot3_dqn.egg-info/top_level.txt
[1.644s] reading manifest file '../../build/turtlebot3_dqn/turtlebot3_dqn.egg-info/SOURCES.txt'
[1.646s] writing manifest file '../../build/turtlebot3_dqn/turtlebot3_dqn.egg-info/SOURCES.txt'
[1.646s] running build
[1.646s] running build_py
[1.649s] running install
[1.649s] running install_lib
[1.652s] running install_data
[1.652s] running install_egg_info
[1.654s] removing '/home/anaase_linux/RM_prac/install/turtlebot3_dqn/lib/python3.10/site-packages/turtlebot3_dqn-1.0.3-py3.10.egg-info' (and everything under it)
[1.654s] Copying ../../build/turtlebot3_dqn/turtlebot3_dqn.egg-info to /home/anaase_linux/RM_prac/install/turtlebot3_dqn/lib/python3.10/site-packages/turtlebot3_dqn-1.0.3-py3.10.egg-info
[1.657s] running install_scripts
[1.681s] Installing action_graph script to /home/anaase_linux/RM_prac/install/turtlebot3_dqn/lib/turtlebot3_dqn
[1.683s] Installing dqn_agent script to /home/anaase_linux/RM_prac/install/turtlebot3_dqn/lib/turtlebot3_dqn
[1.683s] Installing dqn_coppeliasim script to /home/anaase_linux/RM_prac/install/turtlebot3_dqn/lib/turtlebot3_dqn
[1.684s] Installing dqn_environment script to /home/anaase_linux/RM_prac/install/turtlebot3_dqn/lib/turtlebot3_dqn
[1.685s] Installing dqn_gazebo script to /home/anaase_linux/RM_prac/install/turtlebot3_dqn/lib/turtlebot3_dqn
[1.685s] Installing dqn_test script to /home/anaase_linux/RM_prac/install/turtlebot3_dqn/lib/turtlebot3_dqn
[1.685s] Installing result_graph script to /home/anaase_linux/RM_prac/install/turtlebot3_dqn/lib/turtlebot3_dqn
[1.686s] writing list of installed files to '/home/anaase_linux/RM_prac/build/turtlebot3_dqn/install.log'
[1.716s] Invoked command in '/home/anaase_linux/RM_prac/src/turtlebot3_dqn' returned '0': PYTHONPATH=/home/anaase_linux/RM_prac/build/turtlebot3_dqn/prefix_override:/usr/lib/python3/dist-packages/colcon_core/task/python/colcon_distutils_commands:/home/anaase_linux/RM_prac/install/turtlebot3_dqn/lib/python3.10/site-packages:${PYTHONPATH} /usr/bin/python3 -W ignore:setup.py install is deprecated -W ignore:easy_install command is deprecated setup.py egg_info --egg-base ../../build/turtlebot3_dqn build --build-base /home/anaase_linux/RM_prac/build/turtlebot3_dqn/build install --record /home/anaase_linux/RM_prac/build/turtlebot3_dqn/install.log --single-version-externally-managed install_data
