[0.060s] Invoking command in '/home/anaase_linux/RM_prac/build/intro_ros_pkg': CMAKE_PREFIX_PATH=${CMAKE_PREFIX_PATH}:/home/anaase_linux/RM_prac/install/turtlebot3_dqn:/opt/ros/humble /usr/bin/cmake --build /home/anaase_linux/RM_prac/build/intro_ros_pkg -- -j22 -l22
[0.320s] [35m[1mConsolidate compiler generated dependencies of target publisher[0m
[0.320s] [35m[1mConsolidate compiler generated dependencies of target subscriber[0m
[0.321s] [ 50%] Built target publisher
[0.321s] [100%] Built target subscriber
[0.369s] Invoked command in '/home/anaase_linux/RM_prac/build/intro_ros_pkg' returned '0': CMAKE_PREFIX_PATH=${CMAKE_PREFIX_PATH}:/home/anaase_linux/RM_prac/install/turtlebot3_dqn:/opt/ros/humble /usr/bin/cmake --build /home/anaase_linux/RM_prac/build/intro_ros_pkg -- -j22 -l22
[0.372s] Invoking command in '/home/anaase_linux/RM_prac/build/intro_ros_pkg': CMAKE_PREFIX_PATH=${CMAKE_PREFIX_PATH}:/home/anaase_linux/RM_prac/install/turtlebot3_dqn:/opt/ros/humble /usr/bin/cmake --install /home/anaase_linux/RM_prac/build/intro_ros_pkg
[0.403s] -- Install configuration: ""
[0.403s] -- Up-to-date: /home/anaase_linux/RM_prac/install/intro_ros_pkg/lib/intro_ros_pkg/publisher
[0.403s] -- Up-to-date: /home/anaase_linux/RM_prac/install/intro_ros_pkg/lib/intro_ros_pkg/subscriber
[0.403s] -- Up-to-date: /home/anaase_linux/RM_prac/install/intro_ros_pkg/share/intro_ros_pkg//launch
[0.403s] -- Up-to-date: /home/anaase_linux/RM_prac/install/intro_ros_pkg/share/intro_ros_pkg//launch/intro_ros.launch.py
[0.403s] -- Up-to-date: /home/anaase_linux/RM_prac/install/intro_ros_pkg/share/intro_ros_pkg//launch/intro_ros_param.launch.py
[0.403s] -- Up-to-date: /home/anaase_linux/RM_prac/install/intro_ros_pkg/share/intro_ros_pkg//launch/intro_ros_remap.launch.py
[0.403s] -- Up-to-date: /home/anaase_linux/RM_prac/install/intro_ros_pkg/share/ament_index/resource_index/package_run_dependencies/intro_ros_pkg
[0.404s] -- Up-to-date: /home/anaase_linux/RM_prac/install/intro_ros_pkg/share/ament_index/resource_index/parent_prefix_path/intro_ros_pkg
[0.404s] -- Up-to-date: /home/anaase_linux/RM_prac/install/intro_ros_pkg/share/intro_ros_pkg/environment/ament_prefix_path.sh
[0.405s] -- Up-to-date: /home/anaase_linux/RM_prac/install/intro_ros_pkg/share/intro_ros_pkg/environment/ament_prefix_path.dsv
[0.405s] -- Up-to-date: /home/anaase_linux/RM_prac/install/intro_ros_pkg/share/intro_ros_pkg/environment/path.sh
[0.405s] -- Up-to-date: /home/anaase_linux/RM_prac/install/intro_ros_pkg/share/intro_ros_pkg/environment/path.dsv
[0.405s] -- Up-to-date: /home/anaase_linux/RM_prac/install/intro_ros_pkg/share/intro_ros_pkg/local_setup.bash
[0.405s] -- Up-to-date: /home/anaase_linux/RM_prac/install/intro_ros_pkg/share/intro_ros_pkg/local_setup.sh
[0.405s] -- Up-to-date: /home/anaase_linux/RM_prac/install/intro_ros_pkg/share/intro_ros_pkg/local_setup.zsh
[0.406s] -- Up-to-date: /home/anaase_linux/RM_prac/install/intro_ros_pkg/share/intro_ros_pkg/local_setup.dsv
[0.406s] -- Installing: /home/anaase_linux/RM_prac/install/intro_ros_pkg/share/intro_ros_pkg/package.dsv
[0.406s] -- Up-to-date: /home/anaase_linux/RM_prac/install/intro_ros_pkg/share/ament_index/resource_index/packages/intro_ros_pkg
[0.406s] -- Up-to-date: /home/anaase_linux/RM_prac/install/intro_ros_pkg/share/intro_ros_pkg/cmake/intro_ros_pkgConfig.cmake
[0.406s] -- Up-to-date: /home/anaase_linux/RM_prac/install/intro_ros_pkg/share/intro_ros_pkg/cmake/intro_ros_pkgConfig-version.cmake
[0.406s] -- Up-to-date: /home/anaase_linux/RM_prac/install/intro_ros_pkg/share/intro_ros_pkg/package.xml
[0.479s] Invoked command in '/home/anaase_linux/RM_prac/build/intro_ros_pkg' returned '0': CMAKE_PREFIX_PATH=${CMAKE_PREFIX_PATH}:/home/anaase_linux/RM_prac/install/turtlebot3_dqn:/opt/ros/humble /usr/bin/cmake --install /home/anaase_linux/RM_prac/build/intro_ros_pkg
