[0.043s] Invoking command in '/home/anaase_linux/RM_prac/build/maintenance_mode_pkg': CMAKE_PREFIX_PATH=${CMAKE_PREFIX_PATH}:/home/anaase_linux/RM_prac/install/turtlebot3_dqn:/opt/ros/humble /usr/bin/cmake /home/anaase_linux/RM_prac/src/maintenance_mode_pkg -DCMAKE_INSTALL_PREFIX=/home/anaase_linux/RM_prac/install/maintenance_mode_pkg
[0.289s] -- The C compiler identification is GNU 11.4.0
[0.705s] -- The CXX compiler identification is GNU 11.4.0
[0.895s] -- Detecting C compiler ABI info
[1.023s] -- Detecting C compiler ABI info - done
[1.027s] -- Check for working C compiler: /usr/bin/cc - skipped
[1.027s] -- Detecting C compile features
[1.028s] -- Detecting C compile features - done
[1.029s] -- Detecting CXX compiler ABI info
[1.133s] -- Detecting CXX compiler ABI info - done
[1.138s] -- Check for working CXX compiler: /usr/bin/c++ - skipped
[1.138s] -- Detecting CXX compile features
[1.139s] -- Detecting CXX compile features - done
[1.157s] -- Found ament_cmake: 1.3.14 (/opt/ros/humble/share/ament_cmake/cmake)
[1.310s] -- Found Python3: /usr/bin/python3 (found version "3.10.12") found components: Interpreter 
[1.421s] -- Found rclcpp: 16.0.19 (/opt/ros/humble/share/rclcpp/cmake)
[1.601s] -- Found rosidl_generator_c: 3.1.8 (/opt/ros/humble/share/rosidl_generator_c/cmake)
[1.609s] -- Found rosidl_adapter: 3.1.8 (/opt/ros/humble/share/rosidl_adapter/cmake)
[1.621s] -- Found rosidl_generator_cpp: 3.1.8 (/opt/ros/humble/share/rosidl_generator_cpp/cmake)
[1.645s] -- Using all available rosidl_typesupport_c: rosidl_typesupport_fastrtps_c;rosidl_typesupport_introspection_c
[1.669s] -- Using all available rosidl_typesupport_cpp: rosidl_typesupport_fastrtps_cpp;rosidl_typesupport_introspection_cpp
[1.734s] -- Found rmw_implementation_cmake: 6.1.2 (/opt/ros/humble/share/rmw_implementation_cmake/cmake)
[1.739s] -- Found rmw_fastrtps_cpp: 6.2.10 (/opt/ros/humble/share/rmw_fastrtps_cpp/cmake)
[2.362s] -- Found OpenSSL: /usr/lib/x86_64-linux-gnu/libcrypto.so (found version "3.0.2")  
[2.977s] -- Found FastRTPS: /opt/ros/humble/include  
[4.138s] -- Using RMW implementation 'rmw_fastrtps_cpp' as default
[4.143s] -- Looking for pthread.h
[4.238s] -- Looking for pthread.h - found
[4.238s] -- Performing Test CMAKE_HAVE_LIBC_PTHREAD
[4.341s] -- Performing Test CMAKE_HAVE_LIBC_PTHREAD - Success
[4.341s] -- Found Threads: TRUE  
[4.375s] -- Found geometry_msgs: 4.9.1 (/opt/ros/humble/share/geometry_msgs/cmake)
[4.387s] -- Found sensor_msgs: 4.9.1 (/opt/ros/humble/share/sensor_msgs/cmake)
[4.408s] -- Found std_srvs: 4.9.1 (/opt/ros/humble/share/std_srvs/cmake)
[4.425s] -- Found turtlebot3_msgs: 2.4.0 (/opt/ros/humble/share/turtlebot3_msgs/cmake)
[4.466s] -- Found ament_lint_auto: 0.12.15 (/opt/ros/humble/share/ament_lint_auto/cmake)
[4.520s] -- Added test 'cppcheck' to perform static code analysis on C / C++ code
[4.520s] -- Configured cppcheck include dirs: 
[4.520s] -- Configured cppcheck exclude dirs and/or files: 
[4.521s] -- Added test 'lint_cmake' to check CMake code style
[4.522s] -- Added test 'uncrustify' to check C / C++ code style
[4.522s] -- Configured uncrustify additional arguments: 
[4.522s] -- Added test 'xmllint' to check XML markup files
[4.524s] -- Configuring done
[4.534s] -- Generating done
[4.538s] -- Build files have been written to: /home/anaase_linux/RM_prac/build/maintenance_mode_pkg
[4.547s] Invoked command in '/home/anaase_linux/RM_prac/build/maintenance_mode_pkg' returned '0': CMAKE_PREFIX_PATH=${CMAKE_PREFIX_PATH}:/home/anaase_linux/RM_prac/install/turtlebot3_dqn:/opt/ros/humble /usr/bin/cmake /home/anaase_linux/RM_prac/src/maintenance_mode_pkg -DCMAKE_INSTALL_PREFIX=/home/anaase_linux/RM_prac/install/maintenance_mode_pkg
[4.549s] Invoking command in '/home/anaase_linux/RM_prac/build/maintenance_mode_pkg': CMAKE_PREFIX_PATH=${CMAKE_PREFIX_PATH}:/home/anaase_linux/RM_prac/install/turtlebot3_dqn:/opt/ros/humble /usr/bin/cmake --build /home/anaase_linux/RM_prac/build/maintenance_mode_pkg -- -j22 -l22
[4.584s] [ 50%] [32mBuilding CXX object CMakeFiles/maintenance_mode.dir/src/maintenance_mode.cpp.o[0m
[16.921s] [100%] [32m[1mLinking CXX executable maintenance_mode[0m
[17.395s] [100%] Built target maintenance_mode
[17.411s] Invoked command in '/home/anaase_linux/RM_prac/build/maintenance_mode_pkg' returned '0': CMAKE_PREFIX_PATH=${CMAKE_PREFIX_PATH}:/home/anaase_linux/RM_prac/install/turtlebot3_dqn:/opt/ros/humble /usr/bin/cmake --build /home/anaase_linux/RM_prac/build/maintenance_mode_pkg -- -j22 -l22
[17.413s] Invoking command in '/home/anaase_linux/RM_prac/build/maintenance_mode_pkg': CMAKE_PREFIX_PATH=${CMAKE_PREFIX_PATH}:/home/anaase_linux/RM_prac/install/turtlebot3_dqn:/opt/ros/humble /usr/bin/cmake --install /home/anaase_linux/RM_prac/build/maintenance_mode_pkg
[17.419s] -- Install configuration: ""
[17.420s] -- Installing: /home/anaase_linux/RM_prac/install/maintenance_mode_pkg/lib/maintenance_mode_pkg/maintenance_mode
[17.422s] -- Set runtime path of "/home/anaase_linux/RM_prac/install/maintenance_mode_pkg/lib/maintenance_mode_pkg/maintenance_mode" to ""
[17.423s] -- Installing: /home/anaase_linux/RM_prac/install/maintenance_mode_pkg/share/ament_index/resource_index/package_run_dependencies/maintenance_mode_pkg
[17.423s] -- Installing: /home/anaase_linux/RM_prac/install/maintenance_mode_pkg/share/ament_index/resource_index/parent_prefix_path/maintenance_mode_pkg
[17.424s] -- Installing: /home/anaase_linux/RM_prac/install/maintenance_mode_pkg/share/maintenance_mode_pkg/environment/ament_prefix_path.sh
[17.424s] -- Installing: /home/anaase_linux/RM_prac/install/maintenance_mode_pkg/share/maintenance_mode_pkg/environment/ament_prefix_path.dsv
[17.424s] -- Installing: /home/anaase_linux/RM_prac/install/maintenance_mode_pkg/share/maintenance_mode_pkg/environment/path.sh
[17.424s] -- Installing: /home/anaase_linux/RM_prac/install/maintenance_mode_pkg/share/maintenance_mode_pkg/environment/path.dsv
[17.425s] -- Installing: /home/anaase_linux/RM_prac/install/maintenance_mode_pkg/share/maintenance_mode_pkg/local_setup.bash
[17.425s] -- Installing: /home/anaase_linux/RM_prac/install/maintenance_mode_pkg/share/maintenance_mode_pkg/local_setup.sh
[17.425s] -- Installing: /home/anaase_linux/RM_prac/install/maintenance_mode_pkg/share/maintenance_mode_pkg/local_setup.zsh
[17.425s] -- Installing: /home/anaase_linux/RM_prac/install/maintenance_mode_pkg/share/maintenance_mode_pkg/local_setup.dsv
[17.425s] -- Installing: /home/anaase_linux/RM_prac/install/maintenance_mode_pkg/share/maintenance_mode_pkg/package.dsv
[17.426s] -- Installing: /home/anaase_linux/RM_prac/install/maintenance_mode_pkg/share/ament_index/resource_index/packages/maintenance_mode_pkg
[17.426s] -- Installing: /home/anaase_linux/RM_prac/install/maintenance_mode_pkg/share/maintenance_mode_pkg/cmake/maintenance_mode_pkgConfig.cmake
[17.426s] -- Installing: /home/anaase_linux/RM_prac/install/maintenance_mode_pkg/share/maintenance_mode_pkg/cmake/maintenance_mode_pkgConfig-version.cmake
[17.426s] -- Installing: /home/anaase_linux/RM_prac/install/maintenance_mode_pkg/share/maintenance_mode_pkg/package.xml
[17.429s] Invoked command in '/home/anaase_linux/RM_prac/build/maintenance_mode_pkg' returned '0': CMAKE_PREFIX_PATH=${CMAKE_PREFIX_PATH}:/home/anaase_linux/RM_prac/install/turtlebot3_dqn:/opt/ros/humble /usr/bin/cmake --install /home/anaase_linux/RM_prac/build/maintenance_mode_pkg
