[0.104s] Invoking command in '/home/anaase_linux/RM_prac/build/kinematic_control_pkg': CMAKE_PREFIX_PATH=${CMAKE_PREFIX_PATH}:/home/anaase_linux/RM_prac/install/turtlebot3_dqn:/opt/ros/humble /usr/bin/cmake --build /home/anaase_linux/RM_prac/build/kinematic_control_pkg -- -j22 -l22
[0.616s] [  2%] Built target kinematic_control_pkg__cpp
[0.616s] [ 11%] Built target kinematic_control_pkg__rosidl_generator_c
[0.616s] [ 13%] Built target kinematic_control_pkg__rs
[0.616s] [ 13%] Built target ament_cmake_python_copy_kinematic_control_pkg
[0.616s] [ 22%] Built target kinematic_control_pkg__rosidl_typesupport_fastrtps_c
[0.617s] [ 30%] Built target kinematic_control_pkg__rosidl_typesupport_introspection_c
[0.617s] [ 38%] Built target kinematic_control_pkg__rosidl_typesupport_cpp
[0.620s] [ 47%] Built target kinematic_control_pkg__rosidl_typesupport_introspection_cpp
[0.621s] [ 55%] Built target kinematic_control_pkg__rosidl_typesupport_c
[0.621s] [ 63%] Built target kinematic_control_pkg__rosidl_typesupport_fastrtps_cpp
[0.622s] [ 63%] Built target kinematic_control_pkg
[0.622s] [ 69%] Built target infinite_reference_node
[0.622s] [ 75%] Built target controller_odom
[0.622s] [ 77%] Built target kinematic_control_pkg__py
[0.622s] [ 83%] Built target kinematic_control_pkg__rosidl_generator_py
[0.623s] [ 88%] Built target kinematic_control_pkg__rosidl_typesupport_c__pyext
[0.623s] [ 94%] Built target kinematic_control_pkg__rosidl_typesupport_introspection_c__pyext
[0.623s] [100%] Built target kinematic_control_pkg__rosidl_typesupport_fastrtps_c__pyext
[0.674s] running egg_info
[0.676s] writing kinematic_control_pkg.egg-info/PKG-INFO
[0.679s] writing dependency_links to kinematic_control_pkg.egg-info/dependency_links.txt
[0.679s] writing top-level names to kinematic_control_pkg.egg-info/top_level.txt
[0.681s] reading manifest file 'kinematic_control_pkg.egg-info/SOURCES.txt'
[0.682s] writing manifest file 'kinematic_control_pkg.egg-info/SOURCES.txt'
[0.758s] [100%] Built target ament_cmake_python_build_kinematic_control_pkg_egg
[0.933s] Invoked command in '/home/anaase_linux/RM_prac/build/kinematic_control_pkg' returned '0': CMAKE_PREFIX_PATH=${CMAKE_PREFIX_PATH}:/home/anaase_linux/RM_prac/install/turtlebot3_dqn:/opt/ros/humble /usr/bin/cmake --build /home/anaase_linux/RM_prac/build/kinematic_control_pkg -- -j22 -l22
[0.936s] Invoking command in '/home/anaase_linux/RM_prac/build/kinematic_control_pkg': CMAKE_PREFIX_PATH=${CMAKE_PREFIX_PATH}:/home/anaase_linux/RM_prac/install/turtlebot3_dqn:/opt/ros/humble /usr/bin/cmake --install /home/anaase_linux/RM_prac/build/kinematic_control_pkg
[0.972s] -- Install configuration: ""
[0.972s] -- Up-to-date: /home/anaase_linux/RM_prac/install/kinematic_control_pkg/share/ament_index/resource_index/rosidl_interfaces/kinematic_control_pkg
[0.972s] -- Up-to-date: /home/anaase_linux/RM_prac/install/kinematic_control_pkg/include/kinematic_control_pkg/kinematic_control_pkg
[0.972s] -- Up-to-date: /home/anaase_linux/RM_prac/install/kinematic_control_pkg/include/kinematic_control_pkg/kinematic_control_pkg/msg
[0.972s] -- Up-to-date: /home/anaase_linux/RM_prac/install/kinematic_control_pkg/include/kinematic_control_pkg/kinematic_control_pkg/msg/reference.h
[0.972s] -- Up-to-date: /home/anaase_linux/RM_prac/install/kinematic_control_pkg/include/kinematic_control_pkg/kinematic_control_pkg/msg/rosidl_generator_c__visibility_control.h
[0.972s] -- Up-to-date: /home/anaase_linux/RM_prac/install/kinematic_control_pkg/include/kinematic_control_pkg/kinematic_control_pkg/msg/detail
[0.972s] -- Up-to-date: /home/anaase_linux/RM_prac/install/kinematic_control_pkg/include/kinematic_control_pkg/kinematic_control_pkg/msg/detail/reference__struct.h
[0.972s] -- Up-to-date: /home/anaase_linux/RM_prac/install/kinematic_control_pkg/include/kinematic_control_pkg/kinematic_control_pkg/msg/detail/reference__functions.h
[0.972s] -- Up-to-date: /home/anaase_linux/RM_prac/install/kinematic_control_pkg/include/kinematic_control_pkg/kinematic_control_pkg/msg/detail/reference__type_support.h
[0.972s] -- Up-to-date: /home/anaase_linux/RM_prac/install/kinematic_control_pkg/include/kinematic_control_pkg/kinematic_control_pkg/msg/detail/reference__functions.c
[0.972s] -- Up-to-date: /home/anaase_linux/RM_prac/install/kinematic_control_pkg/share/kinematic_control_pkg/environment/library_path.sh
[0.972s] -- Up-to-date: /home/anaase_linux/RM_prac/install/kinematic_control_pkg/share/kinematic_control_pkg/environment/library_path.dsv
[0.972s] -- Up-to-date: /home/anaase_linux/RM_prac/install/kinematic_control_pkg/lib/libkinematic_control_pkg__rosidl_generator_c.so
[0.972s] -- Up-to-date: /home/anaase_linux/RM_prac/install/kinematic_control_pkg/include/kinematic_control_pkg/kinematic_control_pkg
[0.972s] -- Up-to-date: /home/anaase_linux/RM_prac/install/kinematic_control_pkg/include/kinematic_control_pkg/kinematic_control_pkg/msg
[0.972s] -- Up-to-date: /home/anaase_linux/RM_prac/install/kinematic_control_pkg/include/kinematic_control_pkg/kinematic_control_pkg/msg/detail
[0.972s] -- Up-to-date: /home/anaase_linux/RM_prac/install/kinematic_control_pkg/include/kinematic_control_pkg/kinematic_control_pkg/msg/detail/reference__rosidl_typesupport_fastrtps_c.h
[0.973s] -- Up-to-date: /home/anaase_linux/RM_prac/install/kinematic_control_pkg/include/kinematic_control_pkg/kinematic_control_pkg/msg/rosidl_typesupport_fastrtps_c__visibility_control.h
[0.973s] -- Up-to-date: /home/anaase_linux/RM_prac/install/kinematic_control_pkg/lib/libkinematic_control_pkg__rosidl_typesupport_fastrtps_c.so
[0.973s] -- Up-to-date: /home/anaase_linux/RM_prac/install/kinematic_control_pkg/include/kinematic_control_pkg/kinematic_control_pkg
[0.973s] -- Up-to-date: /home/anaase_linux/RM_prac/install/kinematic_control_pkg/include/kinematic_control_pkg/kinematic_control_pkg/msg
[0.973s] -- Up-to-date: /home/anaase_linux/RM_prac/install/kinematic_control_pkg/include/kinematic_control_pkg/kinematic_control_pkg/msg/rosidl_generator_cpp__visibility_control.hpp
[0.973s] -- Up-to-date: /home/anaase_linux/RM_prac/install/kinematic_control_pkg/include/kinematic_control_pkg/kinematic_control_pkg/msg/detail
[0.973s] -- Up-to-date: /home/anaase_linux/RM_prac/install/kinematic_control_pkg/include/kinematic_control_pkg/kinematic_control_pkg/msg/detail/reference__builder.hpp
[0.973s] -- Up-to-date: /home/anaase_linux/RM_prac/install/kinematic_control_pkg/include/kinematic_control_pkg/kinematic_control_pkg/msg/detail/reference__traits.hpp
[0.973s] -- Up-to-date: /home/anaase_linux/RM_prac/install/kinematic_control_pkg/include/kinematic_control_pkg/kinematic_control_pkg/msg/detail/reference__struct.hpp
[0.973s] -- Up-to-date: /home/anaase_linux/RM_prac/install/kinematic_control_pkg/include/kinematic_control_pkg/kinematic_control_pkg/msg/detail/reference__type_support.hpp
[0.973s] -- Up-to-date: /home/anaase_linux/RM_prac/install/kinematic_control_pkg/include/kinematic_control_pkg/kinematic_control_pkg/msg/reference.hpp
[0.973s] -- Up-to-date: /home/anaase_linux/RM_prac/install/kinematic_control_pkg/include/kinematic_control_pkg/kinematic_control_pkg
[0.973s] -- Up-to-date: /home/anaase_linux/RM_prac/install/kinematic_control_pkg/include/kinematic_control_pkg/kinematic_control_pkg/msg
[0.973s] -- Up-to-date: /home/anaase_linux/RM_prac/install/kinematic_control_pkg/include/kinematic_control_pkg/kinematic_control_pkg/msg/rosidl_typesupport_fastrtps_cpp__visibility_control.h
[0.973s] -- Up-to-date: /home/anaase_linux/RM_prac/install/kinematic_control_pkg/include/kinematic_control_pkg/kinematic_control_pkg/msg/detail
[0.973s] -- Up-to-date: /home/anaase_linux/RM_prac/install/kinematic_control_pkg/include/kinematic_control_pkg/kinematic_control_pkg/msg/detail/reference__rosidl_typesupport_fastrtps_cpp.hpp
[0.973s] -- Up-to-date: /home/anaase_linux/RM_prac/install/kinematic_control_pkg/include/kinematic_control_pkg/kinematic_control_pkg/msg/detail/dds_fastrtps
[0.973s] -- Up-to-date: /home/anaase_linux/RM_prac/install/kinematic_control_pkg/lib/libkinematic_control_pkg__rosidl_typesupport_fastrtps_cpp.so
[0.973s] -- Up-to-date: /home/anaase_linux/RM_prac/install/kinematic_control_pkg/include/kinematic_control_pkg/kinematic_control_pkg
[0.974s] -- Up-to-date: /home/anaase_linux/RM_prac/install/kinematic_control_pkg/include/kinematic_control_pkg/kinematic_control_pkg/msg
[0.974s] -- Up-to-date: /home/anaase_linux/RM_prac/install/kinematic_control_pkg/include/kinematic_control_pkg/kinematic_control_pkg/msg/rosidl_typesupport_introspection_c__visibility_control.h
[0.974s] -- Up-to-date: /home/anaase_linux/RM_prac/install/kinematic_control_pkg/include/kinematic_control_pkg/kinematic_control_pkg/msg/detail
[0.974s] -- Up-to-date: /home/anaase_linux/RM_prac/install/kinematic_control_pkg/include/kinematic_control_pkg/kinematic_control_pkg/msg/detail/reference__rosidl_typesupport_introspection_c.h
[0.974s] -- Up-to-date: /home/anaase_linux/RM_prac/install/kinematic_control_pkg/include/kinematic_control_pkg/kinematic_control_pkg/msg/detail/reference__type_support.c
[0.974s] -- Up-to-date: /home/anaase_linux/RM_prac/install/kinematic_control_pkg/lib/libkinematic_control_pkg__rosidl_typesupport_introspection_c.so
[0.974s] -- Up-to-date: /home/anaase_linux/RM_prac/install/kinematic_control_pkg/lib/libkinematic_control_pkg__rosidl_typesupport_c.so
[0.974s] -- Up-to-date: /home/anaase_linux/RM_prac/install/kinematic_control_pkg/include/kinematic_control_pkg/kinematic_control_pkg
[0.974s] -- Up-to-date: /home/anaase_linux/RM_prac/install/kinematic_control_pkg/include/kinematic_control_pkg/kinematic_control_pkg/msg
[0.974s] -- Up-to-date: /home/anaase_linux/RM_prac/install/kinematic_control_pkg/include/kinematic_control_pkg/kinematic_control_pkg/msg/detail
[0.974s] -- Up-to-date: /home/anaase_linux/RM_prac/install/kinematic_control_pkg/include/kinematic_control_pkg/kinematic_control_pkg/msg/detail/reference__rosidl_typesupport_introspection_cpp.hpp
[0.974s] -- Up-to-date: /home/anaase_linux/RM_prac/install/kinematic_control_pkg/include/kinematic_control_pkg/kinematic_control_pkg/msg/detail/reference__type_support.cpp
[0.974s] -- Up-to-date: /home/anaase_linux/RM_prac/install/kinematic_control_pkg/lib/libkinematic_control_pkg__rosidl_typesupport_introspection_cpp.so
[0.974s] -- Up-to-date: /home/anaase_linux/RM_prac/install/kinematic_control_pkg/lib/libkinematic_control_pkg__rosidl_typesupport_cpp.so
[0.974s] -- Up-to-date: /home/anaase_linux/RM_prac/install/kinematic_control_pkg/share/kinematic_control_pkg/environment/pythonpath.sh
[0.974s] -- Up-to-date: /home/anaase_linux/RM_prac/install/kinematic_control_pkg/share/kinematic_control_pkg/environment/pythonpath.dsv
[0.974s] -- Up-to-date: /home/anaase_linux/RM_prac/install/kinematic_control_pkg/local/lib/python3.10/dist-packages/kinematic_control_pkg-0.0.0-py3.10.egg-info
[0.974s] -- Installing: /home/anaase_linux/RM_prac/install/kinematic_control_pkg/local/lib/python3.10/dist-packages/kinematic_control_pkg-0.0.0-py3.10.egg-info/top_level.txt
[0.974s] -- Installing: /home/anaase_linux/RM_prac/install/kinematic_control_pkg/local/lib/python3.10/dist-packages/kinematic_control_pkg-0.0.0-py3.10.egg-info/PKG-INFO
[0.974s] -- Installing: /home/anaase_linux/RM_prac/install/kinematic_control_pkg/local/lib/python3.10/dist-packages/kinematic_control_pkg-0.0.0-py3.10.egg-info/SOURCES.txt
[0.974s] -- Installing: /home/anaase_linux/RM_prac/install/kinematic_control_pkg/local/lib/python3.10/dist-packages/kinematic_control_pkg-0.0.0-py3.10.egg-info/dependency_links.txt
[0.974s] -- Up-to-date: /home/anaase_linux/RM_prac/install/kinematic_control_pkg/local/lib/python3.10/dist-packages/kinematic_control_pkg
[0.974s] -- Up-to-date: /home/anaase_linux/RM_prac/install/kinematic_control_pkg/local/lib/python3.10/dist-packages/kinematic_control_pkg/libkinematic_control_pkg__rosidl_generator_py.so
[0.974s] -- Up-to-date: /home/anaase_linux/RM_prac/install/kinematic_control_pkg/local/lib/python3.10/dist-packages/kinematic_control_pkg/__init__.py
[0.975s] -- Up-to-date: /home/anaase_linux/RM_prac/install/kinematic_control_pkg/local/lib/python3.10/dist-packages/kinematic_control_pkg/_kinematic_control_pkg_s.ep.rosidl_typesupport_fastrtps_c.c
[0.975s] -- Up-to-date: /home/anaase_linux/RM_prac/install/kinematic_control_pkg/local/lib/python3.10/dist-packages/kinematic_control_pkg/_kinematic_control_pkg_s.ep.rosidl_typesupport_introspection_c.c
[0.975s] -- Up-to-date: /home/anaase_linux/RM_prac/install/kinematic_control_pkg/local/lib/python3.10/dist-packages/kinematic_control_pkg/_kinematic_control_pkg_s.ep.rosidl_typesupport_c.c
[0.975s] -- Up-to-date: /home/anaase_linux/RM_prac/install/kinematic_control_pkg/local/lib/python3.10/dist-packages/kinematic_control_pkg/kinematic_control_pkg_s__rosidl_typesupport_c.cpython-310-x86_64-linux-gnu.so
[0.975s] -- Up-to-date: /home/anaase_linux/RM_prac/install/kinematic_control_pkg/local/lib/python3.10/dist-packages/kinematic_control_pkg/kinematic_control_pkg_s__rosidl_typesupport_introspection_c.cpython-310-x86_64-linux-gnu.so
[0.975s] -- Up-to-date: /home/anaase_linux/RM_prac/install/kinematic_control_pkg/local/lib/python3.10/dist-packages/kinematic_control_pkg/msg
[0.975s] -- Up-to-date: /home/anaase_linux/RM_prac/install/kinematic_control_pkg/local/lib/python3.10/dist-packages/kinematic_control_pkg/msg/__init__.py
[0.975s] -- Up-to-date: /home/anaase_linux/RM_prac/install/kinematic_control_pkg/local/lib/python3.10/dist-packages/kinematic_control_pkg/msg/_reference_s.c
[0.975s] -- Up-to-date: /home/anaase_linux/RM_prac/install/kinematic_control_pkg/local/lib/python3.10/dist-packages/kinematic_control_pkg/msg/_reference.py
[0.975s] -- Up-to-date: /home/anaase_linux/RM_prac/install/kinematic_control_pkg/local/lib/python3.10/dist-packages/kinematic_control_pkg/kinematic_control_pkg_s__rosidl_typesupport_fastrtps_c.cpython-310-x86_64-linux-gnu.so
[1.014s] Listing '/home/anaase_linux/RM_prac/install/kinematic_control_pkg/local/lib/python3.10/dist-packages/kinematic_control_pkg'...
[1.015s] Listing '/home/anaase_linux/RM_prac/install/kinematic_control_pkg/local/lib/python3.10/dist-packages/kinematic_control_pkg/msg'...
[1.020s] -- Up-to-date: /home/anaase_linux/RM_prac/install/kinematic_control_pkg/local/lib/python3.10/dist-packages/kinematic_control_pkg/kinematic_control_pkg_s__rosidl_typesupport_fastrtps_c.cpython-310-x86_64-linux-gnu.so
[1.022s] -- Up-to-date: /home/anaase_linux/RM_prac/install/kinematic_control_pkg/local/lib/python3.10/dist-packages/kinematic_control_pkg/kinematic_control_pkg_s__rosidl_typesupport_introspection_c.cpython-310-x86_64-linux-gnu.so
[1.022s] -- Up-to-date: /home/anaase_linux/RM_prac/install/kinematic_control_pkg/local/lib/python3.10/dist-packages/kinematic_control_pkg/kinematic_control_pkg_s__rosidl_typesupport_c.cpython-310-x86_64-linux-gnu.so
[1.024s] -- Up-to-date: /home/anaase_linux/RM_prac/install/kinematic_control_pkg/lib/libkinematic_control_pkg__rosidl_generator_py.so
[1.024s] -- Up-to-date: /home/anaase_linux/RM_prac/install/kinematic_control_pkg/share/ament_index/resource_index/rust_packages/kinematic_control_pkg
[1.024s] -- Up-to-date: /home/anaase_linux/RM_prac/install/kinematic_control_pkg/share/kinematic_control_pkg/rust
[1.024s] -- Up-to-date: /home/anaase_linux/RM_prac/install/kinematic_control_pkg/share/kinematic_control_pkg/rust/src
[1.025s] -- Up-to-date: /home/anaase_linux/RM_prac/install/kinematic_control_pkg/share/kinematic_control_pkg/rust/src/lib.rs
[1.025s] -- Up-to-date: /home/anaase_linux/RM_prac/install/kinematic_control_pkg/share/kinematic_control_pkg/rust/src/msg.rs
[1.025s] -- Up-to-date: /home/anaase_linux/RM_prac/install/kinematic_control_pkg/share/kinematic_control_pkg/rust/src/msg
[1.026s] -- Up-to-date: /home/anaase_linux/RM_prac/install/kinematic_control_pkg/share/kinematic_control_pkg/rust/src/msg/rmw.rs
[1.026s] -- Up-to-date: /home/anaase_linux/RM_prac/install/kinematic_control_pkg/share/kinematic_control_pkg/rust/Cargo.toml
[1.026s] -- Up-to-date: /home/anaase_linux/RM_prac/install/kinematic_control_pkg/share/kinematic_control_pkg/rust/build.rs
[1.026s] -- Up-to-date: /home/anaase_linux/RM_prac/install/kinematic_control_pkg/share/kinematic_control_pkg/msg/Reference.idl
[1.027s] -- Up-to-date: /home/anaase_linux/RM_prac/install/kinematic_control_pkg/share/kinematic_control_pkg/msg/Reference.msg
[1.028s] -- Up-to-date: /home/anaase_linux/RM_prac/install/kinematic_control_pkg/lib/kinematic_control_pkg/controller_odom
[1.029s] -- Up-to-date: /home/anaase_linux/RM_prac/install/kinematic_control_pkg/lib/kinematic_control_pkg/infinite_reference_node
[1.031s] -- Up-to-date: /home/anaase_linux/RM_prac/install/kinematic_control_pkg/share/kinematic_control_pkg/msg
[1.031s] -- Up-to-date: /home/anaase_linux/RM_prac/install/kinematic_control_pkg/share/kinematic_control_pkg/msg/Reference.msg
[1.031s] -- Up-to-date: /home/anaase_linux/RM_prac/install/kinematic_control_pkg/share/kinematic_control_pkg/launch
[1.032s] -- Up-to-date: /home/anaase_linux/RM_prac/install/kinematic_control_pkg/share/kinematic_control_pkg/launch/kinematic_controller.launch.py
[1.032s] -- Up-to-date: /home/anaase_linux/RM_prac/install/kinematic_control_pkg/share/kinematic_control_pkg/launch/rviz2.launch.py
[1.032s] -- Up-to-date: /home/anaase_linux/RM_prac/install/kinematic_control_pkg/share/kinematic_control_pkg/rviz
[1.032s] -- Up-to-date: /home/anaase_linux/RM_prac/install/kinematic_control_pkg/share/kinematic_control_pkg/rviz/tb3_rviz2.rviz
[1.032s] -- Up-to-date: /home/anaase_linux/RM_prac/install/kinematic_control_pkg/share/ament_index/resource_index/package_run_dependencies/kinematic_control_pkg
[1.033s] -- Up-to-date: /home/anaase_linux/RM_prac/install/kinematic_control_pkg/share/ament_index/resource_index/parent_prefix_path/kinematic_control_pkg
[1.033s] -- Up-to-date: /home/anaase_linux/RM_prac/install/kinematic_control_pkg/share/kinematic_control_pkg/environment/ament_prefix_path.sh
[1.033s] -- Up-to-date: /home/anaase_linux/RM_prac/install/kinematic_control_pkg/share/kinematic_control_pkg/environment/ament_prefix_path.dsv
[1.033s] -- Up-to-date: /home/anaase_linux/RM_prac/install/kinematic_control_pkg/share/kinematic_control_pkg/environment/path.sh
[1.034s] -- Up-to-date: /home/anaase_linux/RM_prac/install/kinematic_control_pkg/share/kinematic_control_pkg/environment/path.dsv
[1.034s] -- Up-to-date: /home/anaase_linux/RM_prac/install/kinematic_control_pkg/share/kinematic_control_pkg/local_setup.bash
[1.034s] -- Up-to-date: /home/anaase_linux/RM_prac/install/kinematic_control_pkg/share/kinematic_control_pkg/local_setup.sh
[1.034s] -- Up-to-date: /home/anaase_linux/RM_prac/install/kinematic_control_pkg/share/kinematic_control_pkg/local_setup.zsh
[1.034s] -- Up-to-date: /home/anaase_linux/RM_prac/install/kinematic_control_pkg/share/kinematic_control_pkg/local_setup.dsv
[1.034s] -- Installing: /home/anaase_linux/RM_prac/install/kinematic_control_pkg/share/kinematic_control_pkg/package.dsv
[1.038s] -- Up-to-date: /home/anaase_linux/RM_prac/install/kinematic_control_pkg/share/ament_index/resource_index/packages/kinematic_control_pkg
[1.038s] -- Up-to-date: /home/anaase_linux/RM_prac/install/kinematic_control_pkg/share/kinematic_control_pkg/cmake/export_kinematic_control_pkg__rosidl_generator_cExport.cmake
[1.038s] -- Up-to-date: /home/anaase_linux/RM_prac/install/kinematic_control_pkg/share/kinematic_control_pkg/cmake/export_kinematic_control_pkg__rosidl_generator_cExport-noconfig.cmake
[1.038s] -- Up-to-date: /home/anaase_linux/RM_prac/install/kinematic_control_pkg/share/kinematic_control_pkg/cmake/export_kinematic_control_pkg__rosidl_typesupport_fastrtps_cExport.cmake
[1.039s] -- Up-to-date: /home/anaase_linux/RM_prac/install/kinematic_control_pkg/share/kinematic_control_pkg/cmake/export_kinematic_control_pkg__rosidl_typesupport_fastrtps_cExport-noconfig.cmake
[1.039s] -- Up-to-date: /home/anaase_linux/RM_prac/install/kinematic_control_pkg/share/kinematic_control_pkg/cmake/export_kinematic_control_pkg__rosidl_generator_cppExport.cmake
[1.040s] -- Up-to-date: /home/anaase_linux/RM_prac/install/kinematic_control_pkg/share/kinematic_control_pkg/cmake/export_kinematic_control_pkg__rosidl_typesupport_fastrtps_cppExport.cmake
[1.040s] -- Up-to-date: /home/anaase_linux/RM_prac/install/kinematic_control_pkg/share/kinematic_control_pkg/cmake/export_kinematic_control_pkg__rosidl_typesupport_fastrtps_cppExport-noconfig.cmake
[1.040s] -- Up-to-date: /home/anaase_linux/RM_prac/install/kinematic_control_pkg/share/kinematic_control_pkg/cmake/kinematic_control_pkg__rosidl_typesupport_introspection_cExport.cmake
[1.041s] -- Up-to-date: /home/anaase_linux/RM_prac/install/kinematic_control_pkg/share/kinematic_control_pkg/cmake/kinematic_control_pkg__rosidl_typesupport_introspection_cExport-noconfig.cmake
[1.041s] -- Up-to-date: /home/anaase_linux/RM_prac/install/kinematic_control_pkg/share/kinematic_control_pkg/cmake/kinematic_control_pkg__rosidl_typesupport_cExport.cmake
[1.041s] -- Up-to-date: /home/anaase_linux/RM_prac/install/kinematic_control_pkg/share/kinematic_control_pkg/cmake/kinematic_control_pkg__rosidl_typesupport_cExport-noconfig.cmake
[1.042s] -- Up-to-date: /home/anaase_linux/RM_prac/install/kinematic_control_pkg/share/kinematic_control_pkg/cmake/kinematic_control_pkg__rosidl_typesupport_introspection_cppExport.cmake
[1.042s] -- Up-to-date: /home/anaase_linux/RM_prac/install/kinematic_control_pkg/share/kinematic_control_pkg/cmake/kinematic_control_pkg__rosidl_typesupport_introspection_cppExport-noconfig.cmake
[1.043s] -- Up-to-date: /home/anaase_linux/RM_prac/install/kinematic_control_pkg/share/kinematic_control_pkg/cmake/kinematic_control_pkg__rosidl_typesupport_cppExport.cmake
[1.043s] -- Up-to-date: /home/anaase_linux/RM_prac/install/kinematic_control_pkg/share/kinematic_control_pkg/cmake/kinematic_control_pkg__rosidl_typesupport_cppExport-noconfig.cmake
[1.044s] -- Up-to-date: /home/anaase_linux/RM_prac/install/kinematic_control_pkg/share/kinematic_control_pkg/cmake/export_kinematic_control_pkg__rosidl_generator_pyExport.cmake
[1.044s] -- Up-to-date: /home/anaase_linux/RM_prac/install/kinematic_control_pkg/share/kinematic_control_pkg/cmake/export_kinematic_control_pkg__rosidl_generator_pyExport-noconfig.cmake
[1.044s] -- Up-to-date: /home/anaase_linux/RM_prac/install/kinematic_control_pkg/share/kinematic_control_pkg/cmake/rosidl_cmake-extras.cmake
[1.044s] -- Up-to-date: /home/anaase_linux/RM_prac/install/kinematic_control_pkg/share/kinematic_control_pkg/cmake/ament_cmake_export_dependencies-extras.cmake
[1.044s] -- Up-to-date: /home/anaase_linux/RM_prac/install/kinematic_control_pkg/share/kinematic_control_pkg/cmake/ament_cmake_export_include_directories-extras.cmake
[1.044s] -- Up-to-date: /home/anaase_linux/RM_prac/install/kinematic_control_pkg/share/kinematic_control_pkg/cmake/ament_cmake_export_libraries-extras.cmake
[1.044s] -- Up-to-date: /home/anaase_linux/RM_prac/install/kinematic_control_pkg/share/kinematic_control_pkg/cmake/ament_cmake_export_targets-extras.cmake
[1.044s] -- Up-to-date: /home/anaase_linux/RM_prac/install/kinematic_control_pkg/share/kinematic_control_pkg/cmake/rosidl_cmake_export_typesupport_targets-extras.cmake
[1.044s] -- Up-to-date: /home/anaase_linux/RM_prac/install/kinematic_control_pkg/share/kinematic_control_pkg/cmake/rosidl_cmake_export_typesupport_libraries-extras.cmake
[1.045s] -- Up-to-date: /home/anaase_linux/RM_prac/install/kinematic_control_pkg/share/kinematic_control_pkg/cmake/kinematic_control_pkgConfig.cmake
[1.045s] -- Up-to-date: /home/anaase_linux/RM_prac/install/kinematic_control_pkg/share/kinematic_control_pkg/cmake/kinematic_control_pkgConfig-version.cmake
[1.045s] -- Up-to-date: /home/anaase_linux/RM_prac/install/kinematic_control_pkg/share/kinematic_control_pkg/package.xml
[1.048s] Invoked command in '/home/anaase_linux/RM_prac/build/kinematic_control_pkg' returned '0': CMAKE_PREFIX_PATH=${CMAKE_PREFIX_PATH}:/home/anaase_linux/RM_prac/install/turtlebot3_dqn:/opt/ros/humble /usr/bin/cmake --install /home/anaase_linux/RM_prac/build/kinematic_control_pkg
