[0.050s] Invoking command in '/home/anaase_linux/RM_prac/build/transformations_pkg': CMAKE_PREFIX_PATH=${CMAKE_PREFIX_PATH}:/home/anaase_linux/RM_prac/install/turtlebot3_dqn:/opt/ros/humble /usr/bin/cmake --build /home/anaase_linux/RM_prac/build/transformations_pkg -- -j22 -l22
[0.293s] [100%] Built target transform_listener
[0.346s] Invoked command in '/home/anaase_linux/RM_prac/build/transformations_pkg' returned '0': CMAKE_PREFIX_PATH=${CMAKE_PREFIX_PATH}:/home/anaase_linux/RM_prac/install/turtlebot3_dqn:/opt/ros/humble /usr/bin/cmake --build /home/anaase_linux/RM_prac/build/transformations_pkg -- -j22 -l22
[0.347s] Invoking command in '/home/anaase_linux/RM_prac/build/transformations_pkg': CMAKE_PREFIX_PATH=${CMAKE_PREFIX_PATH}:/home/anaase_linux/RM_prac/install/turtlebot3_dqn:/opt/ros/humble /usr/bin/cmake --install /home/anaase_linux/RM_prac/build/transformations_pkg
[0.357s] -- Install configuration: ""
[0.357s] -- Up-to-date: /home/anaase_linux/RM_prac/install/transformations_pkg/lib/transformations_pkg/transform_listener
[0.357s] -- Up-to-date: /home/anaase_linux/RM_prac/install/transformations_pkg/share/ament_index/resource_index/package_run_dependencies/transformations_pkg
[0.357s] -- Up-to-date: /home/anaase_linux/RM_prac/install/transformations_pkg/share/ament_index/resource_index/parent_prefix_path/transformations_pkg
[0.357s] -- Up-to-date: /home/anaase_linux/RM_prac/install/transformations_pkg/share/transformations_pkg/environment/ament_prefix_path.sh
[0.357s] -- Up-to-date: /home/anaase_linux/RM_prac/install/transformations_pkg/share/transformations_pkg/environment/ament_prefix_path.dsv
[0.357s] -- Up-to-date: /home/anaase_linux/RM_prac/install/transformations_pkg/share/transformations_pkg/environment/path.sh
[0.357s] -- Up-to-date: /home/anaase_linux/RM_prac/install/transformations_pkg/share/transformations_pkg/environment/path.dsv
[0.357s] -- Up-to-date: /home/anaase_linux/RM_prac/install/transformations_pkg/share/transformations_pkg/local_setup.bash
[0.357s] -- Up-to-date: /home/anaase_linux/RM_prac/install/transformations_pkg/share/transformations_pkg/local_setup.sh
[0.357s] -- Up-to-date: /home/anaase_linux/RM_prac/install/transformations_pkg/share/transformations_pkg/local_setup.zsh
[0.357s] -- Up-to-date: /home/anaase_linux/RM_prac/install/transformations_pkg/share/transformations_pkg/local_setup.dsv
[0.357s] -- Installing: /home/anaase_linux/RM_prac/install/transformations_pkg/share/transformations_pkg/package.dsv
[0.357s] -- Up-to-date: /home/anaase_linux/RM_prac/install/transformations_pkg/share/ament_index/resource_index/packages/transformations_pkg
[0.358s] -- Up-to-date: /home/anaase_linux/RM_prac/install/transformations_pkg/share/transformations_pkg/cmake/transformations_pkgConfig.cmake
[0.358s] -- Up-to-date: /home/anaase_linux/RM_prac/install/transformations_pkg/share/transformations_pkg/cmake/transformations_pkgConfig-version.cmake
[0.358s] -- Up-to-date: /home/anaase_linux/RM_prac/install/transformations_pkg/share/transformations_pkg/package.xml
[0.437s] Invoked command in '/home/anaase_linux/RM_prac/build/transformations_pkg' returned '0': CMAKE_PREFIX_PATH=${CMAKE_PREFIX_PATH}:/home/anaase_linux/RM_prac/install/turtlebot3_dqn:/opt/ros/humble /usr/bin/cmake --install /home/anaase_linux/RM_prac/build/transformations_pkg
