[0.045s] Invoking command in '/home/anaase_linux/RM_prac/build/kinematic_control_pkg': CMAKE_PREFIX_PATH=${CMAKE_PREFIX_PATH}:/home/anaase_linux/RM_prac/install/turtlebot3_dqn:/opt/ros/humble /usr/bin/cmake /home/anaase_linux/RM_prac/src/kinematic_control_pkg -DCMAKE_INSTALL_PREFIX=/home/anaase_linux/RM_prac/install/kinematic_control_pkg
[0.290s] -- The C compiler identification is GNU 11.4.0
[0.810s] -- The CXX compiler identification is GNU 11.4.0
[1.124s] -- Detecting C compiler ABI info
[1.273s] -- Detecting C compiler ABI info - done
[1.278s] -- Check for working C compiler: /usr/bin/cc - skipped
[1.279s] -- Detecting C compile features
[1.279s] -- Detecting C compile features - done
[1.281s] -- Detecting CXX compiler ABI info
[1.446s] -- Detecting CXX compiler ABI info - done
[1.450s] -- Check for working CXX compiler: /usr/bin/c++ - skipped
[1.450s] -- Detecting CXX compile features
[1.451s] -- Detecting CXX compile features - done
[1.452s] -- Found ament_cmake: 1.3.14 (/opt/ros/humble/share/ament_cmake/cmake)
[1.563s] -- Found Python3: /usr/bin/python3 (found version "3.10.12") found components: Interpreter 
[1.625s] -- Found rclcpp: 16.0.19 (/opt/ros/humble/share/rclcpp/cmake)
[1.786s] -- Found rosidl_generator_c: 3.1.8 (/opt/ros/humble/share/rosidl_generator_c/cmake)
[1.790s] -- Found rosidl_adapter: 3.1.8 (/opt/ros/humble/share/rosidl_adapter/cmake)
[1.795s] -- Found rosidl_generator_cpp: 3.1.8 (/opt/ros/humble/share/rosidl_generator_cpp/cmake)
[1.803s] -- Using all available rosidl_typesupport_c: rosidl_typesupport_fastrtps_c;rosidl_typesupport_introspection_c
[1.814s] -- Using all available rosidl_typesupport_cpp: rosidl_typesupport_fastrtps_cpp;rosidl_typesupport_introspection_cpp
[1.841s] -- Found rmw_implementation_cmake: 6.1.2 (/opt/ros/humble/share/rmw_implementation_cmake/cmake)
[1.843s] -- Found rmw_fastrtps_cpp: 6.2.10 (/opt/ros/humble/share/rmw_fastrtps_cpp/cmake)
[2.582s] -- Found OpenSSL: /usr/lib/x86_64-linux-gnu/libcrypto.so (found version "3.0.2")  
[3.186s] -- Found FastRTPS: /opt/ros/humble/include  
[4.847s] -- Using RMW implementation 'rmw_fastrtps_cpp' as default
[4.851s] -- Looking for pthread.h
[4.975s] -- Looking for pthread.h - found
[4.975s] -- Performing Test CMAKE_HAVE_LIBC_PTHREAD
[5.120s] -- Performing Test CMAKE_HAVE_LIBC_PTHREAD - Success
[5.120s] -- Found Threads: TRUE  
[5.160s] -- Found tf2: 0.25.20 (/opt/ros/humble/share/tf2/cmake)
[5.175s] -- Found tf2_geometry_msgs: 0.25.20 (/opt/ros/humble/share/tf2_geometry_msgs/cmake)
[5.233s] -- Found eigen3_cmake_module: 0.1.1 (/opt/ros/humble/share/eigen3_cmake_module/cmake)
[5.234s] -- Found Eigen3: TRUE (found version "3.4.0") 
[5.234s] -- Ensuring Eigen3 include directory is part of orocos-kdl CMake target
[5.294s] -- Found visualization_msgs: 4.9.1 (/opt/ros/humble/share/visualization_msgs/cmake)
[5.330s] -- Found nav_msgs: 4.9.1 (/opt/ros/humble/share/nav_msgs/cmake)
[5.350s] -- Found rosidl_default_generators: 1.2.1 (/opt/ros/humble/share/rosidl_default_generators/cmake)
[5.667s] -- Found ament_cmake_ros: 0.10.0 (/opt/ros/humble/share/ament_cmake_ros/cmake)
[6.108s] -- Using all available rosidl_typesupport_c: rosidl_typesupport_fastrtps_c;rosidl_typesupport_introspection_c
[6.276s] -- Using all available rosidl_typesupport_cpp: rosidl_typesupport_fastrtps_cpp;rosidl_typesupport_introspection_cpp
[6.447s] -- Found PythonInterp: /usr/bin/python3 (found suitable version "3.10.12", minimum required is "3.6") 
[6.452s] -- Found python_cmake_module: 0.10.0 (/opt/ros/humble/share/python_cmake_module/cmake)
[6.948s] -- Found PythonLibs: /usr/lib/x86_64-linux-gnu/libpython3.10.so (found suitable version "3.10.12", minimum required is "3.5") 
[6.948s] -- Using PYTHON_EXECUTABLE: /usr/bin/python3
[6.948s] -- Using PYTHON_INCLUDE_DIRS: /usr/include/python3.10
[6.948s] -- Using PYTHON_LIBRARIES: /usr/lib/x86_64-linux-gnu/libpython3.10.so
[6.966s] -- Found PythonExtra: .so  
[7.181s] -- Configuring done
[7.251s] -- Generating done
[7.268s] -- Build files have been written to: /home/anaase_linux/RM_prac/build/kinematic_control_pkg
[7.287s] Invoked command in '/home/anaase_linux/RM_prac/build/kinematic_control_pkg' returned '0': CMAKE_PREFIX_PATH=${CMAKE_PREFIX_PATH}:/home/anaase_linux/RM_prac/install/turtlebot3_dqn:/opt/ros/humble /usr/bin/cmake /home/anaase_linux/RM_prac/src/kinematic_control_pkg -DCMAKE_INSTALL_PREFIX=/home/anaase_linux/RM_prac/install/kinematic_control_pkg
[7.290s] Invoking command in '/home/anaase_linux/RM_prac/build/kinematic_control_pkg': CMAKE_PREFIX_PATH=${CMAKE_PREFIX_PATH}:/home/anaase_linux/RM_prac/install/turtlebot3_dqn:/opt/ros/humble /usr/bin/cmake --build /home/anaase_linux/RM_prac/build/kinematic_control_pkg -- -j22 -l22
[7.328s] [  2%] [34m[1mGenerating C code for ROS interfaces[0m
[7.339s] [  5%] [34m[1mGenerating C++ code for ROS interfaces[0m
[7.342s] [  8%] [34m[1mGenerating Rust code for ROS interfaces[0m
[7.346s] [  8%] Built target ament_cmake_python_copy_kinematic_control_pkg
[7.614s] [  8%] Built target kinematic_control_pkg__rs
[7.638s] [  8%] Built target kinematic_control_pkg__cpp
[7.646s] [ 11%] [34m[1mGenerating C++ introspection for ROS interfaces[0m
[7.647s] [ 13%] [34m[1mGenerating C++ type support for eProsima Fast-RTPS[0m
[7.647s] [ 16%] [34m[1mGenerating C++ type support dispatch for ROS interfaces[0m
[7.648s] [ 19%] [32mBuilding C object CMakeFiles/kinematic_control_pkg__rosidl_generator_c.dir/rosidl_generator_c/kinematic_control_pkg/msg/detail/reference__functions.c.o[0m
[7.661s] running egg_info
[7.662s] creating kinematic_control_pkg.egg-info
[7.663s] writing kinematic_control_pkg.egg-info/PKG-INFO
[7.663s] writing dependency_links to kinematic_control_pkg.egg-info/dependency_links.txt
[7.664s] writing top-level names to kinematic_control_pkg.egg-info/top_level.txt
[7.664s] writing manifest file 'kinematic_control_pkg.egg-info/SOURCES.txt'
[7.667s] reading manifest file 'kinematic_control_pkg.egg-info/SOURCES.txt'
[7.668s] writing manifest file 'kinematic_control_pkg.egg-info/SOURCES.txt'
[7.709s] [ 19%] Built target ament_cmake_python_build_kinematic_control_pkg_egg
[7.724s] [ 22%] [32m[1mLinking C shared library libkinematic_control_pkg__rosidl_generator_c.so[0m
[7.886s] [ 22%] Built target kinematic_control_pkg__rosidl_generator_c
[7.897s] [ 25%] [34m[1mGenerating C introspection for ROS interfaces[0m
[7.898s] [ 27%] [34m[1mGenerating C type support dispatch for ROS interfaces[0m
[7.899s] [ 30%] [34m[1mGenerating C type support for eProsima Fast-RTPS[0m
[7.911s] [ 33%] [32mBuilding CXX object CMakeFiles/kinematic_control_pkg__rosidl_typesupport_cpp.dir/rosidl_typesupport_cpp/kinematic_control_pkg/msg/reference__type_support.cpp.o[0m
[7.922s] [ 36%] [32mBuilding CXX object CMakeFiles/kinematic_control_pkg__rosidl_typesupport_introspection_cpp.dir/rosidl_typesupport_introspection_cpp/kinematic_control_pkg/msg/detail/reference__type_support.cpp.o[0m
[7.933s] [ 38%] [32mBuilding CXX object CMakeFiles/kinematic_control_pkg__rosidl_typesupport_fastrtps_cpp.dir/rosidl_typesupport_fastrtps_cpp/kinematic_control_pkg/msg/detail/dds_fastrtps/reference__type_support.cpp.o[0m
[8.192s] [ 41%] [32mBuilding CXX object CMakeFiles/kinematic_control_pkg__rosidl_typesupport_c.dir/rosidl_typesupport_c/kinematic_control_pkg/msg/reference__type_support.cpp.o[0m
[8.228s] [ 47%] [32m[1mLinking CXX shared library libkinematic_control_pkg__rosidl_typesupport_c.so[0m
[8.228s] [ 47%] [32mBuilding C object CMakeFiles/kinematic_control_pkg__rosidl_typesupport_introspection_c.dir/rosidl_typesupport_introspection_c/kinematic_control_pkg/msg/detail/reference__type_support.c.o[0m
[8.254s] [ 50%] [32mBuilding CXX object CMakeFiles/kinematic_control_pkg__rosidl_typesupport_fastrtps_c.dir/rosidl_typesupport_fastrtps_c/kinematic_control_pkg/msg/detail/reference__type_support_c.cpp.o[0m
[8.267s] [ 52%] [32m[1mLinking CXX shared library libkinematic_control_pkg__rosidl_typesupport_cpp.so[0m
[8.278s] [ 55%] [32m[1mLinking C shared library libkinematic_control_pkg__rosidl_typesupport_introspection_c.so[0m
[8.375s] [ 55%] Built target kinematic_control_pkg__rosidl_typesupport_introspection_c
[8.378s] [ 55%] Built target kinematic_control_pkg__rosidl_typesupport_c
[8.385s] [ 55%] Built target kinematic_control_pkg__rosidl_typesupport_cpp
[8.407s] [ 58%] [32mBuilding CXX object CMakeFiles/controller_odom.dir/src/controller_odom.cpp.o[0m
[8.410s] [ 61%] [32mBuilding CXX object CMakeFiles/infinite_reference_node.dir/src/infinite_reference_node.cpp.o[0m
[8.502s] [ 63%] [32m[1mLinking CXX shared library libkinematic_control_pkg__rosidl_typesupport_introspection_cpp.so[0m
[8.516s] [ 66%] [32m[1mLinking CXX shared library libkinematic_control_pkg__rosidl_typesupport_fastrtps_cpp.so[0m
[8.660s] [ 69%] [32m[1mLinking CXX shared library libkinematic_control_pkg__rosidl_typesupport_fastrtps_c.so[0m
[8.702s] [ 69%] Built target kinematic_control_pkg__rosidl_typesupport_introspection_cpp
[8.742s] [ 69%] Built target kinematic_control_pkg__rosidl_typesupport_fastrtps_cpp
[8.844s] [ 69%] Built target kinematic_control_pkg__rosidl_typesupport_fastrtps_c
[8.864s] [ 69%] Built target kinematic_control_pkg
[8.883s] [ 72%] [34m[1mGenerating Python code for ROS interfaces[0m
[9.227s] [ 72%] Built target kinematic_control_pkg__py
[9.252s] [ 75%] [32mBuilding C object CMakeFiles/kinematic_control_pkg__rosidl_generator_py.dir/rosidl_generator_py/kinematic_control_pkg/msg/_reference_s.c.o[0m
[9.472s] [ 77%] [32m[1mLinking C shared library rosidl_generator_py/kinematic_control_pkg/libkinematic_control_pkg__rosidl_generator_py.so[0m
[9.611s] [ 77%] Built target kinematic_control_pkg__rosidl_generator_py
[9.634s] [ 80%] [32mBuilding C object CMakeFiles/kinematic_control_pkg__rosidl_typesupport_c__pyext.dir/rosidl_generator_py/kinematic_control_pkg/_kinematic_control_pkg_s.ep.rosidl_typesupport_c.c.o[0m
[9.635s] [ 83%] [32mBuilding C object CMakeFiles/kinematic_control_pkg__rosidl_typesupport_fastrtps_c__pyext.dir/rosidl_generator_py/kinematic_control_pkg/_kinematic_control_pkg_s.ep.rosidl_typesupport_fastrtps_c.c.o[0m
[9.637s] [ 86%] [32mBuilding C object CMakeFiles/kinematic_control_pkg__rosidl_typesupport_introspection_c__pyext.dir/rosidl_generator_py/kinematic_control_pkg/_kinematic_control_pkg_s.ep.rosidl_typesupport_introspection_c.c.o[0m
[9.738s] [ 88%] [32m[1mLinking C shared library rosidl_generator_py/kinematic_control_pkg/kinematic_control_pkg_s__rosidl_typesupport_c.cpython-310-x86_64-linux-gnu.so[0m
[9.743s] [ 91%] [32m[1mLinking C shared library rosidl_generator_py/kinematic_control_pkg/kinematic_control_pkg_s__rosidl_typesupport_introspection_c.cpython-310-x86_64-linux-gnu.so[0m
[9.743s] [ 94%] [32m[1mLinking C shared library rosidl_generator_py/kinematic_control_pkg/kinematic_control_pkg_s__rosidl_typesupport_fastrtps_c.cpython-310-x86_64-linux-gnu.so[0m
[9.826s] [ 94%] Built target kinematic_control_pkg__rosidl_typesupport_c__pyext
[9.839s] [ 94%] Built target kinematic_control_pkg__rosidl_typesupport_introspection_c__pyext
[9.847s] [ 94%] Built target kinematic_control_pkg__rosidl_typesupport_fastrtps_c__pyext
[14.414s] [ 97%] [32m[1mLinking CXX executable infinite_reference_node[0m
[14.853s] [ 97%] Built target infinite_reference_node
[21.543s] [100%] [32m[1mLinking CXX executable controller_odom[0m
[22.080s] [100%] Built target controller_odom
[22.099s] Invoked command in '/home/anaase_linux/RM_prac/build/kinematic_control_pkg' returned '0': CMAKE_PREFIX_PATH=${CMAKE_PREFIX_PATH}:/home/anaase_linux/RM_prac/install/turtlebot3_dqn:/opt/ros/humble /usr/bin/cmake --build /home/anaase_linux/RM_prac/build/kinematic_control_pkg -- -j22 -l22
[22.101s] Invoking command in '/home/anaase_linux/RM_prac/build/kinematic_control_pkg': CMAKE_PREFIX_PATH=${CMAKE_PREFIX_PATH}:/home/anaase_linux/RM_prac/install/turtlebot3_dqn:/opt/ros/humble /usr/bin/cmake --install /home/anaase_linux/RM_prac/build/kinematic_control_pkg
[22.110s] -- Install configuration: ""
[22.110s] -- Installing: /home/anaase_linux/RM_prac/install/kinematic_control_pkg/share/ament_index/resource_index/rosidl_interfaces/kinematic_control_pkg
[22.111s] -- Installing: /home/anaase_linux/RM_prac/install/kinematic_control_pkg/include/kinematic_control_pkg/kinematic_control_pkg
[22.111s] -- Installing: /home/anaase_linux/RM_prac/install/kinematic_control_pkg/include/kinematic_control_pkg/kinematic_control_pkg/msg
[22.112s] -- Installing: /home/anaase_linux/RM_prac/install/kinematic_control_pkg/include/kinematic_control_pkg/kinematic_control_pkg/msg/reference.h
[22.112s] -- Installing: /home/anaase_linux/RM_prac/install/kinematic_control_pkg/include/kinematic_control_pkg/kinematic_control_pkg/msg/rosidl_generator_c__visibility_control.h
[22.112s] -- Installing: /home/anaase_linux/RM_prac/install/kinematic_control_pkg/include/kinematic_control_pkg/kinematic_control_pkg/msg/detail
[22.112s] -- Installing: /home/anaase_linux/RM_prac/install/kinematic_control_pkg/include/kinematic_control_pkg/kinematic_control_pkg/msg/detail/reference__struct.h
[22.112s] -- Installing: /home/anaase_linux/RM_prac/install/kinematic_control_pkg/include/kinematic_control_pkg/kinematic_control_pkg/msg/detail/reference__functions.h
[22.113s] -- Installing: /home/anaase_linux/RM_prac/install/kinematic_control_pkg/include/kinematic_control_pkg/kinematic_control_pkg/msg/detail/reference__type_support.h
[22.113s] -- Installing: /home/anaase_linux/RM_prac/install/kinematic_control_pkg/include/kinematic_control_pkg/kinematic_control_pkg/msg/detail/reference__functions.c
[22.113s] -- Installing: /home/anaase_linux/RM_prac/install/kinematic_control_pkg/share/kinematic_control_pkg/environment/library_path.sh
[22.113s] -- Installing: /home/anaase_linux/RM_prac/install/kinematic_control_pkg/share/kinematic_control_pkg/environment/library_path.dsv
[22.114s] -- Installing: /home/anaase_linux/RM_prac/install/kinematic_control_pkg/lib/libkinematic_control_pkg__rosidl_generator_c.so
[22.114s] -- Set runtime path of "/home/anaase_linux/RM_prac/install/kinematic_control_pkg/lib/libkinematic_control_pkg__rosidl_generator_c.so" to ""
[22.114s] -- Up-to-date: /home/anaase_linux/RM_prac/install/kinematic_control_pkg/include/kinematic_control_pkg/kinematic_control_pkg
[22.114s] -- Up-to-date: /home/anaase_linux/RM_prac/install/kinematic_control_pkg/include/kinematic_control_pkg/kinematic_control_pkg/msg
[22.114s] -- Up-to-date: /home/anaase_linux/RM_prac/install/kinematic_control_pkg/include/kinematic_control_pkg/kinematic_control_pkg/msg/detail
[22.114s] -- Installing: /home/anaase_linux/RM_prac/install/kinematic_control_pkg/include/kinematic_control_pkg/kinematic_control_pkg/msg/detail/reference__rosidl_typesupport_fastrtps_c.h
[22.114s] -- Installing: /home/anaase_linux/RM_prac/install/kinematic_control_pkg/include/kinematic_control_pkg/kinematic_control_pkg/msg/rosidl_typesupport_fastrtps_c__visibility_control.h
[22.115s] -- Installing: /home/anaase_linux/RM_prac/install/kinematic_control_pkg/lib/libkinematic_control_pkg__rosidl_typesupport_fastrtps_c.so
[22.115s] -- Set runtime path of "/home/anaase_linux/RM_prac/install/kinematic_control_pkg/lib/libkinematic_control_pkg__rosidl_typesupport_fastrtps_c.so" to ""
[22.115s] -- Up-to-date: /home/anaase_linux/RM_prac/install/kinematic_control_pkg/include/kinematic_control_pkg/kinematic_control_pkg
[22.115s] -- Up-to-date: /home/anaase_linux/RM_prac/install/kinematic_control_pkg/include/kinematic_control_pkg/kinematic_control_pkg/msg
[22.115s] -- Installing: /home/anaase_linux/RM_prac/install/kinematic_control_pkg/include/kinematic_control_pkg/kinematic_control_pkg/msg/rosidl_generator_cpp__visibility_control.hpp
[22.115s] -- Up-to-date: /home/anaase_linux/RM_prac/install/kinematic_control_pkg/include/kinematic_control_pkg/kinematic_control_pkg/msg/detail
[22.115s] -- Installing: /home/anaase_linux/RM_prac/install/kinematic_control_pkg/include/kinematic_control_pkg/kinematic_control_pkg/msg/detail/reference__builder.hpp
[22.115s] -- Installing: /home/anaase_linux/RM_prac/install/kinematic_control_pkg/include/kinematic_control_pkg/kinematic_control_pkg/msg/detail/reference__traits.hpp
[22.116s] -- Installing: /home/anaase_linux/RM_prac/install/kinematic_control_pkg/include/kinematic_control_pkg/kinematic_control_pkg/msg/detail/reference__struct.hpp
[22.116s] -- Installing: /home/anaase_linux/RM_prac/install/kinematic_control_pkg/include/kinematic_control_pkg/kinematic_control_pkg/msg/detail/reference__type_support.hpp
[22.116s] -- Installing: /home/anaase_linux/RM_prac/install/kinematic_control_pkg/include/kinematic_control_pkg/kinematic_control_pkg/msg/reference.hpp
[22.116s] -- Up-to-date: /home/anaase_linux/RM_prac/install/kinematic_control_pkg/include/kinematic_control_pkg/kinematic_control_pkg
[22.116s] -- Up-to-date: /home/anaase_linux/RM_prac/install/kinematic_control_pkg/include/kinematic_control_pkg/kinematic_control_pkg/msg
[22.116s] -- Installing: /home/anaase_linux/RM_prac/install/kinematic_control_pkg/include/kinematic_control_pkg/kinematic_control_pkg/msg/rosidl_typesupport_fastrtps_cpp__visibility_control.h
[22.116s] -- Up-to-date: /home/anaase_linux/RM_prac/install/kinematic_control_pkg/include/kinematic_control_pkg/kinematic_control_pkg/msg/detail
[22.116s] -- Installing: /home/anaase_linux/RM_prac/install/kinematic_control_pkg/include/kinematic_control_pkg/kinematic_control_pkg/msg/detail/reference__rosidl_typesupport_fastrtps_cpp.hpp
[22.117s] -- Installing: /home/anaase_linux/RM_prac/install/kinematic_control_pkg/include/kinematic_control_pkg/kinematic_control_pkg/msg/detail/dds_fastrtps
[22.117s] -- Installing: /home/anaase_linux/RM_prac/install/kinematic_control_pkg/lib/libkinematic_control_pkg__rosidl_typesupport_fastrtps_cpp.so
[22.117s] -- Set runtime path of "/home/anaase_linux/RM_prac/install/kinematic_control_pkg/lib/libkinematic_control_pkg__rosidl_typesupport_fastrtps_cpp.so" to ""
[22.117s] -- Up-to-date: /home/anaase_linux/RM_prac/install/kinematic_control_pkg/include/kinematic_control_pkg/kinematic_control_pkg
[22.117s] -- Up-to-date: /home/anaase_linux/RM_prac/install/kinematic_control_pkg/include/kinematic_control_pkg/kinematic_control_pkg/msg
[22.117s] -- Installing: /home/anaase_linux/RM_prac/install/kinematic_control_pkg/include/kinematic_control_pkg/kinematic_control_pkg/msg/rosidl_typesupport_introspection_c__visibility_control.h
[22.118s] -- Up-to-date: /home/anaase_linux/RM_prac/install/kinematic_control_pkg/include/kinematic_control_pkg/kinematic_control_pkg/msg/detail
[22.118s] -- Installing: /home/anaase_linux/RM_prac/install/kinematic_control_pkg/include/kinematic_control_pkg/kinematic_control_pkg/msg/detail/reference__rosidl_typesupport_introspection_c.h
[22.118s] -- Installing: /home/anaase_linux/RM_prac/install/kinematic_control_pkg/include/kinematic_control_pkg/kinematic_control_pkg/msg/detail/reference__type_support.c
[22.118s] -- Installing: /home/anaase_linux/RM_prac/install/kinematic_control_pkg/lib/libkinematic_control_pkg__rosidl_typesupport_introspection_c.so
[22.118s] -- Set runtime path of "/home/anaase_linux/RM_prac/install/kinematic_control_pkg/lib/libkinematic_control_pkg__rosidl_typesupport_introspection_c.so" to ""
[22.118s] -- Installing: /home/anaase_linux/RM_prac/install/kinematic_control_pkg/lib/libkinematic_control_pkg__rosidl_typesupport_c.so
[22.118s] -- Set runtime path of "/home/anaase_linux/RM_prac/install/kinematic_control_pkg/lib/libkinematic_control_pkg__rosidl_typesupport_c.so" to ""
[22.118s] -- Up-to-date: /home/anaase_linux/RM_prac/install/kinematic_control_pkg/include/kinematic_control_pkg/kinematic_control_pkg
[22.118s] -- Up-to-date: /home/anaase_linux/RM_prac/install/kinematic_control_pkg/include/kinematic_control_pkg/kinematic_control_pkg/msg
[22.118s] -- Up-to-date: /home/anaase_linux/RM_prac/install/kinematic_control_pkg/include/kinematic_control_pkg/kinematic_control_pkg/msg/detail
[22.119s] -- Installing: /home/anaase_linux/RM_prac/install/kinematic_control_pkg/include/kinematic_control_pkg/kinematic_control_pkg/msg/detail/reference__rosidl_typesupport_introspection_cpp.hpp
[22.119s] -- Installing: /home/anaase_linux/RM_prac/install/kinematic_control_pkg/include/kinematic_control_pkg/kinematic_control_pkg/msg/detail/reference__type_support.cpp
[22.119s] -- Installing: /home/anaase_linux/RM_prac/install/kinematic_control_pkg/lib/libkinematic_control_pkg__rosidl_typesupport_introspection_cpp.so
[22.119s] -- Set runtime path of "/home/anaase_linux/RM_prac/install/kinematic_control_pkg/lib/libkinematic_control_pkg__rosidl_typesupport_introspection_cpp.so" to ""
[22.119s] -- Installing: /home/anaase_linux/RM_prac/install/kinematic_control_pkg/lib/libkinematic_control_pkg__rosidl_typesupport_cpp.so
[22.119s] -- Set runtime path of "/home/anaase_linux/RM_prac/install/kinematic_control_pkg/lib/libkinematic_control_pkg__rosidl_typesupport_cpp.so" to ""
[22.119s] -- Installing: /home/anaase_linux/RM_prac/install/kinematic_control_pkg/share/kinematic_control_pkg/environment/pythonpath.sh
[22.120s] -- Installing: /home/anaase_linux/RM_prac/install/kinematic_control_pkg/share/kinematic_control_pkg/environment/pythonpath.dsv
[22.120s] -- Installing: /home/anaase_linux/RM_prac/install/kinematic_control_pkg/local/lib/python3.10/dist-packages/kinematic_control_pkg-0.0.0-py3.10.egg-info
[22.121s] -- Installing: /home/anaase_linux/RM_prac/install/kinematic_control_pkg/local/lib/python3.10/dist-packages/kinematic_control_pkg-0.0.0-py3.10.egg-info/top_level.txt
[22.121s] -- Installing: /home/anaase_linux/RM_prac/install/kinematic_control_pkg/local/lib/python3.10/dist-packages/kinematic_control_pkg-0.0.0-py3.10.egg-info/PKG-INFO
[22.121s] -- Installing: /home/anaase_linux/RM_prac/install/kinematic_control_pkg/local/lib/python3.10/dist-packages/kinematic_control_pkg-0.0.0-py3.10.egg-info/SOURCES.txt
[22.121s] -- Installing: /home/anaase_linux/RM_prac/install/kinematic_control_pkg/local/lib/python3.10/dist-packages/kinematic_control_pkg-0.0.0-py3.10.egg-info/dependency_links.txt
[22.121s] -- Installing: /home/anaase_linux/RM_prac/install/kinematic_control_pkg/local/lib/python3.10/dist-packages/kinematic_control_pkg
[22.122s] -- Installing: /home/anaase_linux/RM_prac/install/kinematic_control_pkg/local/lib/python3.10/dist-packages/kinematic_control_pkg/libkinematic_control_pkg__rosidl_generator_py.so
[22.122s] -- Installing: /home/anaase_linux/RM_prac/install/kinematic_control_pkg/local/lib/python3.10/dist-packages/kinematic_control_pkg/__init__.py
[22.122s] -- Installing: /home/anaase_linux/RM_prac/install/kinematic_control_pkg/local/lib/python3.10/dist-packages/kinematic_control_pkg/_kinematic_control_pkg_s.ep.rosidl_typesupport_fastrtps_c.c
[22.122s] -- Installing: /home/anaase_linux/RM_prac/install/kinematic_control_pkg/local/lib/python3.10/dist-packages/kinematic_control_pkg/_kinematic_control_pkg_s.ep.rosidl_typesupport_introspection_c.c
[22.122s] -- Installing: /home/anaase_linux/RM_prac/install/kinematic_control_pkg/local/lib/python3.10/dist-packages/kinematic_control_pkg/_kinematic_control_pkg_s.ep.rosidl_typesupport_c.c
[22.122s] -- Installing: /home/anaase_linux/RM_prac/install/kinematic_control_pkg/local/lib/python3.10/dist-packages/kinematic_control_pkg/kinematic_control_pkg_s__rosidl_typesupport_c.cpython-310-x86_64-linux-gnu.so
[22.122s] -- Installing: /home/anaase_linux/RM_prac/install/kinematic_control_pkg/local/lib/python3.10/dist-packages/kinematic_control_pkg/kinematic_control_pkg_s__rosidl_typesupport_introspection_c.cpython-310-x86_64-linux-gnu.so
[22.123s] -- Installing: /home/anaase_linux/RM_prac/install/kinematic_control_pkg/local/lib/python3.10/dist-packages/kinematic_control_pkg/msg
[22.123s] -- Installing: /home/anaase_linux/RM_prac/install/kinematic_control_pkg/local/lib/python3.10/dist-packages/kinematic_control_pkg/msg/__init__.py
[22.123s] -- Installing: /home/anaase_linux/RM_prac/install/kinematic_control_pkg/local/lib/python3.10/dist-packages/kinematic_control_pkg/msg/_reference_s.c
[22.123s] -- Installing: /home/anaase_linux/RM_prac/install/kinematic_control_pkg/local/lib/python3.10/dist-packages/kinematic_control_pkg/msg/_reference.py
[22.123s] -- Installing: /home/anaase_linux/RM_prac/install/kinematic_control_pkg/local/lib/python3.10/dist-packages/kinematic_control_pkg/kinematic_control_pkg_s__rosidl_typesupport_fastrtps_c.cpython-310-x86_64-linux-gnu.so
[22.164s] Listing '/home/anaase_linux/RM_prac/install/kinematic_control_pkg/local/lib/python3.10/dist-packages/kinematic_control_pkg'...
[22.164s] Compiling '/home/anaase_linux/RM_prac/install/kinematic_control_pkg/local/lib/python3.10/dist-packages/kinematic_control_pkg/__init__.py'...
[22.164s] Listing '/home/anaase_linux/RM_prac/install/kinematic_control_pkg/local/lib/python3.10/dist-packages/kinematic_control_pkg/msg'...
[22.164s] Compiling '/home/anaase_linux/RM_prac/install/kinematic_control_pkg/local/lib/python3.10/dist-packages/kinematic_control_pkg/msg/__init__.py'...
[22.164s] Compiling '/home/anaase_linux/RM_prac/install/kinematic_control_pkg/local/lib/python3.10/dist-packages/kinematic_control_pkg/msg/_reference.py'...
[22.170s] -- Installing: /home/anaase_linux/RM_prac/install/kinematic_control_pkg/local/lib/python3.10/dist-packages/kinematic_control_pkg/kinematic_control_pkg_s__rosidl_typesupport_fastrtps_c.cpython-310-x86_64-linux-gnu.so
[22.170s] -- Set runtime path of "/home/anaase_linux/RM_prac/install/kinematic_control_pkg/local/lib/python3.10/dist-packages/kinematic_control_pkg/kinematic_control_pkg_s__rosidl_typesupport_fastrtps_c.cpython-310-x86_64-linux-gnu.so" to ""
[22.170s] -- Installing: /home/anaase_linux/RM_prac/install/kinematic_control_pkg/local/lib/python3.10/dist-packages/kinematic_control_pkg/kinematic_control_pkg_s__rosidl_typesupport_introspection_c.cpython-310-x86_64-linux-gnu.so
[22.170s] -- Set runtime path of "/home/anaase_linux/RM_prac/install/kinematic_control_pkg/local/lib/python3.10/dist-packages/kinematic_control_pkg/kinematic_control_pkg_s__rosidl_typesupport_introspection_c.cpython-310-x86_64-linux-gnu.so" to ""
[22.170s] -- Installing: /home/anaase_linux/RM_prac/install/kinematic_control_pkg/local/lib/python3.10/dist-packages/kinematic_control_pkg/kinematic_control_pkg_s__rosidl_typesupport_c.cpython-310-x86_64-linux-gnu.so
[22.170s] -- Set runtime path of "/home/anaase_linux/RM_prac/install/kinematic_control_pkg/local/lib/python3.10/dist-packages/kinematic_control_pkg/kinematic_control_pkg_s__rosidl_typesupport_c.cpython-310-x86_64-linux-gnu.so" to ""
[22.170s] -- Installing: /home/anaase_linux/RM_prac/install/kinematic_control_pkg/lib/libkinematic_control_pkg__rosidl_generator_py.so
[22.170s] -- Set runtime path of "/home/anaase_linux/RM_prac/install/kinematic_control_pkg/lib/libkinematic_control_pkg__rosidl_generator_py.so" to ""
[22.171s] -- Installing: /home/anaase_linux/RM_prac/install/kinematic_control_pkg/share/ament_index/resource_index/rust_packages/kinematic_control_pkg
[22.171s] -- Installing: /home/anaase_linux/RM_prac/install/kinematic_control_pkg/share/kinematic_control_pkg/rust
[22.171s] -- Installing: /home/anaase_linux/RM_prac/install/kinematic_control_pkg/share/kinematic_control_pkg/rust/src
[22.171s] -- Installing: /home/anaase_linux/RM_prac/install/kinematic_control_pkg/share/kinematic_control_pkg/rust/src/lib.rs
[22.172s] -- Installing: /home/anaase_linux/RM_prac/install/kinematic_control_pkg/share/kinematic_control_pkg/rust/src/msg.rs
[22.172s] -- Installing: /home/anaase_linux/RM_prac/install/kinematic_control_pkg/share/kinematic_control_pkg/rust/src/msg
[22.172s] -- Installing: /home/anaase_linux/RM_prac/install/kinematic_control_pkg/share/kinematic_control_pkg/rust/src/msg/rmw.rs
[22.172s] -- Installing: /home/anaase_linux/RM_prac/install/kinematic_control_pkg/share/kinematic_control_pkg/rust/Cargo.toml
[22.172s] -- Installing: /home/anaase_linux/RM_prac/install/kinematic_control_pkg/share/kinematic_control_pkg/rust/build.rs
[22.173s] -- Installing: /home/anaase_linux/RM_prac/install/kinematic_control_pkg/share/kinematic_control_pkg/msg/Reference.idl
[22.173s] -- Installing: /home/anaase_linux/RM_prac/install/kinematic_control_pkg/share/kinematic_control_pkg/msg/Reference.msg
[22.173s] -- Installing: /home/anaase_linux/RM_prac/install/kinematic_control_pkg/lib/kinematic_control_pkg/controller_odom
[22.176s] -- Set runtime path of "/home/anaase_linux/RM_prac/install/kinematic_control_pkg/lib/kinematic_control_pkg/controller_odom" to ""
[22.176s] -- Installing: /home/anaase_linux/RM_prac/install/kinematic_control_pkg/lib/kinematic_control_pkg/infinite_reference_node
[22.177s] -- Set runtime path of "/home/anaase_linux/RM_prac/install/kinematic_control_pkg/lib/kinematic_control_pkg/infinite_reference_node" to ""
[22.178s] -- Up-to-date: /home/anaase_linux/RM_prac/install/kinematic_control_pkg/share/kinematic_control_pkg/msg
[22.178s] -- Up-to-date: /home/anaase_linux/RM_prac/install/kinematic_control_pkg/share/kinematic_control_pkg/msg/Reference.msg
[22.178s] -- Installing: /home/anaase_linux/RM_prac/install/kinematic_control_pkg/share/kinematic_control_pkg/launch
[22.179s] -- Installing: /home/anaase_linux/RM_prac/install/kinematic_control_pkg/share/kinematic_control_pkg/launch/kinematic_controller.launch.py
[22.179s] -- Installing: /home/anaase_linux/RM_prac/install/kinematic_control_pkg/share/kinematic_control_pkg/launch/rviz2.launch.py
[22.179s] -- Installing: /home/anaase_linux/RM_prac/install/kinematic_control_pkg/share/kinematic_control_pkg/rviz
[22.180s] -- Installing: /home/anaase_linux/RM_prac/install/kinematic_control_pkg/share/kinematic_control_pkg/rviz/tb3_rviz2.rviz
[22.181s] -- Installing: /home/anaase_linux/RM_prac/install/kinematic_control_pkg/share/ament_index/resource_index/package_run_dependencies/kinematic_control_pkg
[22.181s] -- Installing: /home/anaase_linux/RM_prac/install/kinematic_control_pkg/share/ament_index/resource_index/parent_prefix_path/kinematic_control_pkg
[22.181s] -- Installing: /home/anaase_linux/RM_prac/install/kinematic_control_pkg/share/kinematic_control_pkg/environment/ament_prefix_path.sh
[22.181s] -- Installing: /home/anaase_linux/RM_prac/install/kinematic_control_pkg/share/kinematic_control_pkg/environment/ament_prefix_path.dsv
[22.181s] -- Installing: /home/anaase_linux/RM_prac/install/kinematic_control_pkg/share/kinematic_control_pkg/environment/path.sh
[22.182s] -- Installing: /home/anaase_linux/RM_prac/install/kinematic_control_pkg/share/kinematic_control_pkg/environment/path.dsv
[22.182s] -- Installing: /home/anaase_linux/RM_prac/install/kinematic_control_pkg/share/kinematic_control_pkg/local_setup.bash
[22.182s] -- Installing: /home/anaase_linux/RM_prac/install/kinematic_control_pkg/share/kinematic_control_pkg/local_setup.sh
[22.182s] -- Installing: /home/anaase_linux/RM_prac/install/kinematic_control_pkg/share/kinematic_control_pkg/local_setup.zsh
[22.182s] -- Installing: /home/anaase_linux/RM_prac/install/kinematic_control_pkg/share/kinematic_control_pkg/local_setup.dsv
[22.182s] -- Installing: /home/anaase_linux/RM_prac/install/kinematic_control_pkg/share/kinematic_control_pkg/package.dsv
[22.182s] -- Installing: /home/anaase_linux/RM_prac/install/kinematic_control_pkg/share/ament_index/resource_index/packages/kinematic_control_pkg
[22.183s] -- Installing: /home/anaase_linux/RM_prac/install/kinematic_control_pkg/share/kinematic_control_pkg/cmake/export_kinematic_control_pkg__rosidl_generator_cExport.cmake
[22.183s] -- Installing: /home/anaase_linux/RM_prac/install/kinematic_control_pkg/share/kinematic_control_pkg/cmake/export_kinematic_control_pkg__rosidl_generator_cExport-noconfig.cmake
[22.183s] -- Installing: /home/anaase_linux/RM_prac/install/kinematic_control_pkg/share/kinematic_control_pkg/cmake/export_kinematic_control_pkg__rosidl_typesupport_fastrtps_cExport.cmake
[22.183s] -- Installing: /home/anaase_linux/RM_prac/install/kinematic_control_pkg/share/kinematic_control_pkg/cmake/export_kinematic_control_pkg__rosidl_typesupport_fastrtps_cExport-noconfig.cmake
[22.184s] -- Installing: /home/anaase_linux/RM_prac/install/kinematic_control_pkg/share/kinematic_control_pkg/cmake/export_kinematic_control_pkg__rosidl_generator_cppExport.cmake
[22.184s] -- Installing: /home/anaase_linux/RM_prac/install/kinematic_control_pkg/share/kinematic_control_pkg/cmake/export_kinematic_control_pkg__rosidl_typesupport_fastrtps_cppExport.cmake
[22.184s] -- Installing: /home/anaase_linux/RM_prac/install/kinematic_control_pkg/share/kinematic_control_pkg/cmake/export_kinematic_control_pkg__rosidl_typesupport_fastrtps_cppExport-noconfig.cmake
[22.184s] -- Installing: /home/anaase_linux/RM_prac/install/kinematic_control_pkg/share/kinematic_control_pkg/cmake/kinematic_control_pkg__rosidl_typesupport_introspection_cExport.cmake
[22.184s] -- Installing: /home/anaase_linux/RM_prac/install/kinematic_control_pkg/share/kinematic_control_pkg/cmake/kinematic_control_pkg__rosidl_typesupport_introspection_cExport-noconfig.cmake
[22.184s] -- Installing: /home/anaase_linux/RM_prac/install/kinematic_control_pkg/share/kinematic_control_pkg/cmake/kinematic_control_pkg__rosidl_typesupport_cExport.cmake
[22.184s] -- Installing: /home/anaase_linux/RM_prac/install/kinematic_control_pkg/share/kinematic_control_pkg/cmake/kinematic_control_pkg__rosidl_typesupport_cExport-noconfig.cmake
[22.185s] -- Installing: /home/anaase_linux/RM_prac/install/kinematic_control_pkg/share/kinematic_control_pkg/cmake/kinematic_control_pkg__rosidl_typesupport_introspection_cppExport.cmake
[22.185s] -- Installing: /home/anaase_linux/RM_prac/install/kinematic_control_pkg/share/kinematic_control_pkg/cmake/kinematic_control_pkg__rosidl_typesupport_introspection_cppExport-noconfig.cmake
[22.185s] -- Installing: /home/anaase_linux/RM_prac/install/kinematic_control_pkg/share/kinematic_control_pkg/cmake/kinematic_control_pkg__rosidl_typesupport_cppExport.cmake
[22.185s] -- Installing: /home/anaase_linux/RM_prac/install/kinematic_control_pkg/share/kinematic_control_pkg/cmake/kinematic_control_pkg__rosidl_typesupport_cppExport-noconfig.cmake
[22.185s] -- Installing: /home/anaase_linux/RM_prac/install/kinematic_control_pkg/share/kinematic_control_pkg/cmake/export_kinematic_control_pkg__rosidl_generator_pyExport.cmake
[22.185s] -- Installing: /home/anaase_linux/RM_prac/install/kinematic_control_pkg/share/kinematic_control_pkg/cmake/export_kinematic_control_pkg__rosidl_generator_pyExport-noconfig.cmake
[22.185s] -- Installing: /home/anaase_linux/RM_prac/install/kinematic_control_pkg/share/kinematic_control_pkg/cmake/rosidl_cmake-extras.cmake
[22.186s] -- Installing: /home/anaase_linux/RM_prac/install/kinematic_control_pkg/share/kinematic_control_pkg/cmake/ament_cmake_export_dependencies-extras.cmake
[22.186s] -- Installing: /home/anaase_linux/RM_prac/install/kinematic_control_pkg/share/kinematic_control_pkg/cmake/ament_cmake_export_include_directories-extras.cmake
[22.186s] -- Installing: /home/anaase_linux/RM_prac/install/kinematic_control_pkg/share/kinematic_control_pkg/cmake/ament_cmake_export_libraries-extras.cmake
[22.186s] -- Installing: /home/anaase_linux/RM_prac/install/kinematic_control_pkg/share/kinematic_control_pkg/cmake/ament_cmake_export_targets-extras.cmake
[22.186s] -- Installing: /home/anaase_linux/RM_prac/install/kinematic_control_pkg/share/kinematic_control_pkg/cmake/rosidl_cmake_export_typesupport_targets-extras.cmake
[22.186s] -- Installing: /home/anaase_linux/RM_prac/install/kinematic_control_pkg/share/kinematic_control_pkg/cmake/rosidl_cmake_export_typesupport_libraries-extras.cmake
[22.187s] -- Installing: /home/anaase_linux/RM_prac/install/kinematic_control_pkg/share/kinematic_control_pkg/cmake/kinematic_control_pkgConfig.cmake
[22.187s] -- Installing: /home/anaase_linux/RM_prac/install/kinematic_control_pkg/share/kinematic_control_pkg/cmake/kinematic_control_pkgConfig-version.cmake
[22.187s] -- Installing: /home/anaase_linux/RM_prac/install/kinematic_control_pkg/share/kinematic_control_pkg/package.xml
[22.190s] Invoked command in '/home/anaase_linux/RM_prac/build/kinematic_control_pkg' returned '0': CMAKE_PREFIX_PATH=${CMAKE_PREFIX_PATH}:/home/anaase_linux/RM_prac/install/turtlebot3_dqn:/opt/ros/humble /usr/bin/cmake --install /home/anaase_linux/RM_prac/build/kinematic_control_pkg
