[0.046s] Invoking command in '/home/anaase_linux/RM_prac/build/navigation_pkg': CMAKE_PREFIX_PATH=${CMAKE_PREFIX_PATH}:/home/anaase_linux/RM_prac/install/turtlebot3_dqn:/opt/ros/humble /usr/bin/cmake --build /home/anaase_linux/RM_prac/build/navigation_pkg -- -j22 -l22
[0.318s] Invoked command in '/home/anaase_linux/RM_prac/build/navigation_pkg' returned '0': CMAKE_PREFIX_PATH=${CMAKE_PREFIX_PATH}:/home/anaase_linux/RM_prac/install/turtlebot3_dqn:/opt/ros/humble /usr/bin/cmake --build /home/anaase_linux/RM_prac/build/navigation_pkg -- -j22 -l22
[0.323s] Invoking command in '/home/anaase_linux/RM_prac/build/navigation_pkg': CMAKE_PREFIX_PATH=${CMAKE_PREFIX_PATH}:/home/anaase_linux/RM_prac/install/turtlebot3_dqn:/opt/ros/humble /usr/bin/cmake --install /home/anaase_linux/RM_prac/build/navigation_pkg
[0.356s] -- Install configuration: ""
[0.357s] -- Up-to-date: /home/anaase_linux/RM_prac/install/navigation_pkg/share/navigation_pkg/launch
[0.357s] -- Up-to-date: /home/anaase_linux/RM_prac/install/navigation_pkg/share/navigation_pkg/launch/speed_limit.launch.py
[0.357s] -- Up-to-date: /home/anaase_linux/RM_prac/install/navigation_pkg/share/navigation_pkg/launch/turtlebot3_navigation.launch.py
[0.357s] -- Up-to-date: /home/anaase_linux/RM_prac/install/navigation_pkg/share/navigation_pkg/launch/navigation_with_speed_limit.launch.py
[0.357s] -- Up-to-date: /home/anaase_linux/RM_prac/install/navigation_pkg/share/navigation_pkg/launch/navigation.launch.py
[0.357s] -- Up-to-date: /home/anaase_linux/RM_prac/install/navigation_pkg/share/navigation_pkg/param
[0.357s] -- Up-to-date: /home/anaase_linux/RM_prac/install/navigation_pkg/share/navigation_pkg/param/speed_params.yaml
[0.357s] -- Up-to-date: /home/anaase_linux/RM_prac/install/navigation_pkg/share/navigation_pkg/param/keepout_params.yaml
[0.357s] -- Up-to-date: /home/anaase_linux/RM_prac/install/navigation_pkg/share/navigation_pkg/param/nav2_params_speed_limit.yaml
[0.357s] -- Up-to-date: /home/anaase_linux/RM_prac/install/navigation_pkg/share/navigation_pkg/param/nav2_params.yaml
[0.357s] -- Up-to-date: /home/anaase_linux/RM_prac/install/navigation_pkg/share/ament_index/resource_index/package_run_dependencies/navigation_pkg
[0.358s] -- Up-to-date: /home/anaase_linux/RM_prac/install/navigation_pkg/share/ament_index/resource_index/parent_prefix_path/navigation_pkg
[0.358s] -- Up-to-date: /home/anaase_linux/RM_prac/install/navigation_pkg/share/navigation_pkg/environment/ament_prefix_path.sh
[0.358s] -- Up-to-date: /home/anaase_linux/RM_prac/install/navigation_pkg/share/navigation_pkg/environment/ament_prefix_path.dsv
[0.359s] -- Up-to-date: /home/anaase_linux/RM_prac/install/navigation_pkg/share/navigation_pkg/environment/path.sh
[0.359s] -- Up-to-date: /home/anaase_linux/RM_prac/install/navigation_pkg/share/navigation_pkg/environment/path.dsv
[0.359s] -- Up-to-date: /home/anaase_linux/RM_prac/install/navigation_pkg/share/navigation_pkg/local_setup.bash
[0.359s] -- Up-to-date: /home/anaase_linux/RM_prac/install/navigation_pkg/share/navigation_pkg/local_setup.sh
[0.359s] -- Up-to-date: /home/anaase_linux/RM_prac/install/navigation_pkg/share/navigation_pkg/local_setup.zsh
[0.359s] -- Up-to-date: /home/anaase_linux/RM_prac/install/navigation_pkg/share/navigation_pkg/local_setup.dsv
[0.360s] -- Installing: /home/anaase_linux/RM_prac/install/navigation_pkg/share/navigation_pkg/package.dsv
[0.360s] -- Up-to-date: /home/anaase_linux/RM_prac/install/navigation_pkg/share/ament_index/resource_index/packages/navigation_pkg
[0.360s] -- Up-to-date: /home/anaase_linux/RM_prac/install/navigation_pkg/share/navigation_pkg/cmake/navigation_pkgConfig.cmake
[0.360s] -- Up-to-date: /home/anaase_linux/RM_prac/install/navigation_pkg/share/navigation_pkg/cmake/navigation_pkgConfig-version.cmake
[0.360s] -- Up-to-date: /home/anaase_linux/RM_prac/install/navigation_pkg/share/navigation_pkg/package.xml
[0.372s] Invoked command in '/home/anaase_linux/RM_prac/build/navigation_pkg' returned '0': CMAKE_PREFIX_PATH=${CMAKE_PREFIX_PATH}:/home/anaase_linux/RM_prac/install/turtlebot3_dqn:/opt/ros/humble /usr/bin/cmake --install /home/anaase_linux/RM_prac/build/navigation_pkg
