[0.295s] Invoking command in '/home/anaase_linux/RM_prac/build/upv_maps_pkg': CMAKE_PREFIX_PATH=${CMAKE_PREFIX_PATH}:/home/anaase_linux/RM_prac/install/turtlebot3_dqn:/opt/ros/humble /usr/bin/cmake --build /home/anaase_linux/RM_prac/build/upv_maps_pkg -- -j22 -l22
[0.379s] Invoked command in '/home/anaase_linux/RM_prac/build/upv_maps_pkg' returned '0': CMAKE_PREFIX_PATH=${CMAKE_PREFIX_PATH}:/home/anaase_linux/RM_prac/install/turtlebot3_dqn:/opt/ros/humble /usr/bin/cmake --build /home/anaase_linux/RM_prac/build/upv_maps_pkg -- -j22 -l22
[0.381s] Invoking command in '/home/anaase_linux/RM_prac/build/upv_maps_pkg': CMAKE_PREFIX_PATH=${CMAKE_PREFIX_PATH}:/home/anaase_linux/RM_prac/install/turtlebot3_dqn:/opt/ros/humble /usr/bin/cmake --install /home/anaase_linux/RM_prac/build/upv_maps_pkg
[0.450s] -- Install configuration: ""
[0.450s] -- Up-to-date: /home/anaase_linux/RM_prac/install/upv_maps_pkg/share/upv_maps_pkg/maps
[0.451s] -- Up-to-date: /home/anaase_linux/RM_prac/install/upv_maps_pkg/share/upv_maps_pkg/maps/coppeliasim
[0.451s] -- Up-to-date: /home/anaase_linux/RM_prac/install/upv_maps_pkg/share/upv_maps_pkg/maps/coppeliasim/speed_mask_coppeliasim_map.yaml
[0.451s] -- Up-to-date: /home/anaase_linux/RM_prac/install/upv_maps_pkg/share/upv_maps_pkg/maps/coppeliasim/coppeliasim_map.pgm
[0.451s] -- Up-to-date: /home/anaase_linux/RM_prac/install/upv_maps_pkg/share/upv_maps_pkg/maps/coppeliasim/coppeliasim_map.yaml
[0.451s] -- Up-to-date: /home/anaase_linux/RM_prac/install/upv_maps_pkg/share/upv_maps_pkg/maps/coppeliasim/speed_mask_coppeliasim_map.pgm
[0.451s] -- Up-to-date: /home/anaase_linux/RM_prac/install/upv_maps_pkg/share/upv_maps_pkg/maps/disa
[0.451s] -- Up-to-date: /home/anaase_linux/RM_prac/install/upv_maps_pkg/share/upv_maps_pkg/maps/disa/simulacion2_aula_room_map.pgm
[0.451s] -- Up-to-date: /home/anaase_linux/RM_prac/install/upv_maps_pkg/share/upv_maps_pkg/maps/disa/simulacion2_aula_room_map.yaml
[0.451s] -- Up-to-date: /home/anaase_linux/RM_prac/install/upv_maps_pkg/share/upv_maps_pkg/maps/disa/simulacion2_room_map.pgm
[0.451s] -- Up-to-date: /home/anaase_linux/RM_prac/install/upv_maps_pkg/share/upv_maps_pkg/maps/disa/simulacion2_aula_map.yaml
[0.451s] -- Up-to-date: /home/anaase_linux/RM_prac/install/upv_maps_pkg/share/upv_maps_pkg/maps/disa/simulacion2_room_map.yaml
[0.451s] -- Up-to-date: /home/anaase_linux/RM_prac/install/upv_maps_pkg/share/upv_maps_pkg/maps/disa/simulacion2_aula_map.pgm
[0.451s] -- Up-to-date: /home/anaase_linux/RM_prac/install/upv_maps_pkg/share/upv_maps_pkg/maps/etsinf
[0.451s] -- Up-to-date: /home/anaase_linux/RM_prac/install/upv_maps_pkg/share/upv_maps_pkg/maps/etsinf/lab_map.yaml
[0.452s] -- Up-to-date: /home/anaase_linux/RM_prac/install/upv_maps_pkg/share/upv_maps_pkg/maps/etsinf/speed_mask_lab_map.yaml
[0.452s] -- Up-to-date: /home/anaase_linux/RM_prac/install/upv_maps_pkg/share/upv_maps_pkg/maps/etsinf/lab_map.pgm
[0.452s] -- Up-to-date: /home/anaase_linux/RM_prac/install/upv_maps_pkg/share/upv_maps_pkg/maps/etsinf/speed_mask_lab_map.pgm
[0.452s] -- Up-to-date: /home/anaase_linux/RM_prac/install/upv_maps_pkg/share/ament_index/resource_index/package_run_dependencies/upv_maps_pkg
[0.452s] -- Up-to-date: /home/anaase_linux/RM_prac/install/upv_maps_pkg/share/ament_index/resource_index/parent_prefix_path/upv_maps_pkg
[0.452s] -- Up-to-date: /home/anaase_linux/RM_prac/install/upv_maps_pkg/share/upv_maps_pkg/environment/ament_prefix_path.sh
[0.452s] -- Up-to-date: /home/anaase_linux/RM_prac/install/upv_maps_pkg/share/upv_maps_pkg/environment/ament_prefix_path.dsv
[0.452s] -- Up-to-date: /home/anaase_linux/RM_prac/install/upv_maps_pkg/share/upv_maps_pkg/environment/path.sh
[0.452s] -- Up-to-date: /home/anaase_linux/RM_prac/install/upv_maps_pkg/share/upv_maps_pkg/environment/path.dsv
[0.452s] -- Up-to-date: /home/anaase_linux/RM_prac/install/upv_maps_pkg/share/upv_maps_pkg/local_setup.bash
[0.452s] -- Up-to-date: /home/anaase_linux/RM_prac/install/upv_maps_pkg/share/upv_maps_pkg/local_setup.sh
[0.452s] -- Up-to-date: /home/anaase_linux/RM_prac/install/upv_maps_pkg/share/upv_maps_pkg/local_setup.zsh
[0.453s] -- Up-to-date: /home/anaase_linux/RM_prac/install/upv_maps_pkg/share/upv_maps_pkg/local_setup.dsv
[0.453s] -- Installing: /home/anaase_linux/RM_prac/install/upv_maps_pkg/share/upv_maps_pkg/package.dsv
[0.453s] -- Up-to-date: /home/anaase_linux/RM_prac/install/upv_maps_pkg/share/ament_index/resource_index/packages/upv_maps_pkg
[0.453s] -- Up-to-date: /home/anaase_linux/RM_prac/install/upv_maps_pkg/share/upv_maps_pkg/cmake/upv_maps_pkgConfig.cmake
[0.453s] -- Up-to-date: /home/anaase_linux/RM_prac/install/upv_maps_pkg/share/upv_maps_pkg/cmake/upv_maps_pkgConfig-version.cmake
[0.453s] -- Up-to-date: /home/anaase_linux/RM_prac/install/upv_maps_pkg/share/upv_maps_pkg/package.xml
[0.479s] Invoked command in '/home/anaase_linux/RM_prac/build/upv_maps_pkg' returned '0': CMAKE_PREFIX_PATH=${CMAKE_PREFIX_PATH}:/home/anaase_linux/RM_prac/install/turtlebot3_dqn:/opt/ros/humble /usr/bin/cmake --install /home/anaase_linux/RM_prac/build/upv_maps_pkg
