[0.061s] Invoking command in '/home/anaase_linux/RM_prac/build/kinematic_control_pkg': CMAKE_PREFIX_PATH=${CMAKE_PREFIX_PATH}:/home/anaase_linux/RM_prac/install/turtlebot3_dqn:/opt/ros/humble /usr/bin/cmake --build /home/anaase_linux/RM_prac/build/kinematic_control_pkg -- -j22 -l22
[0.318s] [35m[1mConsolidate compiler generated dependencies of target kinematic_control_pkg__rosidl_generator_c[0m
[0.318s] [  2%] Built target kinematic_control_pkg__cpp
[0.318s] [  5%] Built target kinematic_control_pkg__rs
[0.319s] [35m[1mConsolidate compiler generated dependencies of target kinematic_control_pkg__rosidl_typesupport_fastrtps_cpp[0m
[0.319s] [35m[1mConsolidate compiler generated dependencies of target kinematic_control_pkg__rosidl_typesupport_cpp[0m
[0.319s] [  5%] Built target ament_cmake_python_copy_kinematic_control_pkg
[0.319s] [35m[1mConsolidate compiler generated dependencies of target kinematic_control_pkg__rosidl_typesupport_introspection_cpp[0m
[0.319s] [ 13%] Built target kinematic_control_pkg__rosidl_generator_c
[0.319s] [ 22%] Built target kinematic_control_pkg__rosidl_typesupport_introspection_cpp
[0.319s] [ 30%] Built target kinematic_control_pkg__rosidl_typesupport_cpp
[0.319s] [ 38%] Built target kinematic_control_pkg__rosidl_typesupport_fastrtps_cpp
[0.320s] [35m[1mConsolidate compiler generated dependencies of target kinematic_control_pkg__rosidl_typesupport_introspection_c[0m
[0.320s] [35m[1mConsolidate compiler generated dependencies of target kinematic_control_pkg__rosidl_typesupport_fastrtps_c[0m
[0.320s] [35m[1mConsolidate compiler generated dependencies of target kinematic_control_pkg__rosidl_typesupport_c[0m
[0.320s] [35m[1mConsolidate compiler generated dependencies of target infinite_reference_node[0m
[0.320s] [35m[1mConsolidate compiler generated dependencies of target controller_odom[0m
[0.320s] [ 47%] Built target kinematic_control_pkg__rosidl_typesupport_introspection_c
[0.320s] [ 55%] Built target kinematic_control_pkg__rosidl_typesupport_fastrtps_c
[0.320s] [ 63%] Built target kinematic_control_pkg__rosidl_typesupport_c
[0.320s] [ 69%] Built target infinite_reference_node
[0.320s] [ 75%] Built target controller_odom
[0.321s] [ 75%] Built target kinematic_control_pkg
[0.328s] [ 77%] Built target kinematic_control_pkg__py
[0.333s] [35m[1mConsolidate compiler generated dependencies of target kinematic_control_pkg__rosidl_generator_py[0m
[0.346s] [ 83%] Built target kinematic_control_pkg__rosidl_generator_py
[0.357s] [35m[1mConsolidate compiler generated dependencies of target kinematic_control_pkg__rosidl_typesupport_c__pyext[0m
[0.357s] [35m[1mConsolidate compiler generated dependencies of target kinematic_control_pkg__rosidl_typesupport_fastrtps_c__pyext[0m
[0.357s] [35m[1mConsolidate compiler generated dependencies of target kinematic_control_pkg__rosidl_typesupport_introspection_c__pyext[0m
[0.366s] [ 88%] Built target kinematic_control_pkg__rosidl_typesupport_fastrtps_c__pyext
[0.366s] [ 94%] Built target kinematic_control_pkg__rosidl_typesupport_c__pyext
[0.370s] [100%] Built target kinematic_control_pkg__rosidl_typesupport_introspection_c__pyext
[0.428s] running egg_info
[0.429s] writing kinematic_control_pkg.egg-info/PKG-INFO
[0.430s] writing dependency_links to kinematic_control_pkg.egg-info/dependency_links.txt
[0.430s] writing top-level names to kinematic_control_pkg.egg-info/top_level.txt
[0.430s] reading manifest file 'kinematic_control_pkg.egg-info/SOURCES.txt'
[0.431s] writing manifest file 'kinematic_control_pkg.egg-info/SOURCES.txt'
[0.459s] [100%] Built target ament_cmake_python_build_kinematic_control_pkg_egg
[0.516s] Invoked command in '/home/anaase_linux/RM_prac/build/kinematic_control_pkg' returned '0': CMAKE_PREFIX_PATH=${CMAKE_PREFIX_PATH}:/home/anaase_linux/RM_prac/install/turtlebot3_dqn:/opt/ros/humble /usr/bin/cmake --build /home/anaase_linux/RM_prac/build/kinematic_control_pkg -- -j22 -l22
[0.519s] Invoking command in '/home/anaase_linux/RM_prac/build/kinematic_control_pkg': CMAKE_PREFIX_PATH=${CMAKE_PREFIX_PATH}:/home/anaase_linux/RM_prac/install/turtlebot3_dqn:/opt/ros/humble /usr/bin/cmake --install /home/anaase_linux/RM_prac/build/kinematic_control_pkg
[0.524s] -- Install configuration: ""
[0.525s] -- Up-to-date: /home/anaase_linux/RM_prac/install/kinematic_control_pkg/share/ament_index/resource_index/rosidl_interfaces/kinematic_control_pkg
[0.525s] -- Up-to-date: /home/anaase_linux/RM_prac/install/kinematic_control_pkg/include/kinematic_control_pkg/kinematic_control_pkg
[0.526s] -- Up-to-date: /home/anaase_linux/RM_prac/install/kinematic_control_pkg/include/kinematic_control_pkg/kinematic_control_pkg/msg
[0.526s] -- Up-to-date: /home/anaase_linux/RM_prac/install/kinematic_control_pkg/include/kinematic_control_pkg/kinematic_control_pkg/msg/reference.h
[0.526s] -- Up-to-date: /home/anaase_linux/RM_prac/install/kinematic_control_pkg/include/kinematic_control_pkg/kinematic_control_pkg/msg/rosidl_generator_c__visibility_control.h
[0.526s] -- Up-to-date: /home/anaase_linux/RM_prac/install/kinematic_control_pkg/include/kinematic_control_pkg/kinematic_control_pkg/msg/detail
[0.526s] -- Up-to-date: /home/anaase_linux/RM_prac/install/kinematic_control_pkg/include/kinematic_control_pkg/kinematic_control_pkg/msg/detail/reference__struct.h
[0.526s] -- Up-to-date: /home/anaase_linux/RM_prac/install/kinematic_control_pkg/include/kinematic_control_pkg/kinematic_control_pkg/msg/detail/reference__functions.h
[0.527s] -- Up-to-date: /home/anaase_linux/RM_prac/install/kinematic_control_pkg/include/kinematic_control_pkg/kinematic_control_pkg/msg/detail/reference__type_support.h
[0.527s] -- Up-to-date: /home/anaase_linux/RM_prac/install/kinematic_control_pkg/include/kinematic_control_pkg/kinematic_control_pkg/msg/detail/reference__functions.c
[0.528s] -- Up-to-date: /home/anaase_linux/RM_prac/install/kinematic_control_pkg/share/kinematic_control_pkg/environment/library_path.sh
[0.528s] -- Up-to-date: /home/anaase_linux/RM_prac/install/kinematic_control_pkg/share/kinematic_control_pkg/environment/library_path.dsv
[0.528s] -- Up-to-date: /home/anaase_linux/RM_prac/install/kinematic_control_pkg/lib/libkinematic_control_pkg__rosidl_generator_c.so
[0.529s] -- Up-to-date: /home/anaase_linux/RM_prac/install/kinematic_control_pkg/include/kinematic_control_pkg/kinematic_control_pkg
[0.529s] -- Up-to-date: /home/anaase_linux/RM_prac/install/kinematic_control_pkg/include/kinematic_control_pkg/kinematic_control_pkg/msg
[0.529s] -- Up-to-date: /home/anaase_linux/RM_prac/install/kinematic_control_pkg/include/kinematic_control_pkg/kinematic_control_pkg/msg/detail
[0.529s] -- Up-to-date: /home/anaase_linux/RM_prac/install/kinematic_control_pkg/include/kinematic_control_pkg/kinematic_control_pkg/msg/detail/reference__rosidl_typesupport_fastrtps_c.h
[0.529s] -- Up-to-date: /home/anaase_linux/RM_prac/install/kinematic_control_pkg/include/kinematic_control_pkg/kinematic_control_pkg/msg/rosidl_typesupport_fastrtps_c__visibility_control.h
[0.529s] -- Up-to-date: /home/anaase_linux/RM_prac/install/kinematic_control_pkg/lib/libkinematic_control_pkg__rosidl_typesupport_fastrtps_c.so
[0.529s] -- Up-to-date: /home/anaase_linux/RM_prac/install/kinematic_control_pkg/include/kinematic_control_pkg/kinematic_control_pkg
[0.529s] -- Up-to-date: /home/anaase_linux/RM_prac/install/kinematic_control_pkg/include/kinematic_control_pkg/kinematic_control_pkg/msg
[0.529s] -- Up-to-date: /home/anaase_linux/RM_prac/install/kinematic_control_pkg/include/kinematic_control_pkg/kinematic_control_pkg/msg/rosidl_generator_cpp__visibility_control.hpp
[0.529s] -- Up-to-date: /home/anaase_linux/RM_prac/install/kinematic_control_pkg/include/kinematic_control_pkg/kinematic_control_pkg/msg/detail
[0.529s] -- Up-to-date: /home/anaase_linux/RM_prac/install/kinematic_control_pkg/include/kinematic_control_pkg/kinematic_control_pkg/msg/detail/reference__builder.hpp
[0.530s] -- Up-to-date: /home/anaase_linux/RM_prac/install/kinematic_control_pkg/include/kinematic_control_pkg/kinematic_control_pkg/msg/detail/reference__traits.hpp
[0.530s] -- Up-to-date: /home/anaase_linux/RM_prac/install/kinematic_control_pkg/include/kinematic_control_pkg/kinematic_control_pkg/msg/detail/reference__struct.hpp
[0.530s] -- Up-to-date: /home/anaase_linux/RM_prac/install/kinematic_control_pkg/include/kinematic_control_pkg/kinematic_control_pkg/msg/detail/reference__type_support.hpp
[0.530s] -- Up-to-date: /home/anaase_linux/RM_prac/install/kinematic_control_pkg/include/kinematic_control_pkg/kinematic_control_pkg/msg/reference.hpp
[0.531s] -- Up-to-date: /home/anaase_linux/RM_prac/install/kinematic_control_pkg/include/kinematic_control_pkg/kinematic_control_pkg
[0.531s] -- Up-to-date: /home/anaase_linux/RM_prac/install/kinematic_control_pkg/include/kinematic_control_pkg/kinematic_control_pkg/msg
[0.531s] -- Up-to-date: /home/anaase_linux/RM_prac/install/kinematic_control_pkg/include/kinematic_control_pkg/kinematic_control_pkg/msg/rosidl_typesupport_fastrtps_cpp__visibility_control.h
[0.531s] -- Up-to-date: /home/anaase_linux/RM_prac/install/kinematic_control_pkg/include/kinematic_control_pkg/kinematic_control_pkg/msg/detail
[0.531s] -- Up-to-date: /home/anaase_linux/RM_prac/install/kinematic_control_pkg/include/kinematic_control_pkg/kinematic_control_pkg/msg/detail/reference__rosidl_typesupport_fastrtps_cpp.hpp
[0.531s] -- Up-to-date: /home/anaase_linux/RM_prac/install/kinematic_control_pkg/include/kinematic_control_pkg/kinematic_control_pkg/msg/detail/dds_fastrtps
[0.532s] -- Up-to-date: /home/anaase_linux/RM_prac/install/kinematic_control_pkg/lib/libkinematic_control_pkg__rosidl_typesupport_fastrtps_cpp.so
[0.532s] -- Up-to-date: /home/anaase_linux/RM_prac/install/kinematic_control_pkg/include/kinematic_control_pkg/kinematic_control_pkg
[0.532s] -- Up-to-date: /home/anaase_linux/RM_prac/install/kinematic_control_pkg/include/kinematic_control_pkg/kinematic_control_pkg/msg
[0.532s] -- Up-to-date: /home/anaase_linux/RM_prac/install/kinematic_control_pkg/include/kinematic_control_pkg/kinematic_control_pkg/msg/rosidl_typesupport_introspection_c__visibility_control.h
[0.532s] -- Up-to-date: /home/anaase_linux/RM_prac/install/kinematic_control_pkg/include/kinematic_control_pkg/kinematic_control_pkg/msg/detail
[0.532s] -- Up-to-date: /home/anaase_linux/RM_prac/install/kinematic_control_pkg/include/kinematic_control_pkg/kinematic_control_pkg/msg/detail/reference__rosidl_typesupport_introspection_c.h
[0.533s] -- Up-to-date: /home/anaase_linux/RM_prac/install/kinematic_control_pkg/include/kinematic_control_pkg/kinematic_control_pkg/msg/detail/reference__type_support.c
[0.533s] -- Up-to-date: /home/anaase_linux/RM_prac/install/kinematic_control_pkg/lib/libkinematic_control_pkg__rosidl_typesupport_introspection_c.so
[0.533s] -- Up-to-date: /home/anaase_linux/RM_prac/install/kinematic_control_pkg/lib/libkinematic_control_pkg__rosidl_typesupport_c.so
[0.533s] -- Up-to-date: /home/anaase_linux/RM_prac/install/kinematic_control_pkg/include/kinematic_control_pkg/kinematic_control_pkg
[0.533s] -- Up-to-date: /home/anaase_linux/RM_prac/install/kinematic_control_pkg/include/kinematic_control_pkg/kinematic_control_pkg/msg
[0.533s] -- Up-to-date: /home/anaase_linux/RM_prac/install/kinematic_control_pkg/include/kinematic_control_pkg/kinematic_control_pkg/msg/detail
[0.533s] -- Up-to-date: /home/anaase_linux/RM_prac/install/kinematic_control_pkg/include/kinematic_control_pkg/kinematic_control_pkg/msg/detail/reference__rosidl_typesupport_introspection_cpp.hpp
[0.533s] -- Up-to-date: /home/anaase_linux/RM_prac/install/kinematic_control_pkg/include/kinematic_control_pkg/kinematic_control_pkg/msg/detail/reference__type_support.cpp
[0.533s] -- Up-to-date: /home/anaase_linux/RM_prac/install/kinematic_control_pkg/lib/libkinematic_control_pkg__rosidl_typesupport_introspection_cpp.so
[0.533s] -- Up-to-date: /home/anaase_linux/RM_prac/install/kinematic_control_pkg/lib/libkinematic_control_pkg__rosidl_typesupport_cpp.so
[0.533s] -- Up-to-date: /home/anaase_linux/RM_prac/install/kinematic_control_pkg/share/kinematic_control_pkg/environment/pythonpath.sh
[0.533s] -- Up-to-date: /home/anaase_linux/RM_prac/install/kinematic_control_pkg/share/kinematic_control_pkg/environment/pythonpath.dsv
[0.533s] -- Up-to-date: /home/anaase_linux/RM_prac/install/kinematic_control_pkg/local/lib/python3.10/dist-packages/kinematic_control_pkg-0.0.0-py3.10.egg-info
[0.534s] -- Installing: /home/anaase_linux/RM_prac/install/kinematic_control_pkg/local/lib/python3.10/dist-packages/kinematic_control_pkg-0.0.0-py3.10.egg-info/top_level.txt
[0.534s] -- Installing: /home/anaase_linux/RM_prac/install/kinematic_control_pkg/local/lib/python3.10/dist-packages/kinematic_control_pkg-0.0.0-py3.10.egg-info/PKG-INFO
[0.534s] -- Installing: /home/anaase_linux/RM_prac/install/kinematic_control_pkg/local/lib/python3.10/dist-packages/kinematic_control_pkg-0.0.0-py3.10.egg-info/SOURCES.txt
[0.534s] -- Installing: /home/anaase_linux/RM_prac/install/kinematic_control_pkg/local/lib/python3.10/dist-packages/kinematic_control_pkg-0.0.0-py3.10.egg-info/dependency_links.txt
[0.534s] -- Up-to-date: /home/anaase_linux/RM_prac/install/kinematic_control_pkg/local/lib/python3.10/dist-packages/kinematic_control_pkg
[0.534s] -- Up-to-date: /home/anaase_linux/RM_prac/install/kinematic_control_pkg/local/lib/python3.10/dist-packages/kinematic_control_pkg/libkinematic_control_pkg__rosidl_generator_py.so
[0.534s] -- Up-to-date: /home/anaase_linux/RM_prac/install/kinematic_control_pkg/local/lib/python3.10/dist-packages/kinematic_control_pkg/__init__.py
[0.534s] -- Up-to-date: /home/anaase_linux/RM_prac/install/kinematic_control_pkg/local/lib/python3.10/dist-packages/kinematic_control_pkg/_kinematic_control_pkg_s.ep.rosidl_typesupport_fastrtps_c.c
[0.534s] -- Up-to-date: /home/anaase_linux/RM_prac/install/kinematic_control_pkg/local/lib/python3.10/dist-packages/kinematic_control_pkg/_kinematic_control_pkg_s.ep.rosidl_typesupport_introspection_c.c
[0.534s] -- Up-to-date: /home/anaase_linux/RM_prac/install/kinematic_control_pkg/local/lib/python3.10/dist-packages/kinematic_control_pkg/_kinematic_control_pkg_s.ep.rosidl_typesupport_c.c
[0.534s] -- Up-to-date: /home/anaase_linux/RM_prac/install/kinematic_control_pkg/local/lib/python3.10/dist-packages/kinematic_control_pkg/kinematic_control_pkg_s__rosidl_typesupport_c.cpython-310-x86_64-linux-gnu.so
[0.534s] -- Up-to-date: /home/anaase_linux/RM_prac/install/kinematic_control_pkg/local/lib/python3.10/dist-packages/kinematic_control_pkg/kinematic_control_pkg_s__rosidl_typesupport_introspection_c.cpython-310-x86_64-linux-gnu.so
[0.534s] -- Up-to-date: /home/anaase_linux/RM_prac/install/kinematic_control_pkg/local/lib/python3.10/dist-packages/kinematic_control_pkg/msg
[0.534s] -- Up-to-date: /home/anaase_linux/RM_prac/install/kinematic_control_pkg/local/lib/python3.10/dist-packages/kinematic_control_pkg/msg/__init__.py
[0.534s] -- Up-to-date: /home/anaase_linux/RM_prac/install/kinematic_control_pkg/local/lib/python3.10/dist-packages/kinematic_control_pkg/msg/_reference_s.c
[0.534s] -- Up-to-date: /home/anaase_linux/RM_prac/install/kinematic_control_pkg/local/lib/python3.10/dist-packages/kinematic_control_pkg/msg/_reference.py
[0.534s] -- Up-to-date: /home/anaase_linux/RM_prac/install/kinematic_control_pkg/local/lib/python3.10/dist-packages/kinematic_control_pkg/kinematic_control_pkg_s__rosidl_typesupport_fastrtps_c.cpython-310-x86_64-linux-gnu.so
[0.554s] Listing '/home/anaase_linux/RM_prac/install/kinematic_control_pkg/local/lib/python3.10/dist-packages/kinematic_control_pkg'...
[0.554s] Listing '/home/anaase_linux/RM_prac/install/kinematic_control_pkg/local/lib/python3.10/dist-packages/kinematic_control_pkg/msg'...
[0.557s] -- Up-to-date: /home/anaase_linux/RM_prac/install/kinematic_control_pkg/local/lib/python3.10/dist-packages/kinematic_control_pkg/kinematic_control_pkg_s__rosidl_typesupport_fastrtps_c.cpython-310-x86_64-linux-gnu.so
[0.558s] -- Up-to-date: /home/anaase_linux/RM_prac/install/kinematic_control_pkg/local/lib/python3.10/dist-packages/kinematic_control_pkg/kinematic_control_pkg_s__rosidl_typesupport_introspection_c.cpython-310-x86_64-linux-gnu.so
[0.558s] -- Up-to-date: /home/anaase_linux/RM_prac/install/kinematic_control_pkg/local/lib/python3.10/dist-packages/kinematic_control_pkg/kinematic_control_pkg_s__rosidl_typesupport_c.cpython-310-x86_64-linux-gnu.so
[0.559s] -- Up-to-date: /home/anaase_linux/RM_prac/install/kinematic_control_pkg/lib/libkinematic_control_pkg__rosidl_generator_py.so
[0.559s] -- Up-to-date: /home/anaase_linux/RM_prac/install/kinematic_control_pkg/share/ament_index/resource_index/rust_packages/kinematic_control_pkg
[0.560s] -- Up-to-date: /home/anaase_linux/RM_prac/install/kinematic_control_pkg/share/kinematic_control_pkg/rust
[0.560s] -- Up-to-date: /home/anaase_linux/RM_prac/install/kinematic_control_pkg/share/kinematic_control_pkg/rust/src
[0.560s] -- Up-to-date: /home/anaase_linux/RM_prac/install/kinematic_control_pkg/share/kinematic_control_pkg/rust/src/lib.rs
[0.560s] -- Up-to-date: /home/anaase_linux/RM_prac/install/kinematic_control_pkg/share/kinematic_control_pkg/rust/src/msg.rs
[0.560s] -- Up-to-date: /home/anaase_linux/RM_prac/install/kinematic_control_pkg/share/kinematic_control_pkg/rust/src/msg
[0.561s] -- Up-to-date: /home/anaase_linux/RM_prac/install/kinematic_control_pkg/share/kinematic_control_pkg/rust/src/msg/rmw.rs
[0.561s] -- Up-to-date: /home/anaase_linux/RM_prac/install/kinematic_control_pkg/share/kinematic_control_pkg/rust/Cargo.toml
[0.561s] -- Up-to-date: /home/anaase_linux/RM_prac/install/kinematic_control_pkg/share/kinematic_control_pkg/rust/build.rs
[0.561s] -- Up-to-date: /home/anaase_linux/RM_prac/install/kinematic_control_pkg/share/kinematic_control_pkg/msg/Reference.idl
[0.561s] -- Up-to-date: /home/anaase_linux/RM_prac/install/kinematic_control_pkg/share/kinematic_control_pkg/msg/Reference.msg
[0.562s] -- Up-to-date: /home/anaase_linux/RM_prac/install/kinematic_control_pkg/lib/kinematic_control_pkg/controller_odom
[0.563s] -- Up-to-date: /home/anaase_linux/RM_prac/install/kinematic_control_pkg/lib/kinematic_control_pkg/infinite_reference_node
[0.564s] -- Up-to-date: /home/anaase_linux/RM_prac/install/kinematic_control_pkg/share/kinematic_control_pkg/msg
[0.564s] -- Up-to-date: /home/anaase_linux/RM_prac/install/kinematic_control_pkg/share/kinematic_control_pkg/msg/Reference.msg
[0.564s] -- Up-to-date: /home/anaase_linux/RM_prac/install/kinematic_control_pkg/share/kinematic_control_pkg/launch
[0.564s] -- Up-to-date: /home/anaase_linux/RM_prac/install/kinematic_control_pkg/share/kinematic_control_pkg/launch/kinematic_controller.launch.py
[0.564s] -- Up-to-date: /home/anaase_linux/RM_prac/install/kinematic_control_pkg/share/kinematic_control_pkg/launch/rviz2.launch.py
[0.564s] -- Up-to-date: /home/anaase_linux/RM_prac/install/kinematic_control_pkg/share/kinematic_control_pkg/rviz
[0.565s] -- Up-to-date: /home/anaase_linux/RM_prac/install/kinematic_control_pkg/share/kinematic_control_pkg/rviz/tb3_rviz2.rviz
[0.565s] -- Up-to-date: /home/anaase_linux/RM_prac/install/kinematic_control_pkg/share/ament_index/resource_index/package_run_dependencies/kinematic_control_pkg
[0.565s] -- Up-to-date: /home/anaase_linux/RM_prac/install/kinematic_control_pkg/share/ament_index/resource_index/parent_prefix_path/kinematic_control_pkg
[0.565s] -- Up-to-date: /home/anaase_linux/RM_prac/install/kinematic_control_pkg/share/kinematic_control_pkg/environment/ament_prefix_path.sh
[0.566s] -- Up-to-date: /home/anaase_linux/RM_prac/install/kinematic_control_pkg/share/kinematic_control_pkg/environment/ament_prefix_path.dsv
[0.566s] -- Up-to-date: /home/anaase_linux/RM_prac/install/kinematic_control_pkg/share/kinematic_control_pkg/environment/path.sh
[0.566s] -- Up-to-date: /home/anaase_linux/RM_prac/install/kinematic_control_pkg/share/kinematic_control_pkg/environment/path.dsv
[0.566s] -- Up-to-date: /home/anaase_linux/RM_prac/install/kinematic_control_pkg/share/kinematic_control_pkg/local_setup.bash
[0.566s] -- Up-to-date: /home/anaase_linux/RM_prac/install/kinematic_control_pkg/share/kinematic_control_pkg/local_setup.sh
[0.566s] -- Up-to-date: /home/anaase_linux/RM_prac/install/kinematic_control_pkg/share/kinematic_control_pkg/local_setup.zsh
[0.566s] -- Up-to-date: /home/anaase_linux/RM_prac/install/kinematic_control_pkg/share/kinematic_control_pkg/local_setup.dsv
[0.566s] -- Installing: /home/anaase_linux/RM_prac/install/kinematic_control_pkg/share/kinematic_control_pkg/package.dsv
[0.567s] -- Up-to-date: /home/anaase_linux/RM_prac/install/kinematic_control_pkg/share/ament_index/resource_index/packages/kinematic_control_pkg
[0.568s] -- Up-to-date: /home/anaase_linux/RM_prac/install/kinematic_control_pkg/share/kinematic_control_pkg/cmake/export_kinematic_control_pkg__rosidl_generator_cExport.cmake
[0.568s] -- Up-to-date: /home/anaase_linux/RM_prac/install/kinematic_control_pkg/share/kinematic_control_pkg/cmake/export_kinematic_control_pkg__rosidl_generator_cExport-noconfig.cmake
[0.568s] -- Up-to-date: /home/anaase_linux/RM_prac/install/kinematic_control_pkg/share/kinematic_control_pkg/cmake/export_kinematic_control_pkg__rosidl_typesupport_fastrtps_cExport.cmake
[0.569s] -- Up-to-date: /home/anaase_linux/RM_prac/install/kinematic_control_pkg/share/kinematic_control_pkg/cmake/export_kinematic_control_pkg__rosidl_typesupport_fastrtps_cExport-noconfig.cmake
[0.569s] -- Up-to-date: /home/anaase_linux/RM_prac/install/kinematic_control_pkg/share/kinematic_control_pkg/cmake/export_kinematic_control_pkg__rosidl_generator_cppExport.cmake
[0.569s] -- Up-to-date: /home/anaase_linux/RM_prac/install/kinematic_control_pkg/share/kinematic_control_pkg/cmake/export_kinematic_control_pkg__rosidl_typesupport_fastrtps_cppExport.cmake
[0.569s] -- Up-to-date: /home/anaase_linux/RM_prac/install/kinematic_control_pkg/share/kinematic_control_pkg/cmake/export_kinematic_control_pkg__rosidl_typesupport_fastrtps_cppExport-noconfig.cmake
[0.570s] -- Up-to-date: /home/anaase_linux/RM_prac/install/kinematic_control_pkg/share/kinematic_control_pkg/cmake/kinematic_control_pkg__rosidl_typesupport_introspection_cExport.cmake
[0.570s] -- Up-to-date: /home/anaase_linux/RM_prac/install/kinematic_control_pkg/share/kinematic_control_pkg/cmake/kinematic_control_pkg__rosidl_typesupport_introspection_cExport-noconfig.cmake
[0.570s] -- Up-to-date: /home/anaase_linux/RM_prac/install/kinematic_control_pkg/share/kinematic_control_pkg/cmake/kinematic_control_pkg__rosidl_typesupport_cExport.cmake
[0.571s] -- Up-to-date: /home/anaase_linux/RM_prac/install/kinematic_control_pkg/share/kinematic_control_pkg/cmake/kinematic_control_pkg__rosidl_typesupport_cExport-noconfig.cmake
[0.571s] -- Up-to-date: /home/anaase_linux/RM_prac/install/kinematic_control_pkg/share/kinematic_control_pkg/cmake/kinematic_control_pkg__rosidl_typesupport_introspection_cppExport.cmake
[0.571s] -- Up-to-date: /home/anaase_linux/RM_prac/install/kinematic_control_pkg/share/kinematic_control_pkg/cmake/kinematic_control_pkg__rosidl_typesupport_introspection_cppExport-noconfig.cmake
[0.571s] -- Up-to-date: /home/anaase_linux/RM_prac/install/kinematic_control_pkg/share/kinematic_control_pkg/cmake/kinematic_control_pkg__rosidl_typesupport_cppExport.cmake
[0.571s] -- Up-to-date: /home/anaase_linux/RM_prac/install/kinematic_control_pkg/share/kinematic_control_pkg/cmake/kinematic_control_pkg__rosidl_typesupport_cppExport-noconfig.cmake
[0.572s] -- Up-to-date: /home/anaase_linux/RM_prac/install/kinematic_control_pkg/share/kinematic_control_pkg/cmake/export_kinematic_control_pkg__rosidl_generator_pyExport.cmake
[0.572s] -- Up-to-date: /home/anaase_linux/RM_prac/install/kinematic_control_pkg/share/kinematic_control_pkg/cmake/export_kinematic_control_pkg__rosidl_generator_pyExport-noconfig.cmake
[0.572s] -- Up-to-date: /home/anaase_linux/RM_prac/install/kinematic_control_pkg/share/kinematic_control_pkg/cmake/rosidl_cmake-extras.cmake
[0.572s] -- Up-to-date: /home/anaase_linux/RM_prac/install/kinematic_control_pkg/share/kinematic_control_pkg/cmake/ament_cmake_export_dependencies-extras.cmake
[0.572s] -- Up-to-date: /home/anaase_linux/RM_prac/install/kinematic_control_pkg/share/kinematic_control_pkg/cmake/ament_cmake_export_include_directories-extras.cmake
[0.572s] -- Up-to-date: /home/anaase_linux/RM_prac/install/kinematic_control_pkg/share/kinematic_control_pkg/cmake/ament_cmake_export_libraries-extras.cmake
[0.572s] -- Up-to-date: /home/anaase_linux/RM_prac/install/kinematic_control_pkg/share/kinematic_control_pkg/cmake/ament_cmake_export_targets-extras.cmake
[0.573s] -- Up-to-date: /home/anaase_linux/RM_prac/install/kinematic_control_pkg/share/kinematic_control_pkg/cmake/rosidl_cmake_export_typesupport_targets-extras.cmake
[0.573s] -- Up-to-date: /home/anaase_linux/RM_prac/install/kinematic_control_pkg/share/kinematic_control_pkg/cmake/rosidl_cmake_export_typesupport_libraries-extras.cmake
[0.573s] -- Up-to-date: /home/anaase_linux/RM_prac/install/kinematic_control_pkg/share/kinematic_control_pkg/cmake/kinematic_control_pkgConfig.cmake
[0.573s] -- Up-to-date: /home/anaase_linux/RM_prac/install/kinematic_control_pkg/share/kinematic_control_pkg/cmake/kinematic_control_pkgConfig-version.cmake
[0.573s] -- Up-to-date: /home/anaase_linux/RM_prac/install/kinematic_control_pkg/share/kinematic_control_pkg/package.xml
[0.575s] Invoked command in '/home/anaase_linux/RM_prac/build/kinematic_control_pkg' returned '0': CMAKE_PREFIX_PATH=${CMAKE_PREFIX_PATH}:/home/anaase_linux/RM_prac/install/turtlebot3_dqn:/opt/ros/humble /usr/bin/cmake --install /home/anaase_linux/RM_prac/build/kinematic_control_pkg
