[0.216s] Invoking command in '/home/anaase_linux/RM_prac/build/upv_maps_pkg': CMAKE_PREFIX_PATH=${CMAKE_PREFIX_PATH}:/home/anaase_linux/RM_prac/install/turtlebot3_dqn:/opt/ros/humble /usr/bin/cmake /home/anaase_linux/RM_prac/src/upv_maps_pkg -DCMAKE_INSTALL_PREFIX=/home/anaase_linux/RM_prac/install/upv_maps_pkg
[0.362s] -- The C compiler identification is GNU 11.4.0
[0.757s] -- The CXX compiler identification is GNU 11.4.0
[0.922s] -- Detecting C compiler ABI info
[1.042s] -- Detecting C compiler ABI info - done
[1.048s] -- Check for working C compiler: /usr/bin/cc - skipped
[1.048s] -- Detecting C compile features
[1.048s] -- Detecting C compile features - done
[1.050s] -- Detecting CXX compiler ABI info
[1.159s] -- Detecting CXX compiler ABI info - done
[1.165s] -- Check for working CXX compiler: /usr/bin/c++ - skipped
[1.165s] -- Detecting CXX compile features
[1.166s] -- Detecting CXX compile features - done
[1.168s] -- Found ament_cmake: 1.3.14 (/opt/ros/humble/share/ament_cmake/cmake)
[1.308s] -- Found Python3: /usr/bin/python3 (found version "3.10.12") found components: Interpreter 
[1.393s] -- Found ament_lint_auto: 0.12.15 (/opt/ros/humble/share/ament_lint_auto/cmake)
[1.471s] -- Added test 'lint_cmake' to check CMake code style
[1.473s] -- Added test 'xmllint' to check XML markup files
[1.477s] -- Configuring done
[1.480s] -- Generating done
[1.482s] -- Build files have been written to: /home/anaase_linux/RM_prac/build/upv_maps_pkg
[1.486s] Invoked command in '/home/anaase_linux/RM_prac/build/upv_maps_pkg' returned '0': CMAKE_PREFIX_PATH=${CMAKE_PREFIX_PATH}:/home/anaase_linux/RM_prac/install/turtlebot3_dqn:/opt/ros/humble /usr/bin/cmake /home/anaase_linux/RM_prac/src/upv_maps_pkg -DCMAKE_INSTALL_PREFIX=/home/anaase_linux/RM_prac/install/upv_maps_pkg
[1.488s] Invoking command in '/home/anaase_linux/RM_prac/build/upv_maps_pkg': CMAKE_PREFIX_PATH=${CMAKE_PREFIX_PATH}:/home/anaase_linux/RM_prac/install/turtlebot3_dqn:/opt/ros/humble /usr/bin/cmake --build /home/anaase_linux/RM_prac/build/upv_maps_pkg -- -j22 -l22
[1.515s] Invoked command in '/home/anaase_linux/RM_prac/build/upv_maps_pkg' returned '0': CMAKE_PREFIX_PATH=${CMAKE_PREFIX_PATH}:/home/anaase_linux/RM_prac/install/turtlebot3_dqn:/opt/ros/humble /usr/bin/cmake --build /home/anaase_linux/RM_prac/build/upv_maps_pkg -- -j22 -l22
[1.523s] Invoking command in '/home/anaase_linux/RM_prac/build/upv_maps_pkg': CMAKE_PREFIX_PATH=${CMAKE_PREFIX_PATH}:/home/anaase_linux/RM_prac/install/turtlebot3_dqn:/opt/ros/humble /usr/bin/cmake --install /home/anaase_linux/RM_prac/build/upv_maps_pkg
[1.528s] -- Install configuration: ""
[1.528s] -- Installing: /home/anaase_linux/RM_prac/install/upv_maps_pkg/share/upv_maps_pkg/maps
[1.528s] -- Installing: /home/anaase_linux/RM_prac/install/upv_maps_pkg/share/upv_maps_pkg/maps/coppeliasim
[1.529s] -- Installing: /home/anaase_linux/RM_prac/install/upv_maps_pkg/share/upv_maps_pkg/maps/coppeliasim/speed_mask_coppeliasim_map.yaml
[1.529s] -- Installing: /home/anaase_linux/RM_prac/install/upv_maps_pkg/share/upv_maps_pkg/maps/coppeliasim/coppeliasim_map.pgm
[1.530s] -- Installing: /home/anaase_linux/RM_prac/install/upv_maps_pkg/share/upv_maps_pkg/maps/coppeliasim/coppeliasim_map.yaml
[1.530s] -- Installing: /home/anaase_linux/RM_prac/install/upv_maps_pkg/share/upv_maps_pkg/maps/coppeliasim/speed_mask_coppeliasim_map.pgm
[1.530s] -- Installing: /home/anaase_linux/RM_prac/install/upv_maps_pkg/share/upv_maps_pkg/maps/disa
[1.531s] -- Installing: /home/anaase_linux/RM_prac/install/upv_maps_pkg/share/upv_maps_pkg/maps/disa/simulacion2_aula_room_map.pgm
[1.532s] -- Installing: /home/anaase_linux/RM_prac/install/upv_maps_pkg/share/upv_maps_pkg/maps/disa/simulacion2_aula_room_map.yaml
[1.532s] -- Installing: /home/anaase_linux/RM_prac/install/upv_maps_pkg/share/upv_maps_pkg/maps/disa/simulacion2_room_map.pgm
[1.532s] -- Installing: /home/anaase_linux/RM_prac/install/upv_maps_pkg/share/upv_maps_pkg/maps/disa/simulacion2_aula_map.yaml
[1.533s] -- Installing: /home/anaase_linux/RM_prac/install/upv_maps_pkg/share/upv_maps_pkg/maps/disa/simulacion2_room_map.yaml
[1.533s] -- Installing: /home/anaase_linux/RM_prac/install/upv_maps_pkg/share/upv_maps_pkg/maps/disa/simulacion2_aula_map.pgm
[1.534s] -- Installing: /home/anaase_linux/RM_prac/install/upv_maps_pkg/share/upv_maps_pkg/maps/etsinf
[1.534s] -- Installing: /home/anaase_linux/RM_prac/install/upv_maps_pkg/share/upv_maps_pkg/maps/etsinf/lab_map.yaml
[1.534s] -- Installing: /home/anaase_linux/RM_prac/install/upv_maps_pkg/share/upv_maps_pkg/maps/etsinf/speed_mask_lab_map.yaml
[1.534s] -- Installing: /home/anaase_linux/RM_prac/install/upv_maps_pkg/share/upv_maps_pkg/maps/etsinf/lab_map.pgm
[1.535s] -- Installing: /home/anaase_linux/RM_prac/install/upv_maps_pkg/share/upv_maps_pkg/maps/etsinf/speed_mask_lab_map.pgm
[1.537s] -- Installing: /home/anaase_linux/RM_prac/install/upv_maps_pkg/share/ament_index/resource_index/package_run_dependencies/upv_maps_pkg
[1.537s] -- Installing: /home/anaase_linux/RM_prac/install/upv_maps_pkg/share/ament_index/resource_index/parent_prefix_path/upv_maps_pkg
[1.538s] -- Installing: /home/anaase_linux/RM_prac/install/upv_maps_pkg/share/upv_maps_pkg/environment/ament_prefix_path.sh
[1.538s] -- Installing: /home/anaase_linux/RM_prac/install/upv_maps_pkg/share/upv_maps_pkg/environment/ament_prefix_path.dsv
[1.538s] -- Installing: /home/anaase_linux/RM_prac/install/upv_maps_pkg/share/upv_maps_pkg/environment/path.sh
[1.538s] -- Installing: /home/anaase_linux/RM_prac/install/upv_maps_pkg/share/upv_maps_pkg/environment/path.dsv
[1.538s] -- Installing: /home/anaase_linux/RM_prac/install/upv_maps_pkg/share/upv_maps_pkg/local_setup.bash
[1.539s] -- Installing: /home/anaase_linux/RM_prac/install/upv_maps_pkg/share/upv_maps_pkg/local_setup.sh
[1.539s] -- Installing: /home/anaase_linux/RM_prac/install/upv_maps_pkg/share/upv_maps_pkg/local_setup.zsh
[1.539s] -- Installing: /home/anaase_linux/RM_prac/install/upv_maps_pkg/share/upv_maps_pkg/local_setup.dsv
[1.539s] -- Installing: /home/anaase_linux/RM_prac/install/upv_maps_pkg/share/upv_maps_pkg/package.dsv
[1.539s] -- Installing: /home/anaase_linux/RM_prac/install/upv_maps_pkg/share/ament_index/resource_index/packages/upv_maps_pkg
[1.539s] -- Installing: /home/anaase_linux/RM_prac/install/upv_maps_pkg/share/upv_maps_pkg/cmake/upv_maps_pkgConfig.cmake
[1.539s] -- Installing: /home/anaase_linux/RM_prac/install/upv_maps_pkg/share/upv_maps_pkg/cmake/upv_maps_pkgConfig-version.cmake
[1.539s] -- Installing: /home/anaase_linux/RM_prac/install/upv_maps_pkg/share/upv_maps_pkg/package.xml
[1.540s] Invoked command in '/home/anaase_linux/RM_prac/build/upv_maps_pkg' returned '0': CMAKE_PREFIX_PATH=${CMAKE_PREFIX_PATH}:/home/anaase_linux/RM_prac/install/turtlebot3_dqn:/opt/ros/humble /usr/bin/cmake --install /home/anaase_linux/RM_prac/build/upv_maps_pkg
