[0.691s] Invoking command in '/home/anaase_linux/RM_prac/build/turtlebot3_dqn': PYTHONPATH=/home/anaase_linux/RM_prac/build/turtlebot3_dqn/prefix_override:/usr/lib/python3/dist-packages/colcon_core/task/python/colcon_distutils_commands:/home/anaase_linux/RM_prac/install/turtlebot3_dqn/lib/python3.10/site-packages:${PYTHONPATH} /usr/bin/python3 -W ignore:setup.py install is deprecated -W ignore:easy_install command is deprecated setup.py develop --editable --build-directory /home/anaase_linux/RM_prac/build/turtlebot3_dqn/build --no-deps symlink_data --force
[0.853s] running develop
[0.940s] running egg_info
[0.940s] writing turtlebot3_dqn.egg-info/PKG-INFO
[0.943s] writing dependency_links to turtlebot3_dqn.egg-info/dependency_links.txt
[0.944s] writing entry points to turtlebot3_dqn.egg-info/entry_points.txt
[0.944s] writing requirements to turtlebot3_dqn.egg-info/requires.txt
[0.944s] writing top-level names to turtlebot3_dqn.egg-info/top_level.txt
[0.945s] reading manifest file 'turtlebot3_dqn.egg-info/SOURCES.txt'
[0.946s] writing manifest file 'turtlebot3_dqn.egg-info/SOURCES.txt'
[0.947s] running build_ext
[0.947s] Creating /home/anaase_linux/RM_prac/install/turtlebot3_dqn/lib/python3.10/site-packages/turtlebot3-dqn.egg-link (link to .)
[0.948s] Installing action_graph script to /home/anaase_linux/RM_prac/install/turtlebot3_dqn/lib/turtlebot3_dqn
[0.948s] Installing dqn_agent script to /home/anaase_linux/RM_prac/install/turtlebot3_dqn/lib/turtlebot3_dqn
[0.948s] Installing dqn_coppeliasim script to /home/anaase_linux/RM_prac/install/turtlebot3_dqn/lib/turtlebot3_dqn
[0.948s] Installing dqn_environment script to /home/anaase_linux/RM_prac/install/turtlebot3_dqn/lib/turtlebot3_dqn
[0.949s] Installing dqn_gazebo script to /home/anaase_linux/RM_prac/install/turtlebot3_dqn/lib/turtlebot3_dqn
[0.949s] Installing dqn_test script to /home/anaase_linux/RM_prac/install/turtlebot3_dqn/lib/turtlebot3_dqn
[0.949s] Installing result_graph script to /home/anaase_linux/RM_prac/install/turtlebot3_dqn/lib/turtlebot3_dqn
[0.949s] 
[0.949s] Installed /home/anaase_linux/RM_prac/build/turtlebot3_dqn
[0.949s] running symlink_data
[0.949s] symbolically linking /home/anaase_linux/RM_prac/build/turtlebot3_dqn/resource/turtlebot3_dqn -> /home/anaase_linux/RM_prac/install/turtlebot3_dqn/share/ament_index/resource_index/packages
[0.949s] symbolically linking /home/anaase_linux/RM_prac/build/turtlebot3_dqn/package.xml -> /home/anaase_linux/RM_prac/install/turtlebot3_dqn/share/turtlebot3_dqn
[0.972s] Invoked command in '/home/anaase_linux/RM_prac/build/turtlebot3_dqn' returned '0': PYTHONPATH=/home/anaase_linux/RM_prac/build/turtlebot3_dqn/prefix_override:/usr/lib/python3/dist-packages/colcon_core/task/python/colcon_distutils_commands:/home/anaase_linux/RM_prac/install/turtlebot3_dqn/lib/python3.10/site-packages:${PYTHONPATH} /usr/bin/python3 -W ignore:setup.py install is deprecated -W ignore:easy_install command is deprecated setup.py develop --editable --build-directory /home/anaase_linux/RM_prac/build/turtlebot3_dqn/build --no-deps symlink_data --force
