/home/anaase_linux/RM_prac/install/turtlebot3_dqn/lib/python3.10/site-packages/turtlebot3_dqn/__init__.py
/home/anaase_linux/RM_prac/install/turtlebot3_dqn/lib/python3.10/site-packages/turtlebot3_dqn/action_graph.py
/home/anaase_linux/RM_prac/install/turtlebot3_dqn/lib/python3.10/site-packages/turtlebot3_dqn/dqn_environment.py
/home/anaase_linux/RM_prac/install/turtlebot3_dqn/lib/python3.10/site-packages/turtlebot3_dqn/result_graph.py
/home/anaase_linux/RM_prac/install/turtlebot3_dqn/lib/python3.10/site-packages/turtlebot3_dqn/dqn_coppeliasim.py
/home/anaase_linux/RM_prac/install/turtlebot3_dqn/lib/python3.10/site-packages/turtlebot3_dqn/dqn_agent.py
/home/anaase_linux/RM_prac/install/turtlebot3_dqn/lib/python3.10/site-packages/turtlebot3_dqn/dqn_test.py
/home/anaase_linux/RM_prac/install/turtlebot3_dqn/lib/python3.10/site-packages/turtlebot3_dqn/dqn_gazebo.py
/home/anaase_linux/RM_prac/install/turtlebot3_dqn/lib/python3.10/site-packages/turtlebot3_dqn/__pycache__/__init__.cpython-310.pyc
/home/anaase_linux/RM_prac/install/turtlebot3_dqn/lib/python3.10/site-packages/turtlebot3_dqn/__pycache__/action_graph.cpython-310.pyc
/home/anaase_linux/RM_prac/install/turtlebot3_dqn/lib/python3.10/site-packages/turtlebot3_dqn/__pycache__/dqn_environment.cpython-310.pyc
/home/anaase_linux/RM_prac/install/turtlebot3_dqn/lib/python3.10/site-packages/turtlebot3_dqn/__pycache__/result_graph.cpython-310.pyc
/home/anaase_linux/RM_prac/install/turtlebot3_dqn/lib/python3.10/site-packages/turtlebot3_dqn/__pycache__/dqn_coppeliasim.cpython-310.pyc
/home/anaase_linux/RM_prac/install/turtlebot3_dqn/lib/python3.10/site-packages/turtlebot3_dqn/__pycache__/dqn_agent.cpython-310.pyc
/home/anaase_linux/RM_prac/install/turtlebot3_dqn/lib/python3.10/site-packages/turtlebot3_dqn/__pycache__/dqn_test.cpython-310.pyc
/home/anaase_linux/RM_prac/install/turtlebot3_dqn/lib/python3.10/site-packages/turtlebot3_dqn/__pycache__/dqn_gazebo.cpython-310.pyc
/home/anaase_linux/RM_prac/install/turtlebot3_dqn/share/ament_index/resource_index/packages/turtlebot3_dqn
/home/anaase_linux/RM_prac/install/turtlebot3_dqn/share/turtlebot3_dqn/package.xml
/home/anaase_linux/RM_prac/install/turtlebot3_dqn/share/turtlebot3_dqn/launch
/home/anaase_linux/RM_prac/install/turtlebot3_dqn/share/turtlebot3_dqn/saved_models
/home/anaase_linux/RM_prac/install/turtlebot3_dqn/lib/python3.10/site-packages/turtlebot3_dqn-1.0.3-py3.10.egg-info/entry_points.txt
/home/anaase_linux/RM_prac/install/turtlebot3_dqn/lib/python3.10/site-packages/turtlebot3_dqn-1.0.3-py3.10.egg-info/requires.txt
/home/anaase_linux/RM_prac/install/turtlebot3_dqn/lib/python3.10/site-packages/turtlebot3_dqn-1.0.3-py3.10.egg-info/top_level.txt
/home/anaase_linux/RM_prac/install/turtlebot3_dqn/lib/python3.10/site-packages/turtlebot3_dqn-1.0.3-py3.10.egg-info/PKG-INFO
/home/anaase_linux/RM_prac/install/turtlebot3_dqn/lib/python3.10/site-packages/turtlebot3_dqn-1.0.3-py3.10.egg-info/zip-safe
/home/anaase_linux/RM_prac/install/turtlebot3_dqn/lib/python3.10/site-packages/turtlebot3_dqn-1.0.3-py3.10.egg-info/SOURCES.txt
/home/anaase_linux/RM_prac/install/turtlebot3_dqn/lib/python3.10/site-packages/turtlebot3_dqn-1.0.3-py3.10.egg-info/dependency_links.txt
/home/anaase_linux/RM_prac/install/turtlebot3_dqn/lib/turtlebot3_dqn/action_graph
/home/anaase_linux/RM_prac/install/turtlebot3_dqn/lib/turtlebot3_dqn/dqn_agent
/home/anaase_linux/RM_prac/install/turtlebot3_dqn/lib/turtlebot3_dqn/dqn_coppeliasim
/home/anaase_linux/RM_prac/install/turtlebot3_dqn/lib/turtlebot3_dqn/dqn_environment
/home/anaase_linux/RM_prac/install/turtlebot3_dqn/lib/turtlebot3_dqn/dqn_gazebo
/home/anaase_linux/RM_prac/install/turtlebot3_dqn/lib/turtlebot3_dqn/dqn_test
/home/anaase_linux/RM_prac/install/turtlebot3_dqn/lib/turtlebot3_dqn/result_graph
