[0.050s] Invoking command in '/home/anaase_linux/RM_prac/build/bringup_turtlebot3_pkg': CMAKE_PREFIX_PATH=${CMAKE_PREFIX_PATH}:/home/anaase_linux/RM_prac/install/turtlebot3_dqn:/opt/ros/humble /usr/bin/cmake /home/anaase_linux/RM_prac/src/bringup_turtlebot3_pkg -DCMAKE_INSTALL_PREFIX=/home/anaase_linux/RM_prac/install/bringup_turtlebot3_pkg
[0.313s] -- The C compiler identification is GNU 11.4.0
[0.799s] -- The CXX compiler identification is GNU 11.4.0
[0.964s] -- Detecting C compiler ABI info
[1.087s] -- Detecting C compiler ABI info - done
[1.090s] -- Check for working C compiler: /usr/bin/cc - skipped
[1.091s] -- Detecting C compile features
[1.091s] -- Detecting C compile features - done
[1.092s] -- Detecting CXX compiler ABI info
[1.205s] -- Detecting CXX compiler ABI info - done
[1.212s] -- Check for working CXX compiler: /usr/bin/c++ - skipped
[1.212s] -- Detecting CXX compile features
[1.212s] -- Detecting CXX compile features - done
[1.214s] -- Found ament_cmake: 1.3.14 (/opt/ros/humble/share/ament_cmake/cmake)
[1.354s] -- Found Python3: /usr/bin/python3 (found version "3.10.12") found components: Interpreter 
[1.438s] -- Found rclcpp: 16.0.19 (/opt/ros/humble/share/rclcpp/cmake)
[1.618s] -- Found rosidl_generator_c: 3.1.8 (/opt/ros/humble/share/rosidl_generator_c/cmake)
[1.626s] -- Found rosidl_adapter: 3.1.8 (/opt/ros/humble/share/rosidl_adapter/cmake)
[1.638s] -- Found rosidl_generator_cpp: 3.1.8 (/opt/ros/humble/share/rosidl_generator_cpp/cmake)
[1.662s] -- Using all available rosidl_typesupport_c: rosidl_typesupport_fastrtps_c;rosidl_typesupport_introspection_c
[1.686s] -- Using all available rosidl_typesupport_cpp: rosidl_typesupport_fastrtps_cpp;rosidl_typesupport_introspection_cpp
[1.751s] -- Found rmw_implementation_cmake: 6.1.2 (/opt/ros/humble/share/rmw_implementation_cmake/cmake)
[1.756s] -- Found rmw_fastrtps_cpp: 6.2.10 (/opt/ros/humble/share/rmw_fastrtps_cpp/cmake)
[2.379s] -- Found OpenSSL: /usr/lib/x86_64-linux-gnu/libcrypto.so (found version "3.0.2")  
[2.956s] -- Found FastRTPS: /opt/ros/humble/include  
[3.866s] -- Using RMW implementation 'rmw_fastrtps_cpp' as default
[3.880s] -- Looking for pthread.h
[3.999s] -- Looking for pthread.h - found
[3.999s] -- Performing Test CMAKE_HAVE_LIBC_PTHREAD
[4.092s] -- Performing Test CMAKE_HAVE_LIBC_PTHREAD - Success
[4.093s] -- Found Threads: TRUE  
[4.155s] -- Found geometry_msgs: 4.9.1 (/opt/ros/humble/share/geometry_msgs/cmake)
[4.184s] -- Found tf2: 0.25.20 (/opt/ros/humble/share/tf2/cmake)
[4.194s] -- Found tf2_geometry_msgs: 0.25.20 (/opt/ros/humble/share/tf2_geometry_msgs/cmake)
[4.236s] -- Found eigen3_cmake_module: 0.1.1 (/opt/ros/humble/share/eigen3_cmake_module/cmake)
[4.237s] -- Found Eigen3: TRUE (found version "3.4.0") 
[4.238s] -- Ensuring Eigen3 include directory is part of orocos-kdl CMake target
[4.344s] -- Found nav_msgs: 4.9.1 (/opt/ros/humble/share/nav_msgs/cmake)
[4.365s] -- Found ament_lint_auto: 0.12.15 (/opt/ros/humble/share/ament_lint_auto/cmake)
[4.422s] -- Added test 'cppcheck' to perform static code analysis on C / C++ code
[4.423s] -- Configured cppcheck include dirs: 
[4.423s] -- Configured cppcheck exclude dirs and/or files: 
[4.423s] -- Added test 'lint_cmake' to check CMake code style
[4.424s] -- Added test 'uncrustify' to check C / C++ code style
[4.424s] -- Configured uncrustify additional arguments: 
[4.425s] -- Added test 'xmllint' to check XML markup files
[4.426s] -- Configuring done
[4.434s] -- Generating done
[4.438s] -- Build files have been written to: /home/anaase_linux/RM_prac/build/bringup_turtlebot3_pkg
[4.447s] Invoked command in '/home/anaase_linux/RM_prac/build/bringup_turtlebot3_pkg' returned '0': CMAKE_PREFIX_PATH=${CMAKE_PREFIX_PATH}:/home/anaase_linux/RM_prac/install/turtlebot3_dqn:/opt/ros/humble /usr/bin/cmake /home/anaase_linux/RM_prac/src/bringup_turtlebot3_pkg -DCMAKE_INSTALL_PREFIX=/home/anaase_linux/RM_prac/install/bringup_turtlebot3_pkg
[4.449s] Invoking command in '/home/anaase_linux/RM_prac/build/bringup_turtlebot3_pkg': CMAKE_PREFIX_PATH=${CMAKE_PREFIX_PATH}:/home/anaase_linux/RM_prac/install/turtlebot3_dqn:/opt/ros/humble /usr/bin/cmake --build /home/anaase_linux/RM_prac/build/bringup_turtlebot3_pkg -- -j22 -l22
[4.482s] [ 50%] [32mBuilding CXX object CMakeFiles/cmd_vel_publisher.dir/src/cmd_vel_publisher.cpp.o[0m
[15.974s] [100%] [32m[1mLinking CXX executable cmd_vel_publisher[0m
[16.508s] [100%] Built target cmd_vel_publisher
[16.532s] Invoked command in '/home/anaase_linux/RM_prac/build/bringup_turtlebot3_pkg' returned '0': CMAKE_PREFIX_PATH=${CMAKE_PREFIX_PATH}:/home/anaase_linux/RM_prac/install/turtlebot3_dqn:/opt/ros/humble /usr/bin/cmake --build /home/anaase_linux/RM_prac/build/bringup_turtlebot3_pkg -- -j22 -l22
[16.535s] Invoking command in '/home/anaase_linux/RM_prac/build/bringup_turtlebot3_pkg': CMAKE_PREFIX_PATH=${CMAKE_PREFIX_PATH}:/home/anaase_linux/RM_prac/install/turtlebot3_dqn:/opt/ros/humble /usr/bin/cmake --install /home/anaase_linux/RM_prac/build/bringup_turtlebot3_pkg
[16.541s] -- Install configuration: ""
[16.543s] -- Installing: /home/anaase_linux/RM_prac/install/bringup_turtlebot3_pkg/lib/bringup_turtlebot3_pkg/cmd_vel_publisher
[16.545s] -- Set runtime path of "/home/anaase_linux/RM_prac/install/bringup_turtlebot3_pkg/lib/bringup_turtlebot3_pkg/cmd_vel_publisher" to ""
[16.546s] -- Installing: /home/anaase_linux/RM_prac/install/bringup_turtlebot3_pkg/share/ament_index/resource_index/package_run_dependencies/bringup_turtlebot3_pkg
[16.546s] -- Installing: /home/anaase_linux/RM_prac/install/bringup_turtlebot3_pkg/share/ament_index/resource_index/parent_prefix_path/bringup_turtlebot3_pkg
[16.547s] -- Installing: /home/anaase_linux/RM_prac/install/bringup_turtlebot3_pkg/share/bringup_turtlebot3_pkg/environment/ament_prefix_path.sh
[16.548s] -- Installing: /home/anaase_linux/RM_prac/install/bringup_turtlebot3_pkg/share/bringup_turtlebot3_pkg/environment/ament_prefix_path.dsv
[16.548s] -- Installing: /home/anaase_linux/RM_prac/install/bringup_turtlebot3_pkg/share/bringup_turtlebot3_pkg/environment/path.sh
[16.548s] -- Installing: /home/anaase_linux/RM_prac/install/bringup_turtlebot3_pkg/share/bringup_turtlebot3_pkg/environment/path.dsv
[16.548s] -- Installing: /home/anaase_linux/RM_prac/install/bringup_turtlebot3_pkg/share/bringup_turtlebot3_pkg/local_setup.bash
[16.548s] -- Installing: /home/anaase_linux/RM_prac/install/bringup_turtlebot3_pkg/share/bringup_turtlebot3_pkg/local_setup.sh
[16.549s] -- Installing: /home/anaase_linux/RM_prac/install/bringup_turtlebot3_pkg/share/bringup_turtlebot3_pkg/local_setup.zsh
[16.549s] -- Installing: /home/anaase_linux/RM_prac/install/bringup_turtlebot3_pkg/share/bringup_turtlebot3_pkg/local_setup.dsv
[16.549s] -- Installing: /home/anaase_linux/RM_prac/install/bringup_turtlebot3_pkg/share/bringup_turtlebot3_pkg/package.dsv
[16.549s] -- Installing: /home/anaase_linux/RM_prac/install/bringup_turtlebot3_pkg/share/ament_index/resource_index/packages/bringup_turtlebot3_pkg
[16.550s] -- Installing: /home/anaase_linux/RM_prac/install/bringup_turtlebot3_pkg/share/bringup_turtlebot3_pkg/cmake/bringup_turtlebot3_pkgConfig.cmake
[16.550s] -- Installing: /home/anaase_linux/RM_prac/install/bringup_turtlebot3_pkg/share/bringup_turtlebot3_pkg/cmake/bringup_turtlebot3_pkgConfig-version.cmake
[16.550s] -- Installing: /home/anaase_linux/RM_prac/install/bringup_turtlebot3_pkg/share/bringup_turtlebot3_pkg/package.xml
[16.553s] Invoked command in '/home/anaase_linux/RM_prac/build/bringup_turtlebot3_pkg' returned '0': CMAKE_PREFIX_PATH=${CMAKE_PREFIX_PATH}:/home/anaase_linux/RM_prac/install/turtlebot3_dqn:/opt/ros/humble /usr/bin/cmake --install /home/anaase_linux/RM_prac/build/bringup_turtlebot3_pkg
