-- Install configuration: ""
-- Up-to-date: /home/anaase_linux/RM_prac/install/navigation_pkg/share/navigation_pkg/launch
-- Up-to-date: /home/anaase_linux/RM_prac/install/navigation_pkg/share/navigation_pkg/launch/speed_limit.launch.py
-- Up-to-date: /home/anaase_linux/RM_prac/install/navigation_pkg/share/navigation_pkg/launch/turtlebot3_navigation.launch.py
-- Up-to-date: /home/anaase_linux/RM_prac/install/navigation_pkg/share/navigation_pkg/launch/navigation_with_speed_limit.launch.py
-- Up-to-date: /home/anaase_linux/RM_prac/install/navigation_pkg/share/navigation_pkg/launch/navigation.launch.py
-- Up-to-date: /home/anaase_linux/RM_prac/install/navigation_pkg/share/navigation_pkg/param
-- Up-to-date: /home/anaase_linux/RM_prac/install/navigation_pkg/share/navigation_pkg/param/speed_params.yaml
-- Up-to-date: /home/anaase_linux/RM_prac/install/navigation_pkg/share/navigation_pkg/param/keepout_params.yaml
-- Up-to-date: /home/anaase_linux/RM_prac/install/navigation_pkg/share/navigation_pkg/param/nav2_params_speed_limit.yaml
-- Up-to-date: /home/anaase_linux/RM_prac/install/navigation_pkg/share/navigation_pkg/param/nav2_params.yaml
-- Up-to-date: /home/anaase_linux/RM_prac/install/navigation_pkg/share/ament_index/resource_index/package_run_dependencies/navigation_pkg
-- Up-to-date: /home/anaase_linux/RM_prac/install/navigation_pkg/share/ament_index/resource_index/parent_prefix_path/navigation_pkg
-- Up-to-date: /home/anaase_linux/RM_prac/install/navigation_pkg/share/navigation_pkg/environment/ament_prefix_path.sh
-- Up-to-date: /home/anaase_linux/RM_prac/install/navigation_pkg/share/navigation_pkg/environment/ament_prefix_path.dsv
-- Up-to-date: /home/anaase_linux/RM_prac/install/navigation_pkg/share/navigation_pkg/environment/path.sh
-- Up-to-date: /home/anaase_linux/RM_prac/install/navigation_pkg/share/navigation_pkg/environment/path.dsv
-- Up-to-date: /home/anaase_linux/RM_prac/install/navigation_pkg/share/navigation_pkg/local_setup.bash
-- Up-to-date: /home/anaase_linux/RM_prac/install/navigation_pkg/share/navigation_pkg/local_setup.sh
-- Up-to-date: /home/anaase_linux/RM_prac/install/navigation_pkg/share/navigation_pkg/local_setup.zsh
-- Up-to-date: /home/anaase_linux/RM_prac/install/navigation_pkg/share/navigation_pkg/local_setup.dsv
-- Installing: /home/anaase_linux/RM_prac/install/navigation_pkg/share/navigation_pkg/package.dsv
-- Up-to-date: /home/anaase_linux/RM_prac/install/navigation_pkg/share/ament_index/resource_index/packages/navigation_pkg
-- Up-to-date: /home/anaase_linux/RM_prac/install/navigation_pkg/share/navigation_pkg/cmake/navigation_pkgConfig.cmake
-- Up-to-date: /home/anaase_linux/RM_prac/install/navigation_pkg/share/navigation_pkg/cmake/navigation_pkgConfig-version.cmake
-- Up-to-date: /home/anaase_linux/RM_prac/install/navigation_pkg/share/navigation_pkg/package.xml
