[0.039s] Invoking command in '/home/anaase_linux/RM_prac/build/ros2_vfh': CMAKE_PREFIX_PATH=${CMAKE_PREFIX_PATH}:/home/anaase_linux/RM_prac/install/turtlebot3_dqn:/opt/ros/humble /usr/bin/cmake --build /home/anaase_linux/RM_prac/build/ros2_vfh -- -j22 -l22
[0.255s] [100%] Built target vfh_node
[0.279s] Invoked command in '/home/anaase_linux/RM_prac/build/ros2_vfh' returned '0': CMAKE_PREFIX_PATH=${CMAKE_PREFIX_PATH}:/home/anaase_linux/RM_prac/install/turtlebot3_dqn:/opt/ros/humble /usr/bin/cmake --build /home/anaase_linux/RM_prac/build/ros2_vfh -- -j22 -l22
[0.303s] Invoking command in '/home/anaase_linux/RM_prac/build/ros2_vfh': CMAKE_PREFIX_PATH=${CMAKE_PREFIX_PATH}:/home/anaase_linux/RM_prac/install/turtlebot3_dqn:/opt/ros/humble /usr/bin/cmake --install /home/anaase_linux/RM_prac/build/ros2_vfh
[0.306s] -- Install configuration: ""
[0.306s] -- Up-to-date: /home/anaase_linux/RM_prac/install/ros2_vfh/lib/ros2_vfh/vfh_node
[0.306s] -- Up-to-date: /home/anaase_linux/RM_prac/install/ros2_vfh/share/ros2_vfh/launch
[0.306s] -- Up-to-date: /home/anaase_linux/RM_prac/install/ros2_vfh/share/ros2_vfh/launch/vfh_coppeliasim.launch.py
[0.306s] -- Up-to-date: /home/anaase_linux/RM_prac/install/ros2_vfh/share/ros2_vfh/launch/rviz2_odom.launch.py
[0.306s] -- Up-to-date: /home/anaase_linux/RM_prac/install/ros2_vfh/share/ros2_vfh/launch/vfh.launch.py
[0.307s] -- Up-to-date: /home/anaase_linux/RM_prac/install/ros2_vfh/share/ros2_vfh/launch/rviz2_map.launch.py
[0.307s] -- Up-to-date: /home/anaase_linux/RM_prac/install/ros2_vfh/share/ros2_vfh/launch/vfh_no_wandering.launch.py
[0.307s] -- Up-to-date: /home/anaase_linux/RM_prac/install/ros2_vfh/share/ros2_vfh/rviz
[0.307s] -- Up-to-date: /home/anaase_linux/RM_prac/install/ros2_vfh/share/ros2_vfh/rviz/vfh_odom.rviz
[0.307s] -- Up-to-date: /home/anaase_linux/RM_prac/install/ros2_vfh/share/ros2_vfh/rviz/vfh_map.rviz
[0.307s] -- Up-to-date: /home/anaase_linux/RM_prac/install/ros2_vfh/share/ros2_vfh/rviz/tb3_map.rviz
[0.307s] -- Up-to-date: /home/anaase_linux/RM_prac/install/ros2_vfh/share/ros2_vfh/rviz/tb3_odom.rviz
[0.307s] -- Up-to-date: /home/anaase_linux/RM_prac/install/ros2_vfh/share/ament_index/resource_index/package_run_dependencies/ros2_vfh
[0.307s] -- Up-to-date: /home/anaase_linux/RM_prac/install/ros2_vfh/share/ament_index/resource_index/parent_prefix_path/ros2_vfh
[0.307s] -- Up-to-date: /home/anaase_linux/RM_prac/install/ros2_vfh/share/ros2_vfh/environment/ament_prefix_path.sh
[0.308s] -- Up-to-date: /home/anaase_linux/RM_prac/install/ros2_vfh/share/ros2_vfh/environment/ament_prefix_path.dsv
[0.308s] -- Up-to-date: /home/anaase_linux/RM_prac/install/ros2_vfh/share/ros2_vfh/environment/path.sh
[0.308s] -- Up-to-date: /home/anaase_linux/RM_prac/install/ros2_vfh/share/ros2_vfh/environment/path.dsv
[0.308s] -- Up-to-date: /home/anaase_linux/RM_prac/install/ros2_vfh/share/ros2_vfh/local_setup.bash
[0.308s] -- Up-to-date: /home/anaase_linux/RM_prac/install/ros2_vfh/share/ros2_vfh/local_setup.sh
[0.308s] -- Up-to-date: /home/anaase_linux/RM_prac/install/ros2_vfh/share/ros2_vfh/local_setup.zsh
[0.308s] -- Up-to-date: /home/anaase_linux/RM_prac/install/ros2_vfh/share/ros2_vfh/local_setup.dsv
[0.308s] -- Installing: /home/anaase_linux/RM_prac/install/ros2_vfh/share/ros2_vfh/package.dsv
[0.308s] -- Up-to-date: /home/anaase_linux/RM_prac/install/ros2_vfh/share/ament_index/resource_index/packages/ros2_vfh
[0.308s] -- Up-to-date: /home/anaase_linux/RM_prac/install/ros2_vfh/share/ros2_vfh/cmake/ros2_vfhConfig.cmake
[0.308s] -- Up-to-date: /home/anaase_linux/RM_prac/install/ros2_vfh/share/ros2_vfh/cmake/ros2_vfhConfig-version.cmake
[0.309s] -- Up-to-date: /home/anaase_linux/RM_prac/install/ros2_vfh/share/ros2_vfh/package.xml
[0.394s] Invoked command in '/home/anaase_linux/RM_prac/build/ros2_vfh' returned '0': CMAKE_PREFIX_PATH=${CMAKE_PREFIX_PATH}:/home/anaase_linux/RM_prac/install/turtlebot3_dqn:/opt/ros/humble /usr/bin/cmake --install /home/anaase_linux/RM_prac/build/ros2_vfh
