[  8%] Built target kinematic_control_pkg__rosidl_generator_c
[ 11%] Built target kinematic_control_pkg__cpp
[ 13%] Built target kinematic_control_pkg__rs
[ 13%] Built target ament_cmake_python_copy_kinematic_control_pkg
[ 22%] Built target kinematic_control_pkg__rosidl_typesupport_c
[ 30%] Built target kinematic_control_pkg__rosidl_typesupport_fastrtps_c
[ 38%] Built target kinematic_control_pkg__rosidl_typesupport_introspection_cpp
[ 47%] Built target kinematic_control_pkg__rosidl_typesupport_fastrtps_cpp
[ 55%] Built target kinematic_control_pkg__rosidl_typesupport_cpp
[ 63%] Built target kinematic_control_pkg__rosidl_typesupport_introspection_c
[ 63%] Built target kinematic_control_pkg
[ 69%] Built target controller_odom
[ 75%] Built target infinite_reference_node
[ 77%] Built target kinematic_control_pkg__py
[ 83%] Built target kinematic_control_pkg__rosidl_generator_py
[ 88%] Built target kinematic_control_pkg__rosidl_typesupport_introspection_c__pyext
[ 94%] Built target kinematic_control_pkg__rosidl_typesupport_c__pyext
[100%] Built target kinematic_control_pkg__rosidl_typesupport_fastrtps_c__pyext
running egg_info
writing kinematic_control_pkg.egg-info/PKG-INFO
writing dependency_links to kinematic_control_pkg.egg-info/dependency_links.txt
writing top-level names to kinematic_control_pkg.egg-info/top_level.txt
reading manifest file 'kinematic_control_pkg.egg-info/SOURCES.txt'
writing manifest file 'kinematic_control_pkg.egg-info/SOURCES.txt'
[100%] Built target ament_cmake_python_build_kinematic_control_pkg_egg
-- Install configuration: ""
-- Up-to-date: /home/anaase_linux/RM_prac/install/kinematic_control_pkg/share/ament_index/resource_index/rosidl_interfaces/kinematic_control_pkg
-- Up-to-date: /home/anaase_linux/RM_prac/install/kinematic_control_pkg/include/kinematic_control_pkg/kinematic_control_pkg
-- Up-to-date: /home/anaase_linux/RM_prac/install/kinematic_control_pkg/include/kinematic_control_pkg/kinematic_control_pkg/msg
-- Up-to-date: /home/anaase_linux/RM_prac/install/kinematic_control_pkg/include/kinematic_control_pkg/kinematic_control_pkg/msg/reference.h
-- Up-to-date: /home/anaase_linux/RM_prac/install/kinematic_control_pkg/include/kinematic_control_pkg/kinematic_control_pkg/msg/rosidl_generator_c__visibility_control.h
-- Up-to-date: /home/anaase_linux/RM_prac/install/kinematic_control_pkg/include/kinematic_control_pkg/kinematic_control_pkg/msg/detail
-- Up-to-date: /home/anaase_linux/RM_prac/install/kinematic_control_pkg/include/kinematic_control_pkg/kinematic_control_pkg/msg/detail/reference__struct.h
-- Up-to-date: /home/anaase_linux/RM_prac/install/kinematic_control_pkg/include/kinematic_control_pkg/kinematic_control_pkg/msg/detail/reference__functions.h
-- Up-to-date: /home/anaase_linux/RM_prac/install/kinematic_control_pkg/include/kinematic_control_pkg/kinematic_control_pkg/msg/detail/reference__type_support.h
-- Up-to-date: /home/anaase_linux/RM_prac/install/kinematic_control_pkg/include/kinematic_control_pkg/kinematic_control_pkg/msg/detail/reference__functions.c
-- Up-to-date: /home/anaase_linux/RM_prac/install/kinematic_control_pkg/share/kinematic_control_pkg/environment/library_path.sh
-- Up-to-date: /home/anaase_linux/RM_prac/install/kinematic_control_pkg/share/kinematic_control_pkg/environment/library_path.dsv
-- Up-to-date: /home/anaase_linux/RM_prac/install/kinematic_control_pkg/lib/libkinematic_control_pkg__rosidl_generator_c.so
-- Up-to-date: /home/anaase_linux/RM_prac/install/kinematic_control_pkg/include/kinematic_control_pkg/kinematic_control_pkg
-- Up-to-date: /home/anaase_linux/RM_prac/install/kinematic_control_pkg/include/kinematic_control_pkg/kinematic_control_pkg/msg
-- Up-to-date: /home/anaase_linux/RM_prac/install/kinematic_control_pkg/include/kinematic_control_pkg/kinematic_control_pkg/msg/detail
-- Up-to-date: /home/anaase_linux/RM_prac/install/kinematic_control_pkg/include/kinematic_control_pkg/kinematic_control_pkg/msg/detail/reference__rosidl_typesupport_fastrtps_c.h
-- Up-to-date: /home/anaase_linux/RM_prac/install/kinematic_control_pkg/include/kinematic_control_pkg/kinematic_control_pkg/msg/rosidl_typesupport_fastrtps_c__visibility_control.h
-- Up-to-date: /home/anaase_linux/RM_prac/install/kinematic_control_pkg/lib/libkinematic_control_pkg__rosidl_typesupport_fastrtps_c.so
-- Up-to-date: /home/anaase_linux/RM_prac/install/kinematic_control_pkg/include/kinematic_control_pkg/kinematic_control_pkg
-- Up-to-date: /home/anaase_linux/RM_prac/install/kinematic_control_pkg/include/kinematic_control_pkg/kinematic_control_pkg/msg
-- Up-to-date: /home/anaase_linux/RM_prac/install/kinematic_control_pkg/include/kinematic_control_pkg/kinematic_control_pkg/msg/rosidl_generator_cpp__visibility_control.hpp
-- Up-to-date: /home/anaase_linux/RM_prac/install/kinematic_control_pkg/include/kinematic_control_pkg/kinematic_control_pkg/msg/detail
-- Up-to-date: /home/anaase_linux/RM_prac/install/kinematic_control_pkg/include/kinematic_control_pkg/kinematic_control_pkg/msg/detail/reference__builder.hpp
-- Up-to-date: /home/anaase_linux/RM_prac/install/kinematic_control_pkg/include/kinematic_control_pkg/kinematic_control_pkg/msg/detail/reference__traits.hpp
-- Up-to-date: /home/anaase_linux/RM_prac/install/kinematic_control_pkg/include/kinematic_control_pkg/kinematic_control_pkg/msg/detail/reference__struct.hpp
-- Up-to-date: /home/anaase_linux/RM_prac/install/kinematic_control_pkg/include/kinematic_control_pkg/kinematic_control_pkg/msg/detail/reference__type_support.hpp
-- Up-to-date: /home/anaase_linux/RM_prac/install/kinematic_control_pkg/include/kinematic_control_pkg/kinematic_control_pkg/msg/reference.hpp
-- Up-to-date: /home/anaase_linux/RM_prac/install/kinematic_control_pkg/include/kinematic_control_pkg/kinematic_control_pkg
-- Up-to-date: /home/anaase_linux/RM_prac/install/kinematic_control_pkg/include/kinematic_control_pkg/kinematic_control_pkg/msg
-- Up-to-date: /home/anaase_linux/RM_prac/install/kinematic_control_pkg/include/kinematic_control_pkg/kinematic_control_pkg/msg/rosidl_typesupport_fastrtps_cpp__visibility_control.h
-- Up-to-date: /home/anaase_linux/RM_prac/install/kinematic_control_pkg/include/kinematic_control_pkg/kinematic_control_pkg/msg/detail
-- Up-to-date: /home/anaase_linux/RM_prac/install/kinematic_control_pkg/include/kinematic_control_pkg/kinematic_control_pkg/msg/detail/reference__rosidl_typesupport_fastrtps_cpp.hpp
-- Up-to-date: /home/anaase_linux/RM_prac/install/kinematic_control_pkg/include/kinematic_control_pkg/kinematic_control_pkg/msg/detail/dds_fastrtps
-- Up-to-date: /home/anaase_linux/RM_prac/install/kinematic_control_pkg/lib/libkinematic_control_pkg__rosidl_typesupport_fastrtps_cpp.so
-- Up-to-date: /home/anaase_linux/RM_prac/install/kinematic_control_pkg/include/kinematic_control_pkg/kinematic_control_pkg
-- Up-to-date: /home/anaase_linux/RM_prac/install/kinematic_control_pkg/include/kinematic_control_pkg/kinematic_control_pkg/msg
-- Up-to-date: /home/anaase_linux/RM_prac/install/kinematic_control_pkg/include/kinematic_control_pkg/kinematic_control_pkg/msg/rosidl_typesupport_introspection_c__visibility_control.h
-- Up-to-date: /home/anaase_linux/RM_prac/install/kinematic_control_pkg/include/kinematic_control_pkg/kinematic_control_pkg/msg/detail
-- Up-to-date: /home/anaase_linux/RM_prac/install/kinematic_control_pkg/include/kinematic_control_pkg/kinematic_control_pkg/msg/detail/reference__rosidl_typesupport_introspection_c.h
-- Up-to-date: /home/anaase_linux/RM_prac/install/kinematic_control_pkg/include/kinematic_control_pkg/kinematic_control_pkg/msg/detail/reference__type_support.c
-- Up-to-date: /home/anaase_linux/RM_prac/install/kinematic_control_pkg/lib/libkinematic_control_pkg__rosidl_typesupport_introspection_c.so
-- Up-to-date: /home/anaase_linux/RM_prac/install/kinematic_control_pkg/lib/libkinematic_control_pkg__rosidl_typesupport_c.so
-- Up-to-date: /home/anaase_linux/RM_prac/install/kinematic_control_pkg/include/kinematic_control_pkg/kinematic_control_pkg
-- Up-to-date: /home/anaase_linux/RM_prac/install/kinematic_control_pkg/include/kinematic_control_pkg/kinematic_control_pkg/msg
-- Up-to-date: /home/anaase_linux/RM_prac/install/kinematic_control_pkg/include/kinematic_control_pkg/kinematic_control_pkg/msg/detail
-- Up-to-date: /home/anaase_linux/RM_prac/install/kinematic_control_pkg/include/kinematic_control_pkg/kinematic_control_pkg/msg/detail/reference__rosidl_typesupport_introspection_cpp.hpp
-- Up-to-date: /home/anaase_linux/RM_prac/install/kinematic_control_pkg/include/kinematic_control_pkg/kinematic_control_pkg/msg/detail/reference__type_support.cpp
-- Up-to-date: /home/anaase_linux/RM_prac/install/kinematic_control_pkg/lib/libkinematic_control_pkg__rosidl_typesupport_introspection_cpp.so
-- Up-to-date: /home/anaase_linux/RM_prac/install/kinematic_control_pkg/lib/libkinematic_control_pkg__rosidl_typesupport_cpp.so
-- Up-to-date: /home/anaase_linux/RM_prac/install/kinematic_control_pkg/share/kinematic_control_pkg/environment/pythonpath.sh
-- Up-to-date: /home/anaase_linux/RM_prac/install/kinematic_control_pkg/share/kinematic_control_pkg/environment/pythonpath.dsv
-- Up-to-date: /home/anaase_linux/RM_prac/install/kinematic_control_pkg/local/lib/python3.10/dist-packages/kinematic_control_pkg-0.0.0-py3.10.egg-info
-- Installing: /home/anaase_linux/RM_prac/install/kinematic_control_pkg/local/lib/python3.10/dist-packages/kinematic_control_pkg-0.0.0-py3.10.egg-info/top_level.txt
-- Installing: /home/anaase_linux/RM_prac/install/kinematic_control_pkg/local/lib/python3.10/dist-packages/kinematic_control_pkg-0.0.0-py3.10.egg-info/PKG-INFO
-- Installing: /home/anaase_linux/RM_prac/install/kinematic_control_pkg/local/lib/python3.10/dist-packages/kinematic_control_pkg-0.0.0-py3.10.egg-info/SOURCES.txt
-- Installing: /home/anaase_linux/RM_prac/install/kinematic_control_pkg/local/lib/python3.10/dist-packages/kinematic_control_pkg-0.0.0-py3.10.egg-info/dependency_links.txt
-- Up-to-date: /home/anaase_linux/RM_prac/install/kinematic_control_pkg/local/lib/python3.10/dist-packages/kinematic_control_pkg
-- Up-to-date: /home/anaase_linux/RM_prac/install/kinematic_control_pkg/local/lib/python3.10/dist-packages/kinematic_control_pkg/libkinematic_control_pkg__rosidl_generator_py.so
-- Up-to-date: /home/anaase_linux/RM_prac/install/kinematic_control_pkg/local/lib/python3.10/dist-packages/kinematic_control_pkg/__init__.py
-- Up-to-date: /home/anaase_linux/RM_prac/install/kinematic_control_pkg/local/lib/python3.10/dist-packages/kinematic_control_pkg/_kinematic_control_pkg_s.ep.rosidl_typesupport_fastrtps_c.c
-- Up-to-date: /home/anaase_linux/RM_prac/install/kinematic_control_pkg/local/lib/python3.10/dist-packages/kinematic_control_pkg/_kinematic_control_pkg_s.ep.rosidl_typesupport_introspection_c.c
-- Up-to-date: /home/anaase_linux/RM_prac/install/kinematic_control_pkg/local/lib/python3.10/dist-packages/kinematic_control_pkg/_kinematic_control_pkg_s.ep.rosidl_typesupport_c.c
-- Up-to-date: /home/anaase_linux/RM_prac/install/kinematic_control_pkg/local/lib/python3.10/dist-packages/kinematic_control_pkg/kinematic_control_pkg_s__rosidl_typesupport_c.cpython-310-x86_64-linux-gnu.so
-- Up-to-date: /home/anaase_linux/RM_prac/install/kinematic_control_pkg/local/lib/python3.10/dist-packages/kinematic_control_pkg/kinematic_control_pkg_s__rosidl_typesupport_introspection_c.cpython-310-x86_64-linux-gnu.so
-- Up-to-date: /home/anaase_linux/RM_prac/install/kinematic_control_pkg/local/lib/python3.10/dist-packages/kinematic_control_pkg/msg
-- Up-to-date: /home/anaase_linux/RM_prac/install/kinematic_control_pkg/local/lib/python3.10/dist-packages/kinematic_control_pkg/msg/__init__.py
-- Up-to-date: /home/anaase_linux/RM_prac/install/kinematic_control_pkg/local/lib/python3.10/dist-packages/kinematic_control_pkg/msg/_reference_s.c
-- Up-to-date: /home/anaase_linux/RM_prac/install/kinematic_control_pkg/local/lib/python3.10/dist-packages/kinematic_control_pkg/msg/_reference.py
-- Up-to-date: /home/anaase_linux/RM_prac/install/kinematic_control_pkg/local/lib/python3.10/dist-packages/kinematic_control_pkg/kinematic_control_pkg_s__rosidl_typesupport_fastrtps_c.cpython-310-x86_64-linux-gnu.so
Listing '/home/anaase_linux/RM_prac/install/kinematic_control_pkg/local/lib/python3.10/dist-packages/kinematic_control_pkg'...
Listing '/home/anaase_linux/RM_prac/install/kinematic_control_pkg/local/lib/python3.10/dist-packages/kinematic_control_pkg/msg'...
-- Up-to-date: /home/anaase_linux/RM_prac/install/kinematic_control_pkg/local/lib/python3.10/dist-packages/kinematic_control_pkg/kinematic_control_pkg_s__rosidl_typesupport_fastrtps_c.cpython-310-x86_64-linux-gnu.so
-- Up-to-date: /home/anaase_linux/RM_prac/install/kinematic_control_pkg/local/lib/python3.10/dist-packages/kinematic_control_pkg/kinematic_control_pkg_s__rosidl_typesupport_introspection_c.cpython-310-x86_64-linux-gnu.so
-- Up-to-date: /home/anaase_linux/RM_prac/install/kinematic_control_pkg/local/lib/python3.10/dist-packages/kinematic_control_pkg/kinematic_control_pkg_s__rosidl_typesupport_c.cpython-310-x86_64-linux-gnu.so
-- Up-to-date: /home/anaase_linux/RM_prac/install/kinematic_control_pkg/lib/libkinematic_control_pkg__rosidl_generator_py.so
-- Up-to-date: /home/anaase_linux/RM_prac/install/kinematic_control_pkg/share/ament_index/resource_index/rust_packages/kinematic_control_pkg
-- Up-to-date: /home/anaase_linux/RM_prac/install/kinematic_control_pkg/share/kinematic_control_pkg/rust
-- Up-to-date: /home/anaase_linux/RM_prac/install/kinematic_control_pkg/share/kinematic_control_pkg/rust/src
-- Up-to-date: /home/anaase_linux/RM_prac/install/kinematic_control_pkg/share/kinematic_control_pkg/rust/src/lib.rs
-- Up-to-date: /home/anaase_linux/RM_prac/install/kinematic_control_pkg/share/kinematic_control_pkg/rust/src/msg.rs
-- Up-to-date: /home/anaase_linux/RM_prac/install/kinematic_control_pkg/share/kinematic_control_pkg/rust/src/msg
-- Up-to-date: /home/anaase_linux/RM_prac/install/kinematic_control_pkg/share/kinematic_control_pkg/rust/src/msg/rmw.rs
-- Up-to-date: /home/anaase_linux/RM_prac/install/kinematic_control_pkg/share/kinematic_control_pkg/rust/Cargo.toml
-- Up-to-date: /home/anaase_linux/RM_prac/install/kinematic_control_pkg/share/kinematic_control_pkg/rust/build.rs
-- Up-to-date: /home/anaase_linux/RM_prac/install/kinematic_control_pkg/share/kinematic_control_pkg/msg/Reference.idl
-- Up-to-date: /home/anaase_linux/RM_prac/install/kinematic_control_pkg/share/kinematic_control_pkg/msg/Reference.msg
-- Up-to-date: /home/anaase_linux/RM_prac/install/kinematic_control_pkg/lib/kinematic_control_pkg/controller_odom
-- Up-to-date: /home/anaase_linux/RM_prac/install/kinematic_control_pkg/lib/kinematic_control_pkg/infinite_reference_node
-- Up-to-date: /home/anaase_linux/RM_prac/install/kinematic_control_pkg/share/kinematic_control_pkg/msg
-- Up-to-date: /home/anaase_linux/RM_prac/install/kinematic_control_pkg/share/kinematic_control_pkg/msg/Reference.msg
-- Up-to-date: /home/anaase_linux/RM_prac/install/kinematic_control_pkg/share/kinematic_control_pkg/launch
-- Up-to-date: /home/anaase_linux/RM_prac/install/kinematic_control_pkg/share/kinematic_control_pkg/launch/kinematic_controller.launch.py
-- Up-to-date: /home/anaase_linux/RM_prac/install/kinematic_control_pkg/share/kinematic_control_pkg/launch/rviz2.launch.py
-- Up-to-date: /home/anaase_linux/RM_prac/install/kinematic_control_pkg/share/kinematic_control_pkg/rviz
-- Up-to-date: /home/anaase_linux/RM_prac/install/kinematic_control_pkg/share/kinematic_control_pkg/rviz/tb3_rviz2.rviz
-- Up-to-date: /home/anaase_linux/RM_prac/install/kinematic_control_pkg/share/ament_index/resource_index/package_run_dependencies/kinematic_control_pkg
-- Up-to-date: /home/anaase_linux/RM_prac/install/kinematic_control_pkg/share/ament_index/resource_index/parent_prefix_path/kinematic_control_pkg
-- Up-to-date: /home/anaase_linux/RM_prac/install/kinematic_control_pkg/share/kinematic_control_pkg/environment/ament_prefix_path.sh
-- Up-to-date: /home/anaase_linux/RM_prac/install/kinematic_control_pkg/share/kinematic_control_pkg/environment/ament_prefix_path.dsv
-- Up-to-date: /home/anaase_linux/RM_prac/install/kinematic_control_pkg/share/kinematic_control_pkg/environment/path.sh
-- Up-to-date: /home/anaase_linux/RM_prac/install/kinematic_control_pkg/share/kinematic_control_pkg/environment/path.dsv
-- Up-to-date: /home/anaase_linux/RM_prac/install/kinematic_control_pkg/share/kinematic_control_pkg/local_setup.bash
-- Up-to-date: /home/anaase_linux/RM_prac/install/kinematic_control_pkg/share/kinematic_control_pkg/local_setup.sh
-- Up-to-date: /home/anaase_linux/RM_prac/install/kinematic_control_pkg/share/kinematic_control_pkg/local_setup.zsh
-- Up-to-date: /home/anaase_linux/RM_prac/install/kinematic_control_pkg/share/kinematic_control_pkg/local_setup.dsv
-- Installing: /home/anaase_linux/RM_prac/install/kinematic_control_pkg/share/kinematic_control_pkg/package.dsv
-- Up-to-date: /home/anaase_linux/RM_prac/install/kinematic_control_pkg/share/ament_index/resource_index/packages/kinematic_control_pkg
-- Up-to-date: /home/anaase_linux/RM_prac/install/kinematic_control_pkg/share/kinematic_control_pkg/cmake/export_kinematic_control_pkg__rosidl_generator_cExport.cmake
-- Up-to-date: /home/anaase_linux/RM_prac/install/kinematic_control_pkg/share/kinematic_control_pkg/cmake/export_kinematic_control_pkg__rosidl_generator_cExport-noconfig.cmake
-- Up-to-date: /home/anaase_linux/RM_prac/install/kinematic_control_pkg/share/kinematic_control_pkg/cmake/export_kinematic_control_pkg__rosidl_typesupport_fastrtps_cExport.cmake
-- Up-to-date: /home/anaase_linux/RM_prac/install/kinematic_control_pkg/share/kinematic_control_pkg/cmake/export_kinematic_control_pkg__rosidl_typesupport_fastrtps_cExport-noconfig.cmake
-- Up-to-date: /home/anaase_linux/RM_prac/install/kinematic_control_pkg/share/kinematic_control_pkg/cmake/export_kinematic_control_pkg__rosidl_generator_cppExport.cmake
-- Up-to-date: /home/anaase_linux/RM_prac/install/kinematic_control_pkg/share/kinematic_control_pkg/cmake/export_kinematic_control_pkg__rosidl_typesupport_fastrtps_cppExport.cmake
-- Up-to-date: /home/anaase_linux/RM_prac/install/kinematic_control_pkg/share/kinematic_control_pkg/cmake/export_kinematic_control_pkg__rosidl_typesupport_fastrtps_cppExport-noconfig.cmake
-- Up-to-date: /home/anaase_linux/RM_prac/install/kinematic_control_pkg/share/kinematic_control_pkg/cmake/kinematic_control_pkg__rosidl_typesupport_introspection_cExport.cmake
-- Up-to-date: /home/anaase_linux/RM_prac/install/kinematic_control_pkg/share/kinematic_control_pkg/cmake/kinematic_control_pkg__rosidl_typesupport_introspection_cExport-noconfig.cmake
-- Up-to-date: /home/anaase_linux/RM_prac/install/kinematic_control_pkg/share/kinematic_control_pkg/cmake/kinematic_control_pkg__rosidl_typesupport_cExport.cmake
-- Up-to-date: /home/anaase_linux/RM_prac/install/kinematic_control_pkg/share/kinematic_control_pkg/cmake/kinematic_control_pkg__rosidl_typesupport_cExport-noconfig.cmake
-- Up-to-date: /home/anaase_linux/RM_prac/install/kinematic_control_pkg/share/kinematic_control_pkg/cmake/kinematic_control_pkg__rosidl_typesupport_introspection_cppExport.cmake
-- Up-to-date: /home/anaase_linux/RM_prac/install/kinematic_control_pkg/share/kinematic_control_pkg/cmake/kinematic_control_pkg__rosidl_typesupport_introspection_cppExport-noconfig.cmake
-- Up-to-date: /home/anaase_linux/RM_prac/install/kinematic_control_pkg/share/kinematic_control_pkg/cmake/kinematic_control_pkg__rosidl_typesupport_cppExport.cmake
-- Up-to-date: /home/anaase_linux/RM_prac/install/kinematic_control_pkg/share/kinematic_control_pkg/cmake/kinematic_control_pkg__rosidl_typesupport_cppExport-noconfig.cmake
-- Up-to-date: /home/anaase_linux/RM_prac/install/kinematic_control_pkg/share/kinematic_control_pkg/cmake/export_kinematic_control_pkg__rosidl_generator_pyExport.cmake
-- Up-to-date: /home/anaase_linux/RM_prac/install/kinematic_control_pkg/share/kinematic_control_pkg/cmake/export_kinematic_control_pkg__rosidl_generator_pyExport-noconfig.cmake
-- Up-to-date: /home/anaase_linux/RM_prac/install/kinematic_control_pkg/share/kinematic_control_pkg/cmake/rosidl_cmake-extras.cmake
-- Up-to-date: /home/anaase_linux/RM_prac/install/kinematic_control_pkg/share/kinematic_control_pkg/cmake/ament_cmake_export_dependencies-extras.cmake
-- Up-to-date: /home/anaase_linux/RM_prac/install/kinematic_control_pkg/share/kinematic_control_pkg/cmake/ament_cmake_export_include_directories-extras.cmake
-- Up-to-date: /home/anaase_linux/RM_prac/install/kinematic_control_pkg/share/kinematic_control_pkg/cmake/ament_cmake_export_libraries-extras.cmake
-- Up-to-date: /home/anaase_linux/RM_prac/install/kinematic_control_pkg/share/kinematic_control_pkg/cmake/ament_cmake_export_targets-extras.cmake
-- Up-to-date: /home/anaase_linux/RM_prac/install/kinematic_control_pkg/share/kinematic_control_pkg/cmake/rosidl_cmake_export_typesupport_targets-extras.cmake
-- Up-to-date: /home/anaase_linux/RM_prac/install/kinematic_control_pkg/share/kinematic_control_pkg/cmake/rosidl_cmake_export_typesupport_libraries-extras.cmake
-- Up-to-date: /home/anaase_linux/RM_prac/install/kinematic_control_pkg/share/kinematic_control_pkg/cmake/kinematic_control_pkgConfig.cmake
-- Up-to-date: /home/anaase_linux/RM_prac/install/kinematic_control_pkg/share/kinematic_control_pkg/cmake/kinematic_control_pkgConfig-version.cmake
-- Up-to-date: /home/anaase_linux/RM_prac/install/kinematic_control_pkg/share/kinematic_control_pkg/package.xml
