[0.045s] Invoking command in '/home/anaase_linux/RM_prac/build/turtlebot3_coppeliasim': CMAKE_PREFIX_PATH=${CMAKE_PREFIX_PATH}:/home/anaase_linux/RM_prac/install/turtlebot3_dqn:/opt/ros/humble /usr/bin/cmake --build /home/anaase_linux/RM_prac/build/turtlebot3_coppeliasim -- -j22 -l22
[0.281s] Invoked command in '/home/anaase_linux/RM_prac/build/turtlebot3_coppeliasim' returned '0': CMAKE_PREFIX_PATH=${CMAKE_PREFIX_PATH}:/home/anaase_linux/RM_prac/install/turtlebot3_dqn:/opt/ros/humble /usr/bin/cmake --build /home/anaase_linux/RM_prac/build/turtlebot3_coppeliasim -- -j22 -l22
[0.289s] Invoking command in '/home/anaase_linux/RM_prac/build/turtlebot3_coppeliasim': CMAKE_PREFIX_PATH=${CMAKE_PREFIX_PATH}:/home/anaase_linux/RM_prac/install/turtlebot3_dqn:/opt/ros/humble /usr/bin/cmake --install /home/anaase_linux/RM_prac/build/turtlebot3_coppeliasim
[0.310s] -- Install configuration: ""
[0.311s] -- Up-to-date: /home/anaase_linux/RM_prac/install/turtlebot3_coppeliasim/share/turtlebot3_coppeliasim/launch
[0.311s] -- Up-to-date: /home/anaase_linux/RM_prac/install/turtlebot3_coppeliasim/share/turtlebot3_coppeliasim/launch/turtlebot3_coppeliasim.launch.py
[0.311s] -- Up-to-date: /home/anaase_linux/RM_prac/install/turtlebot3_coppeliasim/share/turtlebot3_coppeliasim/launch/turtlebot3_bill_coppeliasim.launch.py
[0.311s] -- Up-to-date: /home/anaase_linux/RM_prac/install/turtlebot3_coppeliasim/share/turtlebot3_coppeliasim/launch/turtlebot3_square_path_coppeliasim.launch.py
[0.312s] -- Up-to-date: /home/anaase_linux/RM_prac/install/turtlebot3_coppeliasim/share/turtlebot3_coppeliasim/launch/turtlebot3_vfh_coppeliasim.launch.py
[0.312s] -- Up-to-date: /home/anaase_linux/RM_prac/install/turtlebot3_coppeliasim/share/turtlebot3_coppeliasim/launch/turtlebot3_coppeliasim_no_rviz2.launch.py
[0.314s] -- Up-to-date: /home/anaase_linux/RM_prac/install/turtlebot3_coppeliasim/share/turtlebot3_coppeliasim/launch/turtlebot3_infinite_trajectory_coppeliasim.launch.py
[0.314s] -- Up-to-date: /home/anaase_linux/RM_prac/install/turtlebot3_coppeliasim/share/turtlebot3_coppeliasim/launch/turtlebot3_octogonal_path_coppeliasim.launch.py
[0.314s] -- Up-to-date: /home/anaase_linux/RM_prac/install/turtlebot3_coppeliasim/share/turtlebot3_coppeliasim/launch/rviz2_map.launch.py
[0.315s] -- Up-to-date: /home/anaase_linux/RM_prac/install/turtlebot3_coppeliasim/share/turtlebot3_coppeliasim/launch/turtlebot3_coppeliasim_dqn_headless.launch.py
[0.316s] -- Up-to-date: /home/anaase_linux/RM_prac/install/turtlebot3_coppeliasim/share/turtlebot3_coppeliasim/launch/turtlebot3_coppeliasim_dqn.launch.py
[0.316s] -- Up-to-date: /home/anaase_linux/RM_prac/install/turtlebot3_coppeliasim/share/turtlebot3_coppeliasim/launch/turtlebot3_coppeliasim_map.launch.py
[0.316s] -- Up-to-date: /home/anaase_linux/RM_prac/install/turtlebot3_coppeliasim/share/turtlebot3_coppeliasim/launch/rviz2.launch.py
[0.316s] -- Up-to-date: /home/anaase_linux/RM_prac/install/turtlebot3_coppeliasim/share/turtlebot3_coppeliasim/param
[0.316s] -- Up-to-date: /home/anaase_linux/RM_prac/install/turtlebot3_coppeliasim/share/turtlebot3_coppeliasim/param/burger.yaml
[0.316s] -- Up-to-date: /home/anaase_linux/RM_prac/install/turtlebot3_coppeliasim/share/turtlebot3_coppeliasim/scenes
[0.316s] -- Installing: /home/anaase_linux/RM_prac/install/turtlebot3_coppeliasim/share/turtlebot3_coppeliasim/scenes/turtlebot3_burger_ROS2_dqn_parking.ttt
[0.379s] -- Up-to-date: /home/anaase_linux/RM_prac/install/turtlebot3_coppeliasim/share/turtlebot3_coppeliasim/scenes/parcking_dqn.ttt
[0.379s] -- Up-to-date: /home/anaase_linux/RM_prac/install/turtlebot3_coppeliasim/share/turtlebot3_coppeliasim/scenes/turtlebot3_burger_ROS2.ttt
[0.379s] -- Up-to-date: /home/anaase_linux/RM_prac/install/turtlebot3_coppeliasim/share/turtlebot3_coppeliasim/scenes/turtlebot3_burger_infinite_trajectory_ROS2.ttt
[0.379s] -- Up-to-date: /home/anaase_linux/RM_prac/install/turtlebot3_coppeliasim/share/turtlebot3_coppeliasim/scenes/turtlebot3_burger_bill_ROS2.ttt
[0.379s] -- Up-to-date: /home/anaase_linux/RM_prac/install/turtlebot3_coppeliasim/share/turtlebot3_coppeliasim/scenes/turtlebot3_burger_ROS2_dqn.ttt
[0.379s] -- Up-to-date: /home/anaase_linux/RM_prac/install/turtlebot3_coppeliasim/share/turtlebot3_coppeliasim/scenes/turtlebot3_burger_square_path_ROS2.ttt
[0.379s] -- Up-to-date: /home/anaase_linux/RM_prac/install/turtlebot3_coppeliasim/share/turtlebot3_coppeliasim/scenes/turtlebot3_burger_vfh_ROS2.ttt
[0.379s] -- Up-to-date: /home/anaase_linux/RM_prac/install/turtlebot3_coppeliasim/share/turtlebot3_coppeliasim/scenes/turtlebot3_burger_ROS2_dqn_map.ttt
[0.380s] -- Up-to-date: /home/anaase_linux/RM_prac/install/turtlebot3_coppeliasim/share/turtlebot3_coppeliasim/scenes/turtlebot3_burger_octogonal_path_ROS2.ttt
[0.380s] -- Up-to-date: /home/anaase_linux/RM_prac/install/turtlebot3_coppeliasim/share/turtlebot3_coppeliasim/scenes/turtlebot3_burger_ROS2_dqn_moving_obs.ttt
[0.381s] -- Up-to-date: /home/anaase_linux/RM_prac/install/turtlebot3_coppeliasim/share/turtlebot3_coppeliasim/scenes/turtlebot3_burger_ROS2_dqn_static_obs.ttt
[0.382s] -- Up-to-date: /home/anaase_linux/RM_prac/install/turtlebot3_coppeliasim/share/turtlebot3_coppeliasim/scenes/turtlebot3_burger_ROS2_map.ttt
[0.382s] -- Up-to-date: /home/anaase_linux/RM_prac/install/turtlebot3_coppeliasim/share/turtlebot3_coppeliasim/rviz
[0.382s] -- Up-to-date: /home/anaase_linux/RM_prac/install/turtlebot3_coppeliasim/share/turtlebot3_coppeliasim/rviz/tb3_coppeliasim.rviz
[0.383s] -- Up-to-date: /home/anaase_linux/RM_prac/install/turtlebot3_coppeliasim/share/turtlebot3_coppeliasim/rviz/tb3_coppeliasim_map.rviz
[0.383s] -- Up-to-date: /home/anaase_linux/RM_prac/install/turtlebot3_coppeliasim/share/turtlebot3_coppeliasim/urdf
[0.383s] -- Up-to-date: /home/anaase_linux/RM_prac/install/turtlebot3_coppeliasim/share/turtlebot3_coppeliasim/urdf/turtlebot3_waffle.urdf
[0.383s] -- Up-to-date: /home/anaase_linux/RM_prac/install/turtlebot3_coppeliasim/share/turtlebot3_coppeliasim/urdf/common_properties.urdf
[0.383s] -- Up-to-date: /home/anaase_linux/RM_prac/install/turtlebot3_coppeliasim/share/turtlebot3_coppeliasim/urdf/turtlebot3_waffle_pi.urdf
[0.383s] -- Up-to-date: /home/anaase_linux/RM_prac/install/turtlebot3_coppeliasim/share/turtlebot3_coppeliasim/urdf/turtlebot3_burger_cam.urdf
[0.383s] -- Up-to-date: /home/anaase_linux/RM_prac/install/turtlebot3_coppeliasim/share/turtlebot3_coppeliasim/urdf/turtlebot3_burger.urdf
[0.383s] -- Up-to-date: /home/anaase_linux/RM_prac/install/turtlebot3_coppeliasim/share/turtlebot3_coppeliasim/models
[0.383s] -- Up-to-date: /home/anaase_linux/RM_prac/install/turtlebot3_coppeliasim/share/turtlebot3_coppeliasim/models/turtlebot3_burger_cam
[0.383s] -- Up-to-date: /home/anaase_linux/RM_prac/install/turtlebot3_coppeliasim/share/turtlebot3_coppeliasim/models/turtlebot3_burger_cam/model.sdf
[0.384s] -- Up-to-date: /home/anaase_linux/RM_prac/install/turtlebot3_coppeliasim/share/turtlebot3_coppeliasim/models/turtlebot3_burger_cam/model.config
[0.384s] -- Up-to-date: /home/anaase_linux/RM_prac/install/turtlebot3_coppeliasim/share/turtlebot3_coppeliasim/models/turtlebot3_burger_cam/model-1_4.sdf
[0.384s] -- Up-to-date: /home/anaase_linux/RM_prac/install/turtlebot3_coppeliasim/share/turtlebot3_coppeliasim/models/turtlebot3_waffle
[0.384s] -- Up-to-date: /home/anaase_linux/RM_prac/install/turtlebot3_coppeliasim/share/turtlebot3_coppeliasim/models/turtlebot3_waffle/model.sdf
[0.384s] -- Up-to-date: /home/anaase_linux/RM_prac/install/turtlebot3_coppeliasim/share/turtlebot3_coppeliasim/models/turtlebot3_waffle/model.config
[0.384s] -- Up-to-date: /home/anaase_linux/RM_prac/install/turtlebot3_coppeliasim/share/turtlebot3_coppeliasim/models/turtlebot3_waffle/model-1_4.sdf
[0.384s] -- Up-to-date: /home/anaase_linux/RM_prac/install/turtlebot3_coppeliasim/share/turtlebot3_coppeliasim/models/turtlebot3_waffle_pi
[0.385s] -- Up-to-date: /home/anaase_linux/RM_prac/install/turtlebot3_coppeliasim/share/turtlebot3_coppeliasim/models/turtlebot3_waffle_pi/model.sdf
[0.385s] -- Up-to-date: /home/anaase_linux/RM_prac/install/turtlebot3_coppeliasim/share/turtlebot3_coppeliasim/models/turtlebot3_waffle_pi/model.config
[0.385s] -- Up-to-date: /home/anaase_linux/RM_prac/install/turtlebot3_coppeliasim/share/turtlebot3_coppeliasim/models/turtlebot3_waffle_pi/model-1_4_.sdf
[0.385s] -- Up-to-date: /home/anaase_linux/RM_prac/install/turtlebot3_coppeliasim/share/turtlebot3_coppeliasim/models/turtlebot3_burger
[0.385s] -- Up-to-date: /home/anaase_linux/RM_prac/install/turtlebot3_coppeliasim/share/turtlebot3_coppeliasim/models/turtlebot3_burger/model.sdf
[0.385s] -- Up-to-date: /home/anaase_linux/RM_prac/install/turtlebot3_coppeliasim/share/turtlebot3_coppeliasim/models/turtlebot3_burger/model.config
[0.385s] -- Up-to-date: /home/anaase_linux/RM_prac/install/turtlebot3_coppeliasim/share/turtlebot3_coppeliasim/models/turtlebot3_burger/model-1_4.sdf
[0.385s] -- Up-to-date: /home/anaase_linux/RM_prac/install/turtlebot3_coppeliasim/share/turtlebot3_coppeliasim/models/turtlebot3_common
[0.385s] -- Up-to-date: /home/anaase_linux/RM_prac/install/turtlebot3_coppeliasim/share/turtlebot3_coppeliasim/models/turtlebot3_common/model.config
[0.386s] -- Up-to-date: /home/anaase_linux/RM_prac/install/turtlebot3_coppeliasim/share/turtlebot3_coppeliasim/models/turtlebot3_common/meshes
[0.386s] -- Up-to-date: /home/anaase_linux/RM_prac/install/turtlebot3_coppeliasim/share/turtlebot3_coppeliasim/models/turtlebot3_common/meshes/burger_base.dae
[0.386s] -- Up-to-date: /home/anaase_linux/RM_prac/install/turtlebot3_coppeliasim/share/turtlebot3_coppeliasim/models/turtlebot3_common/meshes/waffle_base.dae
[0.386s] -- Up-to-date: /home/anaase_linux/RM_prac/install/turtlebot3_coppeliasim/share/turtlebot3_coppeliasim/models/turtlebot3_common/meshes/sensors
[0.386s] -- Up-to-date: /home/anaase_linux/RM_prac/install/turtlebot3_coppeliasim/share/turtlebot3_coppeliasim/models/turtlebot3_common/meshes/sensors/r200.jpg
[0.386s] -- Up-to-date: /home/anaase_linux/RM_prac/install/turtlebot3_coppeliasim/share/turtlebot3_coppeliasim/models/turtlebot3_common/meshes/sensors/lds.stl
[0.386s] -- Up-to-date: /home/anaase_linux/RM_prac/install/turtlebot3_coppeliasim/share/turtlebot3_coppeliasim/models/turtlebot3_common/meshes/sensors/astra.dae
[0.386s] -- Up-to-date: /home/anaase_linux/RM_prac/install/turtlebot3_coppeliasim/share/turtlebot3_coppeliasim/models/turtlebot3_common/meshes/sensors/r200.dae
[0.386s] -- Up-to-date: /home/anaase_linux/RM_prac/install/turtlebot3_coppeliasim/share/turtlebot3_coppeliasim/models/turtlebot3_common/meshes/sensors/astra.jpg
[0.386s] -- Up-to-date: /home/anaase_linux/RM_prac/install/turtlebot3_coppeliasim/share/turtlebot3_coppeliasim/models/turtlebot3_common/meshes/bases
[0.386s] -- Up-to-date: /home/anaase_linux/RM_prac/install/turtlebot3_coppeliasim/share/turtlebot3_coppeliasim/models/turtlebot3_common/meshes/bases/waffle_base.stl
[0.386s] -- Up-to-date: /home/anaase_linux/RM_prac/install/turtlebot3_coppeliasim/share/turtlebot3_coppeliasim/models/turtlebot3_common/meshes/bases/burger_base.stl
[0.386s] -- Up-to-date: /home/anaase_linux/RM_prac/install/turtlebot3_coppeliasim/share/turtlebot3_coppeliasim/models/turtlebot3_common/meshes/bases/waffle_pi_base.stl
[0.387s] -- Up-to-date: /home/anaase_linux/RM_prac/install/turtlebot3_coppeliasim/share/turtlebot3_coppeliasim/models/turtlebot3_common/meshes/wheels
[0.387s] -- Up-to-date: /home/anaase_linux/RM_prac/install/turtlebot3_coppeliasim/share/turtlebot3_coppeliasim/models/turtlebot3_common/meshes/wheels/right_tire.stl
[0.387s] -- Up-to-date: /home/anaase_linux/RM_prac/install/turtlebot3_coppeliasim/share/turtlebot3_coppeliasim/models/turtlebot3_common/meshes/wheels/left_tire.stl
[0.387s] -- Up-to-date: /home/anaase_linux/RM_prac/install/turtlebot3_coppeliasim/share/turtlebot3_coppeliasim/models/turtlebot3_common/meshes/waffle_pi_base.dae
[0.387s] -- Up-to-date: /home/anaase_linux/RM_prac/install/turtlebot3_coppeliasim/share/turtlebot3_coppeliasim/models/turtlebot3_common/meshes/tire.dae
[0.387s] -- Up-to-date: /home/anaase_linux/RM_prac/install/turtlebot3_coppeliasim/share/turtlebot3_coppeliasim/models/turtlebot3_common/meshes/lds.dae
[0.387s] -- Up-to-date: /home/anaase_linux/RM_prac/install/turtlebot3_coppeliasim/share/turtlebot3_coppeliasim/models/turtlebot3_common/meshes/r200.dae
[0.387s] -- Up-to-date: /home/anaase_linux/RM_prac/install/turtlebot3_coppeliasim/share/ament_index/resource_index/package_run_dependencies/turtlebot3_coppeliasim
[0.387s] -- Up-to-date: /home/anaase_linux/RM_prac/install/turtlebot3_coppeliasim/share/ament_index/resource_index/parent_prefix_path/turtlebot3_coppeliasim
[0.387s] -- Up-to-date: /home/anaase_linux/RM_prac/install/turtlebot3_coppeliasim/share/turtlebot3_coppeliasim/environment/ament_prefix_path.sh
[0.387s] -- Up-to-date: /home/anaase_linux/RM_prac/install/turtlebot3_coppeliasim/share/turtlebot3_coppeliasim/environment/ament_prefix_path.dsv
[0.387s] -- Up-to-date: /home/anaase_linux/RM_prac/install/turtlebot3_coppeliasim/share/turtlebot3_coppeliasim/environment/path.sh
[0.388s] -- Up-to-date: /home/anaase_linux/RM_prac/install/turtlebot3_coppeliasim/share/turtlebot3_coppeliasim/environment/path.dsv
[0.388s] -- Up-to-date: /home/anaase_linux/RM_prac/install/turtlebot3_coppeliasim/share/turtlebot3_coppeliasim/local_setup.bash
[0.388s] -- Up-to-date: /home/anaase_linux/RM_prac/install/turtlebot3_coppeliasim/share/turtlebot3_coppeliasim/local_setup.sh
[0.388s] -- Up-to-date: /home/anaase_linux/RM_prac/install/turtlebot3_coppeliasim/share/turtlebot3_coppeliasim/local_setup.zsh
[0.388s] -- Up-to-date: /home/anaase_linux/RM_prac/install/turtlebot3_coppeliasim/share/turtlebot3_coppeliasim/local_setup.dsv
[0.388s] -- Installing: /home/anaase_linux/RM_prac/install/turtlebot3_coppeliasim/share/turtlebot3_coppeliasim/package.dsv
[0.388s] -- Up-to-date: /home/anaase_linux/RM_prac/install/turtlebot3_coppeliasim/share/ament_index/resource_index/packages/turtlebot3_coppeliasim
[0.388s] -- Up-to-date: /home/anaase_linux/RM_prac/install/turtlebot3_coppeliasim/share/turtlebot3_coppeliasim/cmake/ament_cmake_export_include_directories-extras.cmake
[0.388s] -- Up-to-date: /home/anaase_linux/RM_prac/install/turtlebot3_coppeliasim/share/turtlebot3_coppeliasim/cmake/turtlebot3_coppeliasimConfig.cmake
[0.388s] -- Up-to-date: /home/anaase_linux/RM_prac/install/turtlebot3_coppeliasim/share/turtlebot3_coppeliasim/cmake/turtlebot3_coppeliasimConfig-version.cmake
[0.389s] -- Up-to-date: /home/anaase_linux/RM_prac/install/turtlebot3_coppeliasim/share/turtlebot3_coppeliasim/package.xml
[0.458s] Invoked command in '/home/anaase_linux/RM_prac/build/turtlebot3_coppeliasim' returned '0': CMAKE_PREFIX_PATH=${CMAKE_PREFIX_PATH}:/home/anaase_linux/RM_prac/install/turtlebot3_dqn:/opt/ros/humble /usr/bin/cmake --install /home/anaase_linux/RM_prac/build/turtlebot3_coppeliasim
