[0.048s] Invoking command in '/home/anaase_linux/RM_prac/build/intro_ros_pkg': CMAKE_PREFIX_PATH=${CMAKE_PREFIX_PATH}:/home/anaase_linux/RM_prac/install/turtlebot3_dqn:/opt/ros/humble /usr/bin/cmake --build /home/anaase_linux/RM_prac/build/intro_ros_pkg -- -j22 -l22
[0.313s] [ 50%] Built target subscriber
[0.314s] [100%] Built target publisher
[0.338s] Invoked command in '/home/anaase_linux/RM_prac/build/intro_ros_pkg' returned '0': CMAKE_PREFIX_PATH=${CMAKE_PREFIX_PATH}:/home/anaase_linux/RM_prac/install/turtlebot3_dqn:/opt/ros/humble /usr/bin/cmake --build /home/anaase_linux/RM_prac/build/intro_ros_pkg -- -j22 -l22
[0.341s] Invoking command in '/home/anaase_linux/RM_prac/build/intro_ros_pkg': CMAKE_PREFIX_PATH=${CMAKE_PREFIX_PATH}:/home/anaase_linux/RM_prac/install/turtlebot3_dqn:/opt/ros/humble /usr/bin/cmake --install /home/anaase_linux/RM_prac/build/intro_ros_pkg
[0.374s] -- Install configuration: ""
[0.374s] -- Up-to-date: /home/anaase_linux/RM_prac/install/intro_ros_pkg/lib/intro_ros_pkg/publisher
[0.374s] -- Up-to-date: /home/anaase_linux/RM_prac/install/intro_ros_pkg/lib/intro_ros_pkg/subscriber
[0.374s] -- Up-to-date: /home/anaase_linux/RM_prac/install/intro_ros_pkg/share/intro_ros_pkg//launch
[0.374s] -- Up-to-date: /home/anaase_linux/RM_prac/install/intro_ros_pkg/share/intro_ros_pkg//launch/intro_ros.launch.py
[0.374s] -- Up-to-date: /home/anaase_linux/RM_prac/install/intro_ros_pkg/share/intro_ros_pkg//launch/intro_ros_param.launch.py
[0.374s] -- Up-to-date: /home/anaase_linux/RM_prac/install/intro_ros_pkg/share/intro_ros_pkg//launch/intro_ros_remap.launch.py
[0.374s] -- Up-to-date: /home/anaase_linux/RM_prac/install/intro_ros_pkg/share/ament_index/resource_index/package_run_dependencies/intro_ros_pkg
[0.374s] -- Up-to-date: /home/anaase_linux/RM_prac/install/intro_ros_pkg/share/ament_index/resource_index/parent_prefix_path/intro_ros_pkg
[0.374s] -- Up-to-date: /home/anaase_linux/RM_prac/install/intro_ros_pkg/share/intro_ros_pkg/environment/ament_prefix_path.sh
[0.374s] -- Up-to-date: /home/anaase_linux/RM_prac/install/intro_ros_pkg/share/intro_ros_pkg/environment/ament_prefix_path.dsv
[0.374s] -- Up-to-date: /home/anaase_linux/RM_prac/install/intro_ros_pkg/share/intro_ros_pkg/environment/path.sh
[0.374s] -- Up-to-date: /home/anaase_linux/RM_prac/install/intro_ros_pkg/share/intro_ros_pkg/environment/path.dsv
[0.374s] -- Up-to-date: /home/anaase_linux/RM_prac/install/intro_ros_pkg/share/intro_ros_pkg/local_setup.bash
[0.374s] -- Up-to-date: /home/anaase_linux/RM_prac/install/intro_ros_pkg/share/intro_ros_pkg/local_setup.sh
[0.374s] -- Up-to-date: /home/anaase_linux/RM_prac/install/intro_ros_pkg/share/intro_ros_pkg/local_setup.zsh
[0.374s] -- Up-to-date: /home/anaase_linux/RM_prac/install/intro_ros_pkg/share/intro_ros_pkg/local_setup.dsv
[0.375s] -- Installing: /home/anaase_linux/RM_prac/install/intro_ros_pkg/share/intro_ros_pkg/package.dsv
[0.375s] -- Up-to-date: /home/anaase_linux/RM_prac/install/intro_ros_pkg/share/ament_index/resource_index/packages/intro_ros_pkg
[0.375s] -- Up-to-date: /home/anaase_linux/RM_prac/install/intro_ros_pkg/share/intro_ros_pkg/cmake/intro_ros_pkgConfig.cmake
[0.375s] -- Up-to-date: /home/anaase_linux/RM_prac/install/intro_ros_pkg/share/intro_ros_pkg/cmake/intro_ros_pkgConfig-version.cmake
[0.375s] -- Up-to-date: /home/anaase_linux/RM_prac/install/intro_ros_pkg/share/intro_ros_pkg/package.xml
[0.399s] Invoked command in '/home/anaase_linux/RM_prac/build/intro_ros_pkg' returned '0': CMAKE_PREFIX_PATH=${CMAKE_PREFIX_PATH}:/home/anaase_linux/RM_prac/install/turtlebot3_dqn:/opt/ros/humble /usr/bin/cmake --install /home/anaase_linux/RM_prac/build/intro_ros_pkg
