[0.054s] Invoking command in '/home/anaase_linux/RM_prac/build/slam_pkg': CMAKE_PREFIX_PATH=${CMAKE_PREFIX_PATH}:/home/anaase_linux/RM_prac/install/turtlebot3_dqn:/opt/ros/humble /usr/bin/cmake --build /home/anaase_linux/RM_prac/build/slam_pkg -- -j22 -l22
[0.294s] [100%] Built target amcl_odom
[0.320s] Invoked command in '/home/anaase_linux/RM_prac/build/slam_pkg' returned '0': CMAKE_PREFIX_PATH=${CMAKE_PREFIX_PATH}:/home/anaase_linux/RM_prac/install/turtlebot3_dqn:/opt/ros/humble /usr/bin/cmake --build /home/anaase_linux/RM_prac/build/slam_pkg -- -j22 -l22
[0.323s] Invoking command in '/home/anaase_linux/RM_prac/build/slam_pkg': CMAKE_PREFIX_PATH=${CMAKE_PREFIX_PATH}:/home/anaase_linux/RM_prac/install/turtlebot3_dqn:/opt/ros/humble /usr/bin/cmake --install /home/anaase_linux/RM_prac/build/slam_pkg
[0.351s] -- Install configuration: ""
[0.351s] -- Up-to-date: /home/anaase_linux/RM_prac/install/slam_pkg/lib/slam_pkg/amcl_odom
[0.351s] -- Up-to-date: /home/anaase_linux/RM_prac/install/slam_pkg/share/slam_pkg/launch
[0.351s] -- Up-to-date: /home/anaase_linux/RM_prac/install/slam_pkg/share/slam_pkg/launch/cartographer.launch.py
[0.351s] -- Up-to-date: /home/anaase_linux/RM_prac/install/slam_pkg/share/slam_pkg/launch/localization.launch.py
[0.351s] -- Up-to-date: /home/anaase_linux/RM_prac/install/slam_pkg/share/ament_index/resource_index/package_run_dependencies/slam_pkg
[0.351s] -- Up-to-date: /home/anaase_linux/RM_prac/install/slam_pkg/share/ament_index/resource_index/parent_prefix_path/slam_pkg
[0.351s] -- Up-to-date: /home/anaase_linux/RM_prac/install/slam_pkg/share/slam_pkg/environment/ament_prefix_path.sh
[0.351s] -- Up-to-date: /home/anaase_linux/RM_prac/install/slam_pkg/share/slam_pkg/environment/ament_prefix_path.dsv
[0.352s] -- Up-to-date: /home/anaase_linux/RM_prac/install/slam_pkg/share/slam_pkg/environment/path.sh
[0.352s] -- Up-to-date: /home/anaase_linux/RM_prac/install/slam_pkg/share/slam_pkg/environment/path.dsv
[0.352s] -- Up-to-date: /home/anaase_linux/RM_prac/install/slam_pkg/share/slam_pkg/local_setup.bash
[0.352s] -- Up-to-date: /home/anaase_linux/RM_prac/install/slam_pkg/share/slam_pkg/local_setup.sh
[0.352s] -- Up-to-date: /home/anaase_linux/RM_prac/install/slam_pkg/share/slam_pkg/local_setup.zsh
[0.352s] -- Up-to-date: /home/anaase_linux/RM_prac/install/slam_pkg/share/slam_pkg/local_setup.dsv
[0.352s] -- Installing: /home/anaase_linux/RM_prac/install/slam_pkg/share/slam_pkg/package.dsv
[0.352s] -- Up-to-date: /home/anaase_linux/RM_prac/install/slam_pkg/share/ament_index/resource_index/packages/slam_pkg
[0.352s] -- Up-to-date: /home/anaase_linux/RM_prac/install/slam_pkg/share/slam_pkg/cmake/slam_pkgConfig.cmake
[0.352s] -- Up-to-date: /home/anaase_linux/RM_prac/install/slam_pkg/share/slam_pkg/cmake/slam_pkgConfig-version.cmake
[0.352s] -- Up-to-date: /home/anaase_linux/RM_prac/install/slam_pkg/share/slam_pkg/package.xml
[0.389s] Invoked command in '/home/anaase_linux/RM_prac/build/slam_pkg' returned '0': CMAKE_PREFIX_PATH=${CMAKE_PREFIX_PATH}:/home/anaase_linux/RM_prac/install/turtlebot3_dqn:/opt/ros/humble /usr/bin/cmake --install /home/anaase_linux/RM_prac/build/slam_pkg
