[0.061s] Invoking command in '/home/anaase_linux/RM_prac/build/maintenance_mode_pkg': CMAKE_PREFIX_PATH=${CMAKE_PREFIX_PATH}:/home/anaase_linux/RM_prac/install/turtlebot3_dqn:/opt/ros/humble /usr/bin/cmake --build /home/anaase_linux/RM_prac/build/maintenance_mode_pkg -- -j22 -l22
[0.318s] [35m[1mConsolidate compiler generated dependencies of target maintenance_mode[0m
[0.318s] [100%] Built target maintenance_mode
[0.348s] Invoked command in '/home/anaase_linux/RM_prac/build/maintenance_mode_pkg' returned '0': CMAKE_PREFIX_PATH=${CMAKE_PREFIX_PATH}:/home/anaase_linux/RM_prac/install/turtlebot3_dqn:/opt/ros/humble /usr/bin/cmake --build /home/anaase_linux/RM_prac/build/maintenance_mode_pkg -- -j22 -l22
[0.353s] Invoking command in '/home/anaase_linux/RM_prac/build/maintenance_mode_pkg': CMAKE_PREFIX_PATH=${CMAKE_PREFIX_PATH}:/home/anaase_linux/RM_prac/install/turtlebot3_dqn:/opt/ros/humble /usr/bin/cmake --install /home/anaase_linux/RM_prac/build/maintenance_mode_pkg
[0.383s] -- Install configuration: ""
[0.383s] -- Up-to-date: /home/anaase_linux/RM_prac/install/maintenance_mode_pkg/lib/maintenance_mode_pkg/maintenance_mode
[0.383s] -- Up-to-date: /home/anaase_linux/RM_prac/install/maintenance_mode_pkg/share/ament_index/resource_index/package_run_dependencies/maintenance_mode_pkg
[0.383s] -- Up-to-date: /home/anaase_linux/RM_prac/install/maintenance_mode_pkg/share/ament_index/resource_index/parent_prefix_path/maintenance_mode_pkg
[0.384s] -- Up-to-date: /home/anaase_linux/RM_prac/install/maintenance_mode_pkg/share/maintenance_mode_pkg/environment/ament_prefix_path.sh
[0.384s] -- Up-to-date: /home/anaase_linux/RM_prac/install/maintenance_mode_pkg/share/maintenance_mode_pkg/environment/ament_prefix_path.dsv
[0.384s] -- Up-to-date: /home/anaase_linux/RM_prac/install/maintenance_mode_pkg/share/maintenance_mode_pkg/environment/path.sh
[0.384s] -- Up-to-date: /home/anaase_linux/RM_prac/install/maintenance_mode_pkg/share/maintenance_mode_pkg/environment/path.dsv
[0.384s] -- Up-to-date: /home/anaase_linux/RM_prac/install/maintenance_mode_pkg/share/maintenance_mode_pkg/local_setup.bash
[0.384s] -- Up-to-date: /home/anaase_linux/RM_prac/install/maintenance_mode_pkg/share/maintenance_mode_pkg/local_setup.sh
[0.384s] -- Up-to-date: /home/anaase_linux/RM_prac/install/maintenance_mode_pkg/share/maintenance_mode_pkg/local_setup.zsh
[0.384s] -- Up-to-date: /home/anaase_linux/RM_prac/install/maintenance_mode_pkg/share/maintenance_mode_pkg/local_setup.dsv
[0.384s] -- Installing: /home/anaase_linux/RM_prac/install/maintenance_mode_pkg/share/maintenance_mode_pkg/package.dsv
[0.384s] -- Up-to-date: /home/anaase_linux/RM_prac/install/maintenance_mode_pkg/share/ament_index/resource_index/packages/maintenance_mode_pkg
[0.384s] -- Up-to-date: /home/anaase_linux/RM_prac/install/maintenance_mode_pkg/share/maintenance_mode_pkg/cmake/maintenance_mode_pkgConfig.cmake
[0.384s] -- Up-to-date: /home/anaase_linux/RM_prac/install/maintenance_mode_pkg/share/maintenance_mode_pkg/cmake/maintenance_mode_pkgConfig-version.cmake
[0.385s] -- Up-to-date: /home/anaase_linux/RM_prac/install/maintenance_mode_pkg/share/maintenance_mode_pkg/package.xml
[0.440s] Invoked command in '/home/anaase_linux/RM_prac/build/maintenance_mode_pkg' returned '0': CMAKE_PREFIX_PATH=${CMAKE_PREFIX_PATH}:/home/anaase_linux/RM_prac/install/turtlebot3_dqn:/opt/ros/humble /usr/bin/cmake --install /home/anaase_linux/RM_prac/build/maintenance_mode_pkg
