[0.641s] Invoking command in '/home/anaase_linux/RM_prac/build/turtlebot3_dqn': PYTHONPATH=/home/anaase_linux/RM_prac/build/turtlebot3_dqn/prefix_override:/usr/lib/python3/dist-packages/colcon_core/task/python/colcon_distutils_commands:/home/anaase_linux/RM_prac/install/turtlebot3_dqn/lib/python3.10/site-packages:${PYTHONPATH} /usr/bin/python3 -W ignore:setup.py install is deprecated -W ignore:easy_install command is deprecated setup.py develop --uninstall --editable --build-directory /home/anaase_linux/RM_prac/build/turtlebot3_dqn/build
[0.805s] running develop
[0.895s] Removing /home/anaase_linux/RM_prac/install/turtlebot3_dqn/lib/python3.10/site-packages/turtlebot3-dqn.egg-link (link to .)
[0.927s] Invoked command in '/home/anaase_linux/RM_prac/build/turtlebot3_dqn' returned '0': PYTHONPATH=/home/anaase_linux/RM_prac/build/turtlebot3_dqn/prefix_override:/usr/lib/python3/dist-packages/colcon_core/task/python/colcon_distutils_commands:/home/anaase_linux/RM_prac/install/turtlebot3_dqn/lib/python3.10/site-packages:${PYTHONPATH} /usr/bin/python3 -W ignore:setup.py install is deprecated -W ignore:easy_install command is deprecated setup.py develop --uninstall --editable --build-directory /home/anaase_linux/RM_prac/build/turtlebot3_dqn/build
[0.929s] Invoking command in '/home/anaase_linux/RM_prac/src/turtlebot3_dqn': PYTHONPATH=/home/anaase_linux/RM_prac/build/turtlebot3_dqn/prefix_override:/usr/lib/python3/dist-packages/colcon_core/task/python/colcon_distutils_commands:/home/anaase_linux/RM_prac/install/turtlebot3_dqn/lib/python3.10/site-packages:${PYTHONPATH} /usr/bin/python3 -W ignore:setup.py install is deprecated -W ignore:easy_install command is deprecated setup.py egg_info --egg-base ../../build/turtlebot3_dqn build --build-base /home/anaase_linux/RM_prac/build/turtlebot3_dqn/build install --record /home/anaase_linux/RM_prac/build/turtlebot3_dqn/install.log --single-version-externally-managed install_data --force
[1.081s] running egg_info
[1.081s] writing ../../build/turtlebot3_dqn/turtlebot3_dqn.egg-info/PKG-INFO
[1.082s] writing dependency_links to ../../build/turtlebot3_dqn/turtlebot3_dqn.egg-info/dependency_links.txt
[1.082s] writing entry points to ../../build/turtlebot3_dqn/turtlebot3_dqn.egg-info/entry_points.txt
[1.082s] writing requirements to ../../build/turtlebot3_dqn/turtlebot3_dqn.egg-info/requires.txt
[1.082s] writing top-level names to ../../build/turtlebot3_dqn/turtlebot3_dqn.egg-info/top_level.txt
[1.083s] reading manifest file '../../build/turtlebot3_dqn/turtlebot3_dqn.egg-info/SOURCES.txt'
[1.084s] writing manifest file '../../build/turtlebot3_dqn/turtlebot3_dqn.egg-info/SOURCES.txt'
[1.084s] running build
[1.084s] running build_py
[1.085s] copying turtlebot3_dqn/dqn_environment.py -> /home/anaase_linux/RM_prac/build/turtlebot3_dqn/build/lib/turtlebot3_dqn
[1.085s] running install
[1.085s] running install_lib
[1.086s] creating /home/anaase_linux/RM_prac/install/turtlebot3_dqn/lib/python3.10/site-packages/turtlebot3_dqn
[1.086s] copying /home/anaase_linux/RM_prac/build/turtlebot3_dqn/build/lib/turtlebot3_dqn/__init__.py -> /home/anaase_linux/RM_prac/install/turtlebot3_dqn/lib/python3.10/site-packages/turtlebot3_dqn
[1.086s] copying /home/anaase_linux/RM_prac/build/turtlebot3_dqn/build/lib/turtlebot3_dqn/action_graph.py -> /home/anaase_linux/RM_prac/install/turtlebot3_dqn/lib/python3.10/site-packages/turtlebot3_dqn
[1.086s] copying /home/anaase_linux/RM_prac/build/turtlebot3_dqn/build/lib/turtlebot3_dqn/dqn_environment.py -> /home/anaase_linux/RM_prac/install/turtlebot3_dqn/lib/python3.10/site-packages/turtlebot3_dqn
[1.087s] copying /home/anaase_linux/RM_prac/build/turtlebot3_dqn/build/lib/turtlebot3_dqn/result_graph.py -> /home/anaase_linux/RM_prac/install/turtlebot3_dqn/lib/python3.10/site-packages/turtlebot3_dqn
[1.087s] copying /home/anaase_linux/RM_prac/build/turtlebot3_dqn/build/lib/turtlebot3_dqn/dqn_coppeliasim.py -> /home/anaase_linux/RM_prac/install/turtlebot3_dqn/lib/python3.10/site-packages/turtlebot3_dqn
[1.087s] copying /home/anaase_linux/RM_prac/build/turtlebot3_dqn/build/lib/turtlebot3_dqn/dqn_agent.py -> /home/anaase_linux/RM_prac/install/turtlebot3_dqn/lib/python3.10/site-packages/turtlebot3_dqn
[1.088s] copying /home/anaase_linux/RM_prac/build/turtlebot3_dqn/build/lib/turtlebot3_dqn/dqn_test.py -> /home/anaase_linux/RM_prac/install/turtlebot3_dqn/lib/python3.10/site-packages/turtlebot3_dqn
[1.088s] copying /home/anaase_linux/RM_prac/build/turtlebot3_dqn/build/lib/turtlebot3_dqn/dqn_gazebo.py -> /home/anaase_linux/RM_prac/install/turtlebot3_dqn/lib/python3.10/site-packages/turtlebot3_dqn
[1.088s] byte-compiling /home/anaase_linux/RM_prac/install/turtlebot3_dqn/lib/python3.10/site-packages/turtlebot3_dqn/__init__.py to __init__.cpython-310.pyc
[1.089s] byte-compiling /home/anaase_linux/RM_prac/install/turtlebot3_dqn/lib/python3.10/site-packages/turtlebot3_dqn/action_graph.py to action_graph.cpython-310.pyc
[1.090s] byte-compiling /home/anaase_linux/RM_prac/install/turtlebot3_dqn/lib/python3.10/site-packages/turtlebot3_dqn/dqn_environment.py to dqn_environment.cpython-310.pyc
[1.090s] Sorry: IndentationError: unindent does not match any outer indentation level (dqn_environment.py, line 135)
[1.090s] byte-compiling /home/anaase_linux/RM_prac/install/turtlebot3_dqn/lib/python3.10/site-packages/turtlebot3_dqn/result_graph.py to result_graph.cpython-310.pyc
[1.091s] byte-compiling /home/anaase_linux/RM_prac/install/turtlebot3_dqn/lib/python3.10/site-packages/turtlebot3_dqn/dqn_coppeliasim.py to dqn_coppeliasim.cpython-310.pyc
[1.091s] byte-compiling /home/anaase_linux/RM_prac/install/turtlebot3_dqn/lib/python3.10/site-packages/turtlebot3_dqn/dqn_agent.py to dqn_agent.cpython-310.pyc
[1.093s] byte-compiling /home/anaase_linux/RM_prac/install/turtlebot3_dqn/lib/python3.10/site-packages/turtlebot3_dqn/dqn_test.py to dqn_test.cpython-310.pyc
[1.093s] byte-compiling /home/anaase_linux/RM_prac/install/turtlebot3_dqn/lib/python3.10/site-packages/turtlebot3_dqn/dqn_gazebo.py to dqn_gazebo.cpython-310.pyc
[1.094s] running install_data
[1.094s] copying resource/turtlebot3_dqn -> /home/anaase_linux/RM_prac/install/turtlebot3_dqn/share/ament_index/resource_index/packages
[1.094s] copying package.xml -> /home/anaase_linux/RM_prac/install/turtlebot3_dqn/share/turtlebot3_dqn
[1.094s] running install_egg_info
[1.096s] Copying ../../build/turtlebot3_dqn/turtlebot3_dqn.egg-info to /home/anaase_linux/RM_prac/install/turtlebot3_dqn/lib/python3.10/site-packages/turtlebot3_dqn-1.0.3-py3.10.egg-info
[1.097s] running install_scripts
[1.112s] Installing action_graph script to /home/anaase_linux/RM_prac/install/turtlebot3_dqn/lib/turtlebot3_dqn
[1.113s] Installing dqn_agent script to /home/anaase_linux/RM_prac/install/turtlebot3_dqn/lib/turtlebot3_dqn
[1.113s] Installing dqn_coppeliasim script to /home/anaase_linux/RM_prac/install/turtlebot3_dqn/lib/turtlebot3_dqn
[1.113s] Installing dqn_environment script to /home/anaase_linux/RM_prac/install/turtlebot3_dqn/lib/turtlebot3_dqn
[1.113s] Installing dqn_gazebo script to /home/anaase_linux/RM_prac/install/turtlebot3_dqn/lib/turtlebot3_dqn
[1.114s] Installing dqn_test script to /home/anaase_linux/RM_prac/install/turtlebot3_dqn/lib/turtlebot3_dqn
[1.114s] Installing result_graph script to /home/anaase_linux/RM_prac/install/turtlebot3_dqn/lib/turtlebot3_dqn
[1.114s] writing list of installed files to '/home/anaase_linux/RM_prac/build/turtlebot3_dqn/install.log'
[1.139s] Invoked command in '/home/anaase_linux/RM_prac/src/turtlebot3_dqn' returned '0': PYTHONPATH=/home/anaase_linux/RM_prac/build/turtlebot3_dqn/prefix_override:/usr/lib/python3/dist-packages/colcon_core/task/python/colcon_distutils_commands:/home/anaase_linux/RM_prac/install/turtlebot3_dqn/lib/python3.10/site-packages:${PYTHONPATH} /usr/bin/python3 -W ignore:setup.py install is deprecated -W ignore:easy_install command is deprecated setup.py egg_info --egg-base ../../build/turtlebot3_dqn build --build-base /home/anaase_linux/RM_prac/build/turtlebot3_dqn/build install --record /home/anaase_linux/RM_prac/build/turtlebot3_dqn/install.log --single-version-externally-managed install_data --force
