[0.041s] Invoking command in '/home/anaase_linux/RM_prac/build/ros2_vfh': CMAKE_PREFIX_PATH=${CMAKE_PREFIX_PATH}:/home/anaase_linux/RM_prac/install/turtlebot3_dqn:/opt/ros/humble /usr/bin/cmake /home/anaase_linux/RM_prac/src/ros2_vfh -DCMAKE_INSTALL_PREFIX=/home/anaase_linux/RM_prac/install/ros2_vfh
[0.279s] -- The C compiler identification is GNU 11.4.0
[0.694s] -- The CXX compiler identification is GNU 11.4.0
[0.938s] -- Detecting C compiler ABI info
[1.063s] -- Detecting C compiler ABI info - done
[1.067s] -- Check for working C compiler: /usr/bin/cc - skipped
[1.067s] -- Detecting C compile features
[1.067s] -- Detecting C compile features - done
[1.069s] -- Detecting CXX compiler ABI info
[1.180s] -- Detecting CXX compiler ABI info - done
[1.184s] -- Check for working CXX compiler: /usr/bin/c++ - skipped
[1.185s] -- Detecting CXX compile features
[1.185s] -- Detecting CXX compile features - done
[1.187s] -- Found ament_cmake: 1.3.14 (/opt/ros/humble/share/ament_cmake/cmake)
[1.345s] -- Found Python3: /usr/bin/python3 (found version "3.10.12") found components: Interpreter 
[1.418s] -- Found rclcpp: 16.0.19 (/opt/ros/humble/share/rclcpp/cmake)
[1.592s] -- Found rosidl_generator_c: 3.1.8 (/opt/ros/humble/share/rosidl_generator_c/cmake)
[1.599s] -- Found rosidl_adapter: 3.1.8 (/opt/ros/humble/share/rosidl_adapter/cmake)
[1.612s] -- Found rosidl_generator_cpp: 3.1.8 (/opt/ros/humble/share/rosidl_generator_cpp/cmake)
[1.636s] -- Using all available rosidl_typesupport_c: rosidl_typesupport_fastrtps_c;rosidl_typesupport_introspection_c
[1.660s] -- Using all available rosidl_typesupport_cpp: rosidl_typesupport_fastrtps_cpp;rosidl_typesupport_introspection_cpp
[1.725s] -- Found rmw_implementation_cmake: 6.1.2 (/opt/ros/humble/share/rmw_implementation_cmake/cmake)
[1.730s] -- Found rmw_fastrtps_cpp: 6.2.10 (/opt/ros/humble/share/rmw_fastrtps_cpp/cmake)
[2.352s] -- Found OpenSSL: /usr/lib/x86_64-linux-gnu/libcrypto.so (found version "3.0.2")  
[2.948s] -- Found FastRTPS: /opt/ros/humble/include  
[4.107s] -- Using RMW implementation 'rmw_fastrtps_cpp' as default
[4.111s] -- Looking for pthread.h
[4.218s] -- Looking for pthread.h - found
[4.219s] -- Performing Test CMAKE_HAVE_LIBC_PTHREAD
[4.321s] -- Performing Test CMAKE_HAVE_LIBC_PTHREAD - Success
[4.322s] -- Found Threads: TRUE  
[4.359s] -- Found tf2: 0.25.20 (/opt/ros/humble/share/tf2/cmake)
[4.373s] -- Found tf2_geometry_msgs: 0.25.20 (/opt/ros/humble/share/tf2_geometry_msgs/cmake)
[4.405s] -- Found eigen3_cmake_module: 0.1.1 (/opt/ros/humble/share/eigen3_cmake_module/cmake)
[4.406s] -- Found Eigen3: TRUE (found version "3.4.0") 
[4.406s] -- Ensuring Eigen3 include directory is part of orocos-kdl CMake target
[4.462s] -- Found sensor_msgs: 4.9.1 (/opt/ros/humble/share/sensor_msgs/cmake)
[4.475s] -- Found visualization_msgs: 4.9.1 (/opt/ros/humble/share/visualization_msgs/cmake)
[4.497s] -- Found std_srvs: 4.9.1 (/opt/ros/humble/share/std_srvs/cmake)
[4.503s] -- Found nav_msgs: 4.9.1 (/opt/ros/humble/share/nav_msgs/cmake)
[4.570s] -- Configuring done
[4.582s] -- Generating done
[4.586s] -- Build files have been written to: /home/anaase_linux/RM_prac/build/ros2_vfh
[4.597s] Invoked command in '/home/anaase_linux/RM_prac/build/ros2_vfh' returned '0': CMAKE_PREFIX_PATH=${CMAKE_PREFIX_PATH}:/home/anaase_linux/RM_prac/install/turtlebot3_dqn:/opt/ros/humble /usr/bin/cmake /home/anaase_linux/RM_prac/src/ros2_vfh -DCMAKE_INSTALL_PREFIX=/home/anaase_linux/RM_prac/install/ros2_vfh
[4.600s] Invoking command in '/home/anaase_linux/RM_prac/build/ros2_vfh': CMAKE_PREFIX_PATH=${CMAKE_PREFIX_PATH}:/home/anaase_linux/RM_prac/install/turtlebot3_dqn:/opt/ros/humble /usr/bin/cmake --build /home/anaase_linux/RM_prac/build/ros2_vfh -- -j22 -l22
[4.642s] [ 33%] [32mBuilding CXX object CMakeFiles/vfh_node.dir/src/vfh_node.cpp.o[0m
[4.642s] [ 66%] [32mBuilding CXX object CMakeFiles/vfh_node.dir/src/vfh_algorithm.cpp.o[0m
[23.827s] [100%] [32m[1mLinking CXX executable vfh_node[0m
[24.525s] [100%] Built target vfh_node
[24.540s] Invoked command in '/home/anaase_linux/RM_prac/build/ros2_vfh' returned '0': CMAKE_PREFIX_PATH=${CMAKE_PREFIX_PATH}:/home/anaase_linux/RM_prac/install/turtlebot3_dqn:/opt/ros/humble /usr/bin/cmake --build /home/anaase_linux/RM_prac/build/ros2_vfh -- -j22 -l22
[24.543s] Invoking command in '/home/anaase_linux/RM_prac/build/ros2_vfh': CMAKE_PREFIX_PATH=${CMAKE_PREFIX_PATH}:/home/anaase_linux/RM_prac/install/turtlebot3_dqn:/opt/ros/humble /usr/bin/cmake --install /home/anaase_linux/RM_prac/build/ros2_vfh
[24.548s] -- Install configuration: ""
[24.549s] -- Installing: /home/anaase_linux/RM_prac/install/ros2_vfh/lib/ros2_vfh/vfh_node
[24.553s] -- Set runtime path of "/home/anaase_linux/RM_prac/install/ros2_vfh/lib/ros2_vfh/vfh_node" to ""
[24.553s] -- Installing: /home/anaase_linux/RM_prac/install/ros2_vfh/share/ros2_vfh/launch
[24.555s] -- Installing: /home/anaase_linux/RM_prac/install/ros2_vfh/share/ros2_vfh/launch/vfh_coppeliasim.launch.py
[24.555s] -- Installing: /home/anaase_linux/RM_prac/install/ros2_vfh/share/ros2_vfh/launch/rviz2_odom.launch.py
[24.556s] -- Installing: /home/anaase_linux/RM_prac/install/ros2_vfh/share/ros2_vfh/launch/vfh.launch.py
[24.556s] -- Installing: /home/anaase_linux/RM_prac/install/ros2_vfh/share/ros2_vfh/launch/rviz2_map.launch.py
[24.556s] -- Installing: /home/anaase_linux/RM_prac/install/ros2_vfh/share/ros2_vfh/launch/vfh_no_wandering.launch.py
[24.557s] -- Installing: /home/anaase_linux/RM_prac/install/ros2_vfh/share/ros2_vfh/rviz
[24.558s] -- Installing: /home/anaase_linux/RM_prac/install/ros2_vfh/share/ros2_vfh/rviz/vfh_odom.rviz
[24.558s] -- Installing: /home/anaase_linux/RM_prac/install/ros2_vfh/share/ros2_vfh/rviz/vfh_map.rviz
[24.558s] -- Installing: /home/anaase_linux/RM_prac/install/ros2_vfh/share/ros2_vfh/rviz/tb3_map.rviz
[24.559s] -- Installing: /home/anaase_linux/RM_prac/install/ros2_vfh/share/ros2_vfh/rviz/tb3_odom.rviz
[24.560s] -- Installing: /home/anaase_linux/RM_prac/install/ros2_vfh/share/ament_index/resource_index/package_run_dependencies/ros2_vfh
[24.560s] -- Installing: /home/anaase_linux/RM_prac/install/ros2_vfh/share/ament_index/resource_index/parent_prefix_path/ros2_vfh
[24.560s] -- Installing: /home/anaase_linux/RM_prac/install/ros2_vfh/share/ros2_vfh/environment/ament_prefix_path.sh
[24.560s] -- Installing: /home/anaase_linux/RM_prac/install/ros2_vfh/share/ros2_vfh/environment/ament_prefix_path.dsv
[24.560s] -- Installing: /home/anaase_linux/RM_prac/install/ros2_vfh/share/ros2_vfh/environment/path.sh
[24.560s] -- Installing: /home/anaase_linux/RM_prac/install/ros2_vfh/share/ros2_vfh/environment/path.dsv
[24.561s] -- Installing: /home/anaase_linux/RM_prac/install/ros2_vfh/share/ros2_vfh/local_setup.bash
[24.561s] -- Installing: /home/anaase_linux/RM_prac/install/ros2_vfh/share/ros2_vfh/local_setup.sh
[24.561s] -- Installing: /home/anaase_linux/RM_prac/install/ros2_vfh/share/ros2_vfh/local_setup.zsh
[24.561s] -- Installing: /home/anaase_linux/RM_prac/install/ros2_vfh/share/ros2_vfh/local_setup.dsv
[24.562s] -- Installing: /home/anaase_linux/RM_prac/install/ros2_vfh/share/ros2_vfh/package.dsv
[24.562s] -- Installing: /home/anaase_linux/RM_prac/install/ros2_vfh/share/ament_index/resource_index/packages/ros2_vfh
[24.562s] -- Installing: /home/anaase_linux/RM_prac/install/ros2_vfh/share/ros2_vfh/cmake/ros2_vfhConfig.cmake
[24.562s] -- Installing: /home/anaase_linux/RM_prac/install/ros2_vfh/share/ros2_vfh/cmake/ros2_vfhConfig-version.cmake
[24.562s] -- Installing: /home/anaase_linux/RM_prac/install/ros2_vfh/share/ros2_vfh/package.xml
[24.565s] Invoked command in '/home/anaase_linux/RM_prac/build/ros2_vfh' returned '0': CMAKE_PREFIX_PATH=${CMAKE_PREFIX_PATH}:/home/anaase_linux/RM_prac/install/turtlebot3_dqn:/opt/ros/humble /usr/bin/cmake --install /home/anaase_linux/RM_prac/build/ros2_vfh
